[0.041s] Invoking command in '/home/swarmmaster/thesis_ws/build/box_bot_tutorials': CMAKE_PREFIX_PATH=${CMAKE_PREFIX_PATH}:/home/swarmmaster/thesis_ws/install/linorobot2_description:/home/swarmmaster/ros2_ws/install/my_robot_controller:/opt/ros/humble /usr/bin/cmake --build /home/swarmmaster/thesis_ws/build/box_bot_tutorials -- -j4 -l4
[0.097s] Invoked command in '/home/swarmmaster/thesis_ws/build/box_bot_tutorials' returned '0': CMAKE_PREFIX_PATH=${CMAKE_PREFIX_PATH}:/home/swarmmaster/thesis_ws/install/linorobot2_description:/home/swarmmaster/ros2_ws/install/my_robot_controller:/opt/ros/humble /usr/bin/cmake --build /home/swarmmaster/thesis_ws/build/box_bot_tutorials -- -j4 -l4
[0.135s] Invoking command in '/home/swarmmaster/thesis_ws/build/box_bot_tutorials': CMAKE_PREFIX_PATH=${CMAKE_PREFIX_PATH}:/home/swarmmaster/thesis_ws/install/linorobot2_description:/home/swarmmaster/ros2_ws/install/my_robot_controller:/opt/ros/humble /usr/bin/cmake --install /home/swarmmaster/thesis_ws/build/box_bot_tutorials
[0.144s] -- Install configuration: ""
[0.144s] -- Execute custom install script
[0.145s] -- Up-to-date symlink: /home/swarmmaster/thesis_ws/install/box_bot_tutorials/share/box_bot_tutorials//launch/box_bot_tut_talker_launch.py
[0.145s] -- Up-to-date symlink: /home/swarmmaster/thesis_ws/install/box_bot_tutorials/lib/box_bot_tutorials/talker.py
[0.145s] -- Up-to-date symlink: /home/swarmmaster/thesis_ws/install/box_bot_tutorials/share/ament_index/resource_index/package_run_dependencies/box_bot_tutorials
[0.145s] -- Up-to-date symlink: /home/swarmmaster/thesis_ws/install/box_bot_tutorials/share/ament_index/resource_index/parent_prefix_path/box_bot_tutorials
[0.145s] -- Up-to-date symlink: /home/swarmmaster/thesis_ws/install/box_bot_tutorials/share/box_bot_tutorials/environment/ament_prefix_path.sh
[0.146s] -- Up-to-date symlink: /home/swarmmaster/thesis_ws/install/box_bot_tutorials/share/box_bot_tutorials/environment/ament_prefix_path.dsv
[0.146s] -- Up-to-date symlink: /home/swarmmaster/thesis_ws/install/box_bot_tutorials/share/box_bot_tutorials/environment/path.sh
[0.146s] -- Up-to-date symlink: /home/swarmmaster/thesis_ws/install/box_bot_tutorials/share/box_bot_tutorials/environment/path.dsv
[0.146s] -- Up-to-date symlink: /home/swarmmaster/thesis_ws/install/box_bot_tutorials/share/box_bot_tutorials/local_setup.bash
[0.147s] -- Up-to-date symlink: /home/swarmmaster/thesis_ws/install/box_bot_tutorials/share/box_bot_tutorials/local_setup.sh
[0.147s] -- Up-to-date symlink: /home/swarmmaster/thesis_ws/install/box_bot_tutorials/share/box_bot_tutorials/local_setup.zsh
[0.147s] -- Up-to-date symlink: /home/swarmmaster/thesis_ws/install/box_bot_tutorials/share/box_bot_tutorials/local_setup.dsv
[0.147s] -- Symlinking: /home/swarmmaster/thesis_ws/install/box_bot_tutorials/share/box_bot_tutorials/package.dsv
[0.159s] -- Up-to-date symlink: /home/swarmmaster/thesis_ws/install/box_bot_tutorials/share/ament_index/resource_index/packages/box_bot_tutorials
[0.159s] -- Up-to-date symlink: /home/swarmmaster/thesis_ws/install/box_bot_tutorials/share/box_bot_tutorials/cmake/box_bot_tutorialsConfig.cmake
[0.159s] -- Up-to-date symlink: /home/swarmmaster/thesis_ws/install/box_bot_tutorials/share/box_bot_tutorials/cmake/box_bot_tutorialsConfig-version.cmake
[0.159s] -- Up-to-date symlink: /home/swarmmaster/thesis_ws/install/box_bot_tutorials/share/box_bot_tutorials/package.xml
[0.165s] Invoked command in '/home/swarmmaster/thesis_ws/build/box_bot_tutorials' returned '0': CMAKE_PREFIX_PATH=${CMAKE_PREFIX_PATH}:/home/swarmmaster/thesis_ws/install/linorobot2_description:/home/swarmmaster/ros2_ws/install/my_robot_controller:/opt/ros/humble /usr/bin/cmake --install /home/swarmmaster/thesis_ws/build/box_bot_tutorials
