[0.034s] Invoking command in '/home/swarmmaster/thesis_ws/build/linorobot2_bringup': CMAKE_PREFIX_PATH=${CMAKE_PREFIX_PATH}:/home/swarmmaster/thesis_ws/install/multi_spawner:/home/swarmmaster/thesis_ws/install/multi_launcher:/home/swarmmaster/ros2_ws/install/my_robot_controller:/opt/ros/humble /usr/bin/cmake /home/swarmmaster/thesis_ws/src/linorobot2/linorobot2_bringup -DCMAKE_INSTALL_PREFIX=/home/swarmmaster/thesis_ws/install/linorobot2_bringup
[0.126s] -- The C compiler identification is GNU 11.3.0
[0.198s] -- The CXX compiler identification is GNU 11.3.0
[0.207s] -- Detecting C compiler ABI info
[0.310s] -- Detecting C compiler ABI info - done
[0.319s] -- Check for working C compiler: /usr/bin/cc - skipped
[0.319s] -- Detecting C compile features
[0.320s] -- Detecting C compile features - done
[0.324s] -- Detecting CXX compiler ABI info
[0.429s] -- Detecting CXX compiler ABI info - done
[0.439s] -- Check for working CXX compiler: /usr/bin/c++ - skipped
[0.439s] -- Detecting CXX compile features
[0.440s] -- Detecting CXX compile features - done
[0.445s] -- Found ament_cmake: 1.3.4 (/opt/ros/humble/share/ament_cmake/cmake)
[0.705s] -- Found Python3: /usr/bin/python3.10 (found version "3.10.6") found components: Interpreter 
[0.963s] -- Configuring done
[0.964s] -- Generating done
[0.965s] -- Build files have been written to: /home/swarmmaster/thesis_ws/build/linorobot2_bringup
[0.990s] Invoked command in '/home/swarmmaster/thesis_ws/build/linorobot2_bringup' returned '0': CMAKE_PREFIX_PATH=${CMAKE_PREFIX_PATH}:/home/swarmmaster/thesis_ws/install/multi_spawner:/home/swarmmaster/thesis_ws/install/multi_launcher:/home/swarmmaster/ros2_ws/install/my_robot_controller:/opt/ros/humble /usr/bin/cmake /home/swarmmaster/thesis_ws/src/linorobot2/linorobot2_bringup -DCMAKE_INSTALL_PREFIX=/home/swarmmaster/thesis_ws/install/linorobot2_bringup
[0.992s] Invoking command in '/home/swarmmaster/thesis_ws/build/linorobot2_bringup': CMAKE_PREFIX_PATH=${CMAKE_PREFIX_PATH}:/home/swarmmaster/thesis_ws/install/multi_spawner:/home/swarmmaster/thesis_ws/install/multi_launcher:/home/swarmmaster/ros2_ws/install/my_robot_controller:/opt/ros/humble /usr/bin/cmake --build /home/swarmmaster/thesis_ws/build/linorobot2_bringup -- -j4 -l4
[1.050s] Invoked command in '/home/swarmmaster/thesis_ws/build/linorobot2_bringup' returned '0': CMAKE_PREFIX_PATH=${CMAKE_PREFIX_PATH}:/home/swarmmaster/thesis_ws/install/multi_spawner:/home/swarmmaster/thesis_ws/install/multi_launcher:/home/swarmmaster/ros2_ws/install/my_robot_controller:/opt/ros/humble /usr/bin/cmake --build /home/swarmmaster/thesis_ws/build/linorobot2_bringup -- -j4 -l4
[1.091s] Invoking command in '/home/swarmmaster/thesis_ws/build/linorobot2_bringup': CMAKE_PREFIX_PATH=${CMAKE_PREFIX_PATH}:/home/swarmmaster/thesis_ws/install/multi_spawner:/home/swarmmaster/thesis_ws/install/multi_launcher:/home/swarmmaster/ros2_ws/install/my_robot_controller:/opt/ros/humble /usr/bin/cmake --install /home/swarmmaster/thesis_ws/build/linorobot2_bringup
[1.102s] -- Install configuration: ""
[1.102s] -- Installing: /home/swarmmaster/thesis_ws/install/linorobot2_bringup/share/linorobot2_bringup/launch
[1.102s] -- Installing: /home/swarmmaster/thesis_ws/install/linorobot2_bringup/share/linorobot2_bringup/launch/custom_robot.launch.py
[1.102s] -- Installing: /home/swarmmaster/thesis_ws/install/linorobot2_bringup/share/linorobot2_bringup/launch/lasers.launch.py
[1.102s] -- Installing: /home/swarmmaster/thesis_ws/install/linorobot2_bringup/share/linorobot2_bringup/launch/bringup.launch.py
[1.102s] -- Installing: /home/swarmmaster/thesis_ws/install/linorobot2_bringup/share/linorobot2_bringup/launch/sensors.launch.py
[1.102s] -- Installing: /home/swarmmaster/thesis_ws/install/linorobot2_bringup/share/linorobot2_bringup/launch/joy_teleop.launch.py
[1.103s] -- Installing: /home/swarmmaster/thesis_ws/install/linorobot2_bringup/share/linorobot2_bringup/launch/depth.launch.py
[1.103s] -- Installing: /home/swarmmaster/thesis_ws/install/linorobot2_bringup/share/linorobot2_bringup/launch/default_robot.launch.py
[1.103s] -- Installing: /home/swarmmaster/thesis_ws/install/linorobot2_bringup/share/linorobot2_bringup/config
[1.103s] -- Installing: /home/swarmmaster/thesis_ws/install/linorobot2_bringup/share/linorobot2_bringup/config/fake_laser.yaml
[1.103s] -- Installing: /home/swarmmaster/thesis_ws/install/linorobot2_bringup/share/linorobot2_bringup/config/ydlidar.yaml
[1.103s] -- Installing: /home/swarmmaster/thesis_ws/install/linorobot2_bringup/share/linorobot2_bringup/config/joy.yaml
[1.103s] -- Installing: /home/swarmmaster/thesis_ws/install/linorobot2_bringup/share/linorobot2_bringup/config/zed_common.yaml
[1.104s] -- Installing: /home/swarmmaster/thesis_ws/install/linorobot2_bringup/share/ament_index/resource_index/package_run_dependencies/linorobot2_bringup
[1.104s] -- Installing: /home/swarmmaster/thesis_ws/install/linorobot2_bringup/share/ament_index/resource_index/parent_prefix_path/linorobot2_bringup
[1.104s] -- Installing: /home/swarmmaster/thesis_ws/install/linorobot2_bringup/share/linorobot2_bringup/environment/ament_prefix_path.sh
[1.104s] -- Installing: /home/swarmmaster/thesis_ws/install/linorobot2_bringup/share/linorobot2_bringup/environment/ament_prefix_path.dsv
[1.105s] -- Installing: /home/swarmmaster/thesis_ws/install/linorobot2_bringup/share/linorobot2_bringup/environment/path.sh
[1.105s] -- Installing: /home/swarmmaster/thesis_ws/install/linorobot2_bringup/share/linorobot2_bringup/environment/path.dsv
[1.105s] -- Installing: /home/swarmmaster/thesis_ws/install/linorobot2_bringup/share/linorobot2_bringup/local_setup.bash
[1.105s] -- Installing: /home/swarmmaster/thesis_ws/install/linorobot2_bringup/share/linorobot2_bringup/local_setup.sh
[1.105s] -- Installing: /home/swarmmaster/thesis_ws/install/linorobot2_bringup/share/linorobot2_bringup/local_setup.zsh
[1.106s] -- Installing: /home/swarmmaster/thesis_ws/install/linorobot2_bringup/share/linorobot2_bringup/local_setup.dsv
[1.106s] -- Installing: /home/swarmmaster/thesis_ws/install/linorobot2_bringup/share/linorobot2_bringup/package.dsv
[1.106s] -- Installing: /home/swarmmaster/thesis_ws/install/linorobot2_bringup/share/ament_index/resource_index/packages/linorobot2_bringup
[1.106s] -- Installing: /home/swarmmaster/thesis_ws/install/linorobot2_bringup/share/linorobot2_bringup/cmake/linorobot2_bringupConfig.cmake
[1.106s] -- Installing: /home/swarmmaster/thesis_ws/install/linorobot2_bringup/share/linorobot2_bringup/cmake/linorobot2_bringupConfig-version.cmake
[1.107s] -- Installing: /home/swarmmaster/thesis_ws/install/linorobot2_bringup/share/linorobot2_bringup/package.xml
[1.114s] Invoked command in '/home/swarmmaster/thesis_ws/build/linorobot2_bringup' returned '0': CMAKE_PREFIX_PATH=${CMAKE_PREFIX_PATH}:/home/swarmmaster/thesis_ws/install/multi_spawner:/home/swarmmaster/thesis_ws/install/multi_launcher:/home/swarmmaster/ros2_ws/install/my_robot_controller:/opt/ros/humble /usr/bin/cmake --install /home/swarmmaster/thesis_ws/build/linorobot2_bringup
