[0.048s] Invoking command in '/home/swarmmaster/thesis_ws/build/linorobot2_base': CMAKE_PREFIX_PATH=${CMAKE_PREFIX_PATH}:/home/swarmmaster/thesis_ws/install/linorobot2_description:/home/swarmmaster/ros2_ws/install/my_robot_controller:/opt/ros/humble /usr/bin/cmake --build /home/swarmmaster/thesis_ws/build/linorobot2_base -- -j4 -l4
[0.106s] Invoked command in '/home/swarmmaster/thesis_ws/build/linorobot2_base' returned '0': CMAKE_PREFIX_PATH=${CMAKE_PREFIX_PATH}:/home/swarmmaster/thesis_ws/install/linorobot2_description:/home/swarmmaster/ros2_ws/install/my_robot_controller:/opt/ros/humble /usr/bin/cmake --build /home/swarmmaster/thesis_ws/build/linorobot2_base -- -j4 -l4
[0.140s] Invoking command in '/home/swarmmaster/thesis_ws/build/linorobot2_base': CMAKE_PREFIX_PATH=${CMAKE_PREFIX_PATH}:/home/swarmmaster/thesis_ws/install/linorobot2_description:/home/swarmmaster/ros2_ws/install/my_robot_controller:/opt/ros/humble /usr/bin/cmake --install /home/swarmmaster/thesis_ws/build/linorobot2_base
[0.150s] -- Install configuration: ""
[0.152s] -- Execute custom install script
[0.153s] -- Up-to-date symlink: /home/swarmmaster/thesis_ws/install/linorobot2_base/share/linorobot2_base/config/ekf.yaml
[0.155s] -- Up-to-date symlink: /home/swarmmaster/thesis_ws/install/linorobot2_base/share/ament_index/resource_index/package_run_dependencies/linorobot2_base
[0.156s] -- Up-to-date symlink: /home/swarmmaster/thesis_ws/install/linorobot2_base/share/ament_index/resource_index/parent_prefix_path/linorobot2_base
[0.158s] -- Up-to-date symlink: /home/swarmmaster/thesis_ws/install/linorobot2_base/share/linorobot2_base/environment/ament_prefix_path.sh
[0.159s] -- Up-to-date symlink: /home/swarmmaster/thesis_ws/install/linorobot2_base/share/linorobot2_base/environment/ament_prefix_path.dsv
[0.160s] -- Up-to-date symlink: /home/swarmmaster/thesis_ws/install/linorobot2_base/share/linorobot2_base/environment/path.sh
[0.162s] -- Up-to-date symlink: /home/swarmmaster/thesis_ws/install/linorobot2_base/share/linorobot2_base/environment/path.dsv
[0.163s] -- Up-to-date symlink: /home/swarmmaster/thesis_ws/install/linorobot2_base/share/linorobot2_base/local_setup.bash
[0.164s] -- Up-to-date symlink: /home/swarmmaster/thesis_ws/install/linorobot2_base/share/linorobot2_base/local_setup.sh
[0.166s] -- Up-to-date symlink: /home/swarmmaster/thesis_ws/install/linorobot2_base/share/linorobot2_base/local_setup.zsh
[0.168s] -- Up-to-date symlink: /home/swarmmaster/thesis_ws/install/linorobot2_base/share/linorobot2_base/local_setup.dsv
[0.170s] -- Symlinking: /home/swarmmaster/thesis_ws/install/linorobot2_base/share/linorobot2_base/package.dsv
[0.183s] -- Up-to-date symlink: /home/swarmmaster/thesis_ws/install/linorobot2_base/share/ament_index/resource_index/packages/linorobot2_base
[0.183s] -- Up-to-date symlink: /home/swarmmaster/thesis_ws/install/linorobot2_base/share/linorobot2_base/cmake/linorobot2_baseConfig.cmake
[0.187s] -- Up-to-date symlink: /home/swarmmaster/thesis_ws/install/linorobot2_base/share/linorobot2_base/cmake/linorobot2_baseConfig-version.cmake
[0.187s] -- Up-to-date symlink: /home/swarmmaster/thesis_ws/install/linorobot2_base/share/linorobot2_base/package.xml
[0.187s] Invoked command in '/home/swarmmaster/thesis_ws/build/linorobot2_base' returned '0': CMAKE_PREFIX_PATH=${CMAKE_PREFIX_PATH}:/home/swarmmaster/thesis_ws/install/linorobot2_description:/home/swarmmaster/ros2_ws/install/my_robot_controller:/opt/ros/humble /usr/bin/cmake --install /home/swarmmaster/thesis_ws/build/linorobot2_base
