[0.018s] Invoking command in '/home/swarmmaster/thesis_ws/build/linorobot2_description': CMAKE_PREFIX_PATH=${CMAKE_PREFIX_PATH}:/home/swarmmaster/thesis_ws/install/multi_spawner:/home/swarmmaster/thesis_ws/install/multi_launcher:/home/swarmmaster/ros2_ws/install/my_robot_controller:/opt/ros/humble /usr/bin/cmake /home/swarmmaster/thesis_ws/src/linorobot2/linorobot2_description -DCMAKE_INSTALL_PREFIX=/home/swarmmaster/thesis_ws/install/linorobot2_description
[0.109s] -- The C compiler identification is GNU 11.3.0
[0.191s] -- The CXX compiler identification is GNU 11.3.0
[0.200s] -- Detecting C compiler ABI info
[0.304s] -- Detecting C compiler ABI info - done
[0.313s] -- Check for working C compiler: /usr/bin/cc - skipped
[0.313s] -- Detecting C compile features
[0.314s] -- Detecting C compile features - done
[0.318s] -- Detecting CXX compiler ABI info
[0.442s] -- Detecting CXX compiler ABI info - done
[0.453s] -- Check for working CXX compiler: /usr/bin/c++ - skipped
[0.453s] -- Detecting CXX compile features
[0.454s] -- Detecting CXX compile features - done
[0.460s] -- Found ament_cmake: 1.3.4 (/opt/ros/humble/share/ament_cmake/cmake)
[0.697s] -- Found Python3: /usr/bin/python3.10 (found version "3.10.6") found components: Interpreter 
[0.848s] -- Found urdf: 2.6.0 (/opt/ros/humble/share/urdf/cmake)
[1.037s] -- Configuring done
[1.042s] -- Generating done
[1.043s] -- Build files have been written to: /home/swarmmaster/thesis_ws/build/linorobot2_description
[1.051s] Invoked command in '/home/swarmmaster/thesis_ws/build/linorobot2_description' returned '0': CMAKE_PREFIX_PATH=${CMAKE_PREFIX_PATH}:/home/swarmmaster/thesis_ws/install/multi_spawner:/home/swarmmaster/thesis_ws/install/multi_launcher:/home/swarmmaster/ros2_ws/install/my_robot_controller:/opt/ros/humble /usr/bin/cmake /home/swarmmaster/thesis_ws/src/linorobot2/linorobot2_description -DCMAKE_INSTALL_PREFIX=/home/swarmmaster/thesis_ws/install/linorobot2_description
[1.053s] Invoking command in '/home/swarmmaster/thesis_ws/build/linorobot2_description': CMAKE_PREFIX_PATH=${CMAKE_PREFIX_PATH}:/home/swarmmaster/thesis_ws/install/multi_spawner:/home/swarmmaster/thesis_ws/install/multi_launcher:/home/swarmmaster/ros2_ws/install/my_robot_controller:/opt/ros/humble /usr/bin/cmake --build /home/swarmmaster/thesis_ws/build/linorobot2_description -- -j4 -l4
[1.102s] Invoked command in '/home/swarmmaster/thesis_ws/build/linorobot2_description' returned '0': CMAKE_PREFIX_PATH=${CMAKE_PREFIX_PATH}:/home/swarmmaster/thesis_ws/install/multi_spawner:/home/swarmmaster/thesis_ws/install/multi_launcher:/home/swarmmaster/ros2_ws/install/my_robot_controller:/opt/ros/humble /usr/bin/cmake --build /home/swarmmaster/thesis_ws/build/linorobot2_description -- -j4 -l4
[1.133s] Invoking command in '/home/swarmmaster/thesis_ws/build/linorobot2_description': CMAKE_PREFIX_PATH=${CMAKE_PREFIX_PATH}:/home/swarmmaster/thesis_ws/install/multi_spawner:/home/swarmmaster/thesis_ws/install/multi_launcher:/home/swarmmaster/ros2_ws/install/my_robot_controller:/opt/ros/humble /usr/bin/cmake --install /home/swarmmaster/thesis_ws/build/linorobot2_description
[1.144s] -- Install configuration: ""
[1.145s] -- Installing: /home/swarmmaster/thesis_ws/install/linorobot2_description/share/linorobot2_description/launch
[1.145s] -- Installing: /home/swarmmaster/thesis_ws/install/linorobot2_description/share/linorobot2_description/launch/description.launch.py
[1.146s] -- Installing: /home/swarmmaster/thesis_ws/install/linorobot2_description/share/linorobot2_description/urdf
[1.146s] -- Installing: /home/swarmmaster/thesis_ws/install/linorobot2_description/share/linorobot2_description/urdf/robots
[1.146s] -- Installing: /home/swarmmaster/thesis_ws/install/linorobot2_description/share/linorobot2_description/urdf/robots/4wd.urdf.xacro
[1.146s] -- Installing: /home/swarmmaster/thesis_ws/install/linorobot2_description/share/linorobot2_description/urdf/robots/mecanum.urdf.xacro
[1.147s] -- Installing: /home/swarmmaster/thesis_ws/install/linorobot2_description/share/linorobot2_description/urdf/robots/2wd.urdf.xacro
[1.147s] -- Installing: /home/swarmmaster/thesis_ws/install/linorobot2_description/share/linorobot2_description/urdf/robots/square.urdf.xacro
[1.147s] -- Installing: /home/swarmmaster/thesis_ws/install/linorobot2_description/share/linorobot2_description/urdf/mecanum_properties.urdf.xacro
[1.148s] -- Installing: /home/swarmmaster/thesis_ws/install/linorobot2_description/share/linorobot2_description/urdf/controllers
[1.148s] -- Installing: /home/swarmmaster/thesis_ws/install/linorobot2_description/share/linorobot2_description/urdf/controllers/omni_drive.urdf.xacro
[1.148s] -- Installing: /home/swarmmaster/thesis_ws/install/linorobot2_description/share/linorobot2_description/urdf/controllers/diff_drive.urdf.xacro
[1.149s] -- Installing: /home/swarmmaster/thesis_ws/install/linorobot2_description/share/linorobot2_description/urdf/controllers/skid_steer.urdf.xacro
[1.149s] -- Installing: /home/swarmmaster/thesis_ws/install/linorobot2_description/share/linorobot2_description/urdf/2wd_properties.urdf.xacro
[1.149s] -- Installing: /home/swarmmaster/thesis_ws/install/linorobot2_description/share/linorobot2_description/urdf/sensors
[1.149s] -- Installing: /home/swarmmaster/thesis_ws/install/linorobot2_description/share/linorobot2_description/urdf/sensors/generic_laser.urdf.xacro
[1.149s] -- Installing: /home/swarmmaster/thesis_ws/install/linorobot2_description/share/linorobot2_description/urdf/sensors/imu.urdf.xacro
[1.149s] -- Installing: /home/swarmmaster/thesis_ws/install/linorobot2_description/share/linorobot2_description/urdf/sensors/laser.urdf.xacro
[1.149s] -- Installing: /home/swarmmaster/thesis_ws/install/linorobot2_description/share/linorobot2_description/urdf/sensors/depth_sensor.urdf.xacro
[1.149s] -- Installing: /home/swarmmaster/thesis_ws/install/linorobot2_description/share/linorobot2_description/urdf/mech
[1.149s] -- Installing: /home/swarmmaster/thesis_ws/install/linorobot2_description/share/linorobot2_description/urdf/mech/caster_wheel.urdf.xacro
[1.149s] -- Installing: /home/swarmmaster/thesis_ws/install/linorobot2_description/share/linorobot2_description/urdf/mech/mecanum_wheel.urdf.xacro
[1.149s] -- Installing: /home/swarmmaster/thesis_ws/install/linorobot2_description/share/linorobot2_description/urdf/mech/base.urdf.xacro
[1.150s] -- Installing: /home/swarmmaster/thesis_ws/install/linorobot2_description/share/linorobot2_description/urdf/mech/wheel.urdf.xacro
[1.150s] -- Installing: /home/swarmmaster/thesis_ws/install/linorobot2_description/share/linorobot2_description/urdf/4wd_properties.urdf.xacro
[1.150s] -- Installing: /home/swarmmaster/thesis_ws/install/linorobot2_description/share/linorobot2_description/rviz
[1.150s] -- Installing: /home/swarmmaster/thesis_ws/install/linorobot2_description/share/linorobot2_description/rviz/description.rviz
[1.150s] -- Installing: /home/swarmmaster/thesis_ws/install/linorobot2_description/share/ament_index/resource_index/package_run_dependencies/linorobot2_description
[1.150s] -- Installing: /home/swarmmaster/thesis_ws/install/linorobot2_description/share/ament_index/resource_index/parent_prefix_path/linorobot2_description
[1.150s] -- Installing: /home/swarmmaster/thesis_ws/install/linorobot2_description/share/linorobot2_description/environment/ament_prefix_path.sh
[1.150s] -- Installing: /home/swarmmaster/thesis_ws/install/linorobot2_description/share/linorobot2_description/environment/ament_prefix_path.dsv
[1.150s] -- Installing: /home/swarmmaster/thesis_ws/install/linorobot2_description/share/linorobot2_description/environment/path.sh
[1.150s] -- Installing: /home/swarmmaster/thesis_ws/install/linorobot2_description/share/linorobot2_description/environment/path.dsv
[1.150s] -- Installing: /home/swarmmaster/thesis_ws/install/linorobot2_description/share/linorobot2_description/local_setup.bash
[1.150s] -- Installing: /home/swarmmaster/thesis_ws/install/linorobot2_description/share/linorobot2_description/local_setup.sh
[1.151s] -- Installing: /home/swarmmaster/thesis_ws/install/linorobot2_description/share/linorobot2_description/local_setup.zsh
[1.151s] -- Installing: /home/swarmmaster/thesis_ws/install/linorobot2_description/share/linorobot2_description/local_setup.dsv
[1.151s] -- Installing: /home/swarmmaster/thesis_ws/install/linorobot2_description/share/linorobot2_description/package.dsv
[1.151s] -- Installing: /home/swarmmaster/thesis_ws/install/linorobot2_description/share/ament_index/resource_index/packages/linorobot2_description
[1.151s] -- Installing: /home/swarmmaster/thesis_ws/install/linorobot2_description/share/linorobot2_description/cmake/linorobot2_descriptionConfig.cmake
[1.151s] -- Installing: /home/swarmmaster/thesis_ws/install/linorobot2_description/share/linorobot2_description/cmake/linorobot2_descriptionConfig-version.cmake
[1.151s] -- Installing: /home/swarmmaster/thesis_ws/install/linorobot2_description/share/linorobot2_description/package.xml
[1.165s] Invoked command in '/home/swarmmaster/thesis_ws/build/linorobot2_description' returned '0': CMAKE_PREFIX_PATH=${CMAKE_PREFIX_PATH}:/home/swarmmaster/thesis_ws/install/multi_spawner:/home/swarmmaster/thesis_ws/install/multi_launcher:/home/swarmmaster/ros2_ws/install/my_robot_controller:/opt/ros/humble /usr/bin/cmake --install /home/swarmmaster/thesis_ws/build/linorobot2_description
