[0.063s] Invoking command in '/home/swarmmaster/thesis_ws/build/box_bot_description': CMAKE_PREFIX_PATH=${CMAKE_PREFIX_PATH}:/home/swarmmaster/ros2_ws/install/my_robot_controller:/opt/ros/humble /usr/bin/cmake --build /home/swarmmaster/thesis_ws/build/box_bot_description -- -j4 -l4
[0.110s] Invoked command in '/home/swarmmaster/thesis_ws/build/box_bot_description' returned '0': CMAKE_PREFIX_PATH=${CMAKE_PREFIX_PATH}:/home/swarmmaster/ros2_ws/install/my_robot_controller:/opt/ros/humble /usr/bin/cmake --build /home/swarmmaster/thesis_ws/build/box_bot_description -- -j4 -l4
[0.151s] Invoking command in '/home/swarmmaster/thesis_ws/build/box_bot_description': CMAKE_PREFIX_PATH=${CMAKE_PREFIX_PATH}:/home/swarmmaster/ros2_ws/install/my_robot_controller:/opt/ros/humble /usr/bin/cmake --install /home/swarmmaster/thesis_ws/build/box_bot_description
[0.162s] -- Install configuration: ""
[0.162s] -- Up-to-date: /home/swarmmaster/thesis_ws/install/box_bot_description/share/box_bot_description//launch
[0.162s] -- Up-to-date: /home/swarmmaster/thesis_ws/install/box_bot_description/share/box_bot_description//launch/spawn_box_bot_launch.py
[0.163s] -- Up-to-date: /home/swarmmaster/thesis_ws/install/box_bot_description/share/box_bot_description//launch/spawn_box_bot.py
[0.163s] -- Up-to-date: /home/swarmmaster/thesis_ws/install/box_bot_description/share/box_bot_description//launch/multi_spawn_robot_launch.py
[0.163s] -- Up-to-date: /home/swarmmaster/thesis_ws/install/box_bot_description/share/box_bot_description//robot
[0.163s] -- Up-to-date: /home/swarmmaster/thesis_ws/install/box_bot_description/share/box_bot_description//robot/box_bot.gazebo
[0.163s] -- Up-to-date: /home/swarmmaster/thesis_ws/install/box_bot_description/share/box_bot_description//robot/properties.xacro
[0.163s] -- Up-to-date: /home/swarmmaster/thesis_ws/install/box_bot_description/share/box_bot_description//robot/wheels.xacro
[0.164s] -- Up-to-date: /home/swarmmaster/thesis_ws/install/box_bot_description/share/box_bot_description//robot/caster_wheels.xacro
[0.164s] -- Up-to-date: /home/swarmmaster/thesis_ws/install/box_bot_description/share/box_bot_description//robot/box_bot.xacro
[0.164s] -- Up-to-date: /home/swarmmaster/thesis_ws/install/box_bot_description/share/box_bot_description//robot/box_bot_body.xacro
[0.164s] -- Up-to-date: /home/swarmmaster/thesis_ws/install/box_bot_description/share/box_bot_description//robot/macros.xacro
[0.164s] -- Up-to-date: /home/swarmmaster/thesis_ws/install/box_bot_description/share/box_bot_description//robot/materials.xacro
[0.165s] -- Up-to-date: /home/swarmmaster/thesis_ws/install/box_bot_description/share/box_bot_description//robot/box_bot_propeller.xacro
[0.165s] -- Up-to-date: /home/swarmmaster/thesis_ws/install/box_bot_description/share/box_bot_description//robot/box_bot_v2.urdf
[0.168s] -- Up-to-date: /home/swarmmaster/thesis_ws/install/box_bot_description/share/box_bot_description//robot/box_bot.urdf
[0.168s] -- Up-to-date: /home/swarmmaster/thesis_ws/install/box_bot_description/lib/box_bot_description/spawn_box_bot.py
[0.169s] -- Up-to-date: /home/swarmmaster/thesis_ws/install/box_bot_description/lib/box_bot_description/spawn_box_bot.py
[0.169s] -- Up-to-date: /home/swarmmaster/thesis_ws/install/box_bot_description/share/ament_index/resource_index/package_run_dependencies/box_bot_description
[0.169s] -- Up-to-date: /home/swarmmaster/thesis_ws/install/box_bot_description/share/ament_index/resource_index/parent_prefix_path/box_bot_description
[0.170s] -- Up-to-date: /home/swarmmaster/thesis_ws/install/box_bot_description/share/box_bot_description/environment/ament_prefix_path.sh
[0.170s] -- Up-to-date: /home/swarmmaster/thesis_ws/install/box_bot_description/share/box_bot_description/environment/ament_prefix_path.dsv
[0.170s] -- Up-to-date: /home/swarmmaster/thesis_ws/install/box_bot_description/share/box_bot_description/environment/path.sh
[0.170s] -- Up-to-date: /home/swarmmaster/thesis_ws/install/box_bot_description/share/box_bot_description/environment/path.dsv
[0.170s] -- Up-to-date: /home/swarmmaster/thesis_ws/install/box_bot_description/share/box_bot_description/local_setup.bash
[0.171s] -- Up-to-date: /home/swarmmaster/thesis_ws/install/box_bot_description/share/box_bot_description/local_setup.sh
[0.171s] -- Up-to-date: /home/swarmmaster/thesis_ws/install/box_bot_description/share/box_bot_description/local_setup.zsh
[0.171s] -- Up-to-date: /home/swarmmaster/thesis_ws/install/box_bot_description/share/box_bot_description/local_setup.dsv
[0.171s] -- Up-to-date: /home/swarmmaster/thesis_ws/install/box_bot_description/share/box_bot_description/package.dsv
[0.172s] -- Up-to-date: /home/swarmmaster/thesis_ws/install/box_bot_description/share/ament_index/resource_index/packages/box_bot_description
[0.172s] -- Up-to-date: /home/swarmmaster/thesis_ws/install/box_bot_description/share/box_bot_description/cmake/box_bot_descriptionConfig.cmake
[0.173s] -- Up-to-date: /home/swarmmaster/thesis_ws/install/box_bot_description/share/box_bot_description/cmake/box_bot_descriptionConfig-version.cmake
[0.173s] -- Up-to-date: /home/swarmmaster/thesis_ws/install/box_bot_description/share/box_bot_description/package.xml
[0.196s] Invoked command in '/home/swarmmaster/thesis_ws/build/box_bot_description' returned '0': CMAKE_PREFIX_PATH=${CMAKE_PREFIX_PATH}:/home/swarmmaster/ros2_ws/install/my_robot_controller:/opt/ros/humble /usr/bin/cmake --install /home/swarmmaster/thesis_ws/build/box_bot_description
