[0.049s] Invoking command in '/home/swarmmaster/thesis_ws/build/box_bot_gazebo': CMAKE_PREFIX_PATH=${CMAKE_PREFIX_PATH}:/home/swarmmaster/ros2_ws/install/my_robot_controller:/opt/ros/humble /usr/bin/cmake --build /home/swarmmaster/thesis_ws/build/box_bot_gazebo -- -j4 -l4
[0.106s] Invoked command in '/home/swarmmaster/thesis_ws/build/box_bot_gazebo' returned '0': CMAKE_PREFIX_PATH=${CMAKE_PREFIX_PATH}:/home/swarmmaster/ros2_ws/install/my_robot_controller:/opt/ros/humble /usr/bin/cmake --build /home/swarmmaster/thesis_ws/build/box_bot_gazebo -- -j4 -l4
[0.142s] Invoking command in '/home/swarmmaster/thesis_ws/build/box_bot_gazebo': CMAKE_PREFIX_PATH=${CMAKE_PREFIX_PATH}:/home/swarmmaster/ros2_ws/install/my_robot_controller:/opt/ros/humble /usr/bin/cmake --install /home/swarmmaster/thesis_ws/build/box_bot_gazebo
[0.161s] -- Install configuration: ""
[0.162s] -- Execute custom install script
[0.163s] -- Up-to-date symlink: /home/swarmmaster/thesis_ws/install/box_bot_gazebo/share/box_bot_gazebo//launch/.vscode/c_cpp_properties.json
[0.163s] -- Up-to-date symlink: /home/swarmmaster/thesis_ws/install/box_bot_gazebo/share/box_bot_gazebo//launch/.vscode/settings.json
[0.163s] -- Up-to-date symlink: /home/swarmmaster/thesis_ws/install/box_bot_gazebo/share/box_bot_gazebo//launch/multi_box_bot_launch.py
[0.163s] -- Up-to-date symlink: /home/swarmmaster/thesis_ws/install/box_bot_gazebo/share/box_bot_gazebo//launch/start_world_launch.py
[0.163s] -- Up-to-date symlink: /home/swarmmaster/thesis_ws/install/box_bot_gazebo/share/box_bot_gazebo//worlds/U_shape.model/model.config
[0.163s] -- Up-to-date symlink: /home/swarmmaster/thesis_ws/install/box_bot_gazebo/share/box_bot_gazebo//worlds/U_shape.model/model.sdf
[0.163s] -- Up-to-date symlink: /home/swarmmaster/thesis_ws/install/box_bot_gazebo/share/box_bot_gazebo//worlds/box_bot_empty.world
[0.164s] -- Up-to-date symlink: /home/swarmmaster/thesis_ws/install/box_bot_gazebo/share/box_bot_gazebo//worlds/playground.world
[0.164s] -- Up-to-date symlink: /home/swarmmaster/thesis_ws/install/box_bot_gazebo/share/box_bot_gazebo//worlds/u_shape.world
[0.164s] -- Up-to-date symlink: /home/swarmmaster/thesis_ws/install/box_bot_gazebo/share/ament_index/resource_index/package_run_dependencies/box_bot_gazebo
[0.164s] -- Up-to-date symlink: /home/swarmmaster/thesis_ws/install/box_bot_gazebo/share/ament_index/resource_index/parent_prefix_path/box_bot_gazebo
[0.164s] -- Up-to-date symlink: /home/swarmmaster/thesis_ws/install/box_bot_gazebo/share/box_bot_gazebo/environment/ament_prefix_path.sh
[0.165s] -- Up-to-date symlink: /home/swarmmaster/thesis_ws/install/box_bot_gazebo/share/box_bot_gazebo/environment/ament_prefix_path.dsv
[0.165s] -- Up-to-date symlink: /home/swarmmaster/thesis_ws/install/box_bot_gazebo/share/box_bot_gazebo/environment/path.sh
[0.165s] -- Up-to-date symlink: /home/swarmmaster/thesis_ws/install/box_bot_gazebo/share/box_bot_gazebo/environment/path.dsv
[0.165s] -- Up-to-date symlink: /home/swarmmaster/thesis_ws/install/box_bot_gazebo/share/box_bot_gazebo/local_setup.bash
[0.165s] -- Up-to-date symlink: /home/swarmmaster/thesis_ws/install/box_bot_gazebo/share/box_bot_gazebo/local_setup.sh
[0.168s] -- Up-to-date symlink: /home/swarmmaster/thesis_ws/install/box_bot_gazebo/share/box_bot_gazebo/local_setup.zsh
[0.168s] -- Up-to-date symlink: /home/swarmmaster/thesis_ws/install/box_bot_gazebo/share/box_bot_gazebo/local_setup.dsv
[0.168s] -- Symlinking: /home/swarmmaster/thesis_ws/install/box_bot_gazebo/share/box_bot_gazebo/package.dsv
[0.169s] -- Up-to-date symlink: /home/swarmmaster/thesis_ws/install/box_bot_gazebo/share/ament_index/resource_index/packages/box_bot_gazebo
[0.169s] -- Up-to-date symlink: /home/swarmmaster/thesis_ws/install/box_bot_gazebo/share/box_bot_gazebo/cmake/box_bot_gazeboConfig.cmake
[0.169s] -- Up-to-date symlink: /home/swarmmaster/thesis_ws/install/box_bot_gazebo/share/box_bot_gazebo/cmake/box_bot_gazeboConfig-version.cmake
[0.170s] -- Up-to-date symlink: /home/swarmmaster/thesis_ws/install/box_bot_gazebo/share/box_bot_gazebo/package.xml
[0.208s] Invoked command in '/home/swarmmaster/thesis_ws/build/box_bot_gazebo' returned '0': CMAKE_PREFIX_PATH=${CMAKE_PREFIX_PATH}:/home/swarmmaster/ros2_ws/install/my_robot_controller:/opt/ros/humble /usr/bin/cmake --install /home/swarmmaster/thesis_ws/build/box_bot_gazebo
