[0.016s] Invoking command in '/home/swarmmaster/thesis_ws/build/linorobot2_base': CMAKE_PREFIX_PATH=${CMAKE_PREFIX_PATH}:/home/swarmmaster/thesis_ws/install/multi_spawner:/home/swarmmaster/thesis_ws/install/multi_launcher:/home/swarmmaster/ros2_ws/install/my_robot_controller:/opt/ros/humble /usr/bin/cmake /home/swarmmaster/thesis_ws/src/linorobot2/linorobot2_base -DCMAKE_INSTALL_PREFIX=/home/swarmmaster/thesis_ws/install/linorobot2_base
[0.095s] -- The C compiler identification is GNU 11.3.0
[0.176s] -- The CXX compiler identification is GNU 11.3.0
[0.190s] -- Detecting C compiler ABI info
[0.272s] -- Detecting C compiler ABI info - done
[0.282s] -- Check for working C compiler: /usr/bin/cc - skipped
[0.282s] -- Detecting C compile features
[0.282s] -- Detecting C compile features - done
[0.286s] -- Detecting CXX compiler ABI info
[0.401s] -- Detecting CXX compiler ABI info - done
[0.411s] -- Check for working CXX compiler: /usr/bin/c++ - skipped
[0.412s] -- Detecting CXX compile features
[0.412s] -- Detecting CXX compile features - done
[0.418s] -- Found ament_cmake: 1.3.4 (/opt/ros/humble/share/ament_cmake/cmake)
[0.666s] -- Found Python3: /usr/bin/python3.10 (found version "3.10.6") found components: Interpreter 
[0.898s] -- Configuring done
[0.902s] -- Generating done
[0.903s] -- Build files have been written to: /home/swarmmaster/thesis_ws/build/linorobot2_base
[0.909s] Invoked command in '/home/swarmmaster/thesis_ws/build/linorobot2_base' returned '0': CMAKE_PREFIX_PATH=${CMAKE_PREFIX_PATH}:/home/swarmmaster/thesis_ws/install/multi_spawner:/home/swarmmaster/thesis_ws/install/multi_launcher:/home/swarmmaster/ros2_ws/install/my_robot_controller:/opt/ros/humble /usr/bin/cmake /home/swarmmaster/thesis_ws/src/linorobot2/linorobot2_base -DCMAKE_INSTALL_PREFIX=/home/swarmmaster/thesis_ws/install/linorobot2_base
[0.910s] Invoking command in '/home/swarmmaster/thesis_ws/build/linorobot2_base': CMAKE_PREFIX_PATH=${CMAKE_PREFIX_PATH}:/home/swarmmaster/thesis_ws/install/multi_spawner:/home/swarmmaster/thesis_ws/install/multi_launcher:/home/swarmmaster/ros2_ws/install/my_robot_controller:/opt/ros/humble /usr/bin/cmake --build /home/swarmmaster/thesis_ws/build/linorobot2_base -- -j4 -l4
[0.984s] Invoked command in '/home/swarmmaster/thesis_ws/build/linorobot2_base' returned '0': CMAKE_PREFIX_PATH=${CMAKE_PREFIX_PATH}:/home/swarmmaster/thesis_ws/install/multi_spawner:/home/swarmmaster/thesis_ws/install/multi_launcher:/home/swarmmaster/ros2_ws/install/my_robot_controller:/opt/ros/humble /usr/bin/cmake --build /home/swarmmaster/thesis_ws/build/linorobot2_base -- -j4 -l4
[1.012s] Invoking command in '/home/swarmmaster/thesis_ws/build/linorobot2_base': CMAKE_PREFIX_PATH=${CMAKE_PREFIX_PATH}:/home/swarmmaster/thesis_ws/install/multi_spawner:/home/swarmmaster/thesis_ws/install/multi_launcher:/home/swarmmaster/ros2_ws/install/my_robot_controller:/opt/ros/humble /usr/bin/cmake --install /home/swarmmaster/thesis_ws/build/linorobot2_base
[1.022s] -- Install configuration: ""
[1.022s] -- Installing: /home/swarmmaster/thesis_ws/install/linorobot2_base/share/linorobot2_base/config
[1.022s] -- Installing: /home/swarmmaster/thesis_ws/install/linorobot2_base/share/linorobot2_base/config/ekf.yaml
[1.023s] -- Installing: /home/swarmmaster/thesis_ws/install/linorobot2_base/share/ament_index/resource_index/package_run_dependencies/linorobot2_base
[1.023s] -- Installing: /home/swarmmaster/thesis_ws/install/linorobot2_base/share/ament_index/resource_index/parent_prefix_path/linorobot2_base
[1.024s] -- Installing: /home/swarmmaster/thesis_ws/install/linorobot2_base/share/linorobot2_base/environment/ament_prefix_path.sh
[1.024s] -- Installing: /home/swarmmaster/thesis_ws/install/linorobot2_base/share/linorobot2_base/environment/ament_prefix_path.dsv
[1.024s] -- Installing: /home/swarmmaster/thesis_ws/install/linorobot2_base/share/linorobot2_base/environment/path.sh
[1.025s] -- Installing: /home/swarmmaster/thesis_ws/install/linorobot2_base/share/linorobot2_base/environment/path.dsv
[1.025s] -- Installing: /home/swarmmaster/thesis_ws/install/linorobot2_base/share/linorobot2_base/local_setup.bash
[1.025s] -- Installing: /home/swarmmaster/thesis_ws/install/linorobot2_base/share/linorobot2_base/local_setup.sh
[1.026s] -- Installing: /home/swarmmaster/thesis_ws/install/linorobot2_base/share/linorobot2_base/local_setup.zsh
[1.026s] -- Installing: /home/swarmmaster/thesis_ws/install/linorobot2_base/share/linorobot2_base/local_setup.dsv
[1.026s] -- Installing: /home/swarmmaster/thesis_ws/install/linorobot2_base/share/linorobot2_base/package.dsv
[1.027s] -- Installing: /home/swarmmaster/thesis_ws/install/linorobot2_base/share/ament_index/resource_index/packages/linorobot2_base
[1.027s] -- Installing: /home/swarmmaster/thesis_ws/install/linorobot2_base/share/linorobot2_base/cmake/linorobot2_baseConfig.cmake
[1.027s] -- Installing: /home/swarmmaster/thesis_ws/install/linorobot2_base/share/linorobot2_base/cmake/linorobot2_baseConfig-version.cmake
[1.028s] -- Installing: /home/swarmmaster/thesis_ws/install/linorobot2_base/share/linorobot2_base/package.xml
[1.038s] Invoked command in '/home/swarmmaster/thesis_ws/build/linorobot2_base' returned '0': CMAKE_PREFIX_PATH=${CMAKE_PREFIX_PATH}:/home/swarmmaster/thesis_ws/install/multi_spawner:/home/swarmmaster/thesis_ws/install/multi_launcher:/home/swarmmaster/ros2_ws/install/my_robot_controller:/opt/ros/humble /usr/bin/cmake --install /home/swarmmaster/thesis_ws/build/linorobot2_base
