[0.069s] Invoking command in '/home/swarmmaster/thesis_ws/build/linorobot2_navigation': CMAKE_PREFIX_PATH=${CMAKE_PREFIX_PATH}:/home/swarmmaster/ros2_ws/install/my_robot_controller:/opt/ros/humble /usr/bin/cmake --build /home/swarmmaster/thesis_ws/build/linorobot2_navigation -- -j4 -l4
[0.432s] Invoked command in '/home/swarmmaster/thesis_ws/build/linorobot2_navigation' returned '0': CMAKE_PREFIX_PATH=${CMAKE_PREFIX_PATH}:/home/swarmmaster/ros2_ws/install/my_robot_controller:/opt/ros/humble /usr/bin/cmake --build /home/swarmmaster/thesis_ws/build/linorobot2_navigation -- -j4 -l4
[0.467s] Invoking command in '/home/swarmmaster/thesis_ws/build/linorobot2_navigation': CMAKE_PREFIX_PATH=${CMAKE_PREFIX_PATH}:/home/swarmmaster/ros2_ws/install/my_robot_controller:/opt/ros/humble /usr/bin/cmake --install /home/swarmmaster/thesis_ws/build/linorobot2_navigation
[0.485s] -- Install configuration: ""
[0.485s] -- Up-to-date: /home/swarmmaster/thesis_ws/install/linorobot2_navigation/share/linorobot2_navigation/launch
[0.485s] -- Up-to-date: /home/swarmmaster/thesis_ws/install/linorobot2_navigation/share/linorobot2_navigation/launch/navigation.launch.py
[0.485s] -- Up-to-date: /home/swarmmaster/thesis_ws/install/linorobot2_navigation/share/linorobot2_navigation/launch/slam.launch.py
[0.486s] -- Up-to-date: /home/swarmmaster/thesis_ws/install/linorobot2_navigation/share/linorobot2_navigation/launch/.vscode
[0.486s] -- Up-to-date: /home/swarmmaster/thesis_ws/install/linorobot2_navigation/share/linorobot2_navigation/launch/.vscode/settings.json
[0.486s] -- Up-to-date: /home/swarmmaster/thesis_ws/install/linorobot2_navigation/share/linorobot2_navigation/launch/.vscode/c_cpp_properties.json
[0.486s] -- Up-to-date: /home/swarmmaster/thesis_ws/install/linorobot2_navigation/share/linorobot2_navigation/rviz
[0.486s] -- Up-to-date: /home/swarmmaster/thesis_ws/install/linorobot2_navigation/share/linorobot2_navigation/rviz/linorobot2_slam.rviz
[0.486s] -- Up-to-date: /home/swarmmaster/thesis_ws/install/linorobot2_navigation/share/linorobot2_navigation/rviz/linorobot2_navigation_minimal.rviz
[0.486s] -- Up-to-date: /home/swarmmaster/thesis_ws/install/linorobot2_navigation/share/linorobot2_navigation/rviz/linorobot2_navigation.rviz
[0.488s] -- Up-to-date: /home/swarmmaster/thesis_ws/install/linorobot2_navigation/share/linorobot2_navigation/config
[0.488s] -- Up-to-date: /home/swarmmaster/thesis_ws/install/linorobot2_navigation/share/linorobot2_navigation/config/slam.yaml
[0.489s] -- Up-to-date: /home/swarmmaster/thesis_ws/install/linorobot2_navigation/share/linorobot2_navigation/config/navigation.yaml
[0.489s] -- Up-to-date: /home/swarmmaster/thesis_ws/install/linorobot2_navigation/share/linorobot2_navigation/maps
[0.489s] -- Up-to-date: /home/swarmmaster/thesis_ws/install/linorobot2_navigation/share/linorobot2_navigation/maps/playground.pgm
[0.489s] -- Up-to-date: /home/swarmmaster/thesis_ws/install/linorobot2_navigation/share/linorobot2_navigation/maps/playground.yaml
[0.489s] -- Up-to-date: /home/swarmmaster/thesis_ws/install/linorobot2_navigation/share/ament_index/resource_index/package_run_dependencies/linorobot2_navigation
[0.489s] -- Up-to-date: /home/swarmmaster/thesis_ws/install/linorobot2_navigation/share/ament_index/resource_index/parent_prefix_path/linorobot2_navigation
[0.490s] -- Up-to-date: /home/swarmmaster/thesis_ws/install/linorobot2_navigation/share/linorobot2_navigation/environment/ament_prefix_path.sh
[0.490s] -- Up-to-date: /home/swarmmaster/thesis_ws/install/linorobot2_navigation/share/linorobot2_navigation/environment/ament_prefix_path.dsv
[0.490s] -- Up-to-date: /home/swarmmaster/thesis_ws/install/linorobot2_navigation/share/linorobot2_navigation/environment/path.sh
[0.490s] -- Up-to-date: /home/swarmmaster/thesis_ws/install/linorobot2_navigation/share/linorobot2_navigation/environment/path.dsv
[0.490s] -- Up-to-date: /home/swarmmaster/thesis_ws/install/linorobot2_navigation/share/linorobot2_navigation/local_setup.bash
[0.490s] -- Up-to-date: /home/swarmmaster/thesis_ws/install/linorobot2_navigation/share/linorobot2_navigation/local_setup.sh
[0.491s] -- Up-to-date: /home/swarmmaster/thesis_ws/install/linorobot2_navigation/share/linorobot2_navigation/local_setup.zsh
[0.491s] -- Up-to-date: /home/swarmmaster/thesis_ws/install/linorobot2_navigation/share/linorobot2_navigation/local_setup.dsv
[0.491s] -- Up-to-date: /home/swarmmaster/thesis_ws/install/linorobot2_navigation/share/linorobot2_navigation/package.dsv
[0.491s] -- Up-to-date: /home/swarmmaster/thesis_ws/install/linorobot2_navigation/share/ament_index/resource_index/packages/linorobot2_navigation
[0.491s] -- Up-to-date: /home/swarmmaster/thesis_ws/install/linorobot2_navigation/share/linorobot2_navigation/cmake/linorobot2_navigationConfig.cmake
[0.491s] -- Up-to-date: /home/swarmmaster/thesis_ws/install/linorobot2_navigation/share/linorobot2_navigation/cmake/linorobot2_navigationConfig-version.cmake
[0.491s] -- Up-to-date: /home/swarmmaster/thesis_ws/install/linorobot2_navigation/share/linorobot2_navigation/package.xml
[0.491s] Invoked command in '/home/swarmmaster/thesis_ws/build/linorobot2_navigation' returned '0': CMAKE_PREFIX_PATH=${CMAKE_PREFIX_PATH}:/home/swarmmaster/ros2_ws/install/my_robot_controller:/opt/ros/humble /usr/bin/cmake --install /home/swarmmaster/thesis_ws/build/linorobot2_navigation
