[0.030s] Invoking command in '/home/swarmmaster/thesis_ws/build/linorobot2_description': CMAKE_PREFIX_PATH=${CMAKE_PREFIX_PATH}:/home/swarmmaster/thesis_ws/install/linorobot2_description:/home/swarmmaster/ros2_ws/install/my_robot_controller:/opt/ros/humble /usr/bin/cmake /home/swarmmaster/thesis_ws/src/linorobot2/linorobot2_description -DAMENT_CMAKE_SYMLINK_INSTALL=1 -DCMAKE_INSTALL_PREFIX=/home/swarmmaster/thesis_ws/install/linorobot2_description
[0.165s] -- The C compiler identification is GNU 11.3.0
[0.293s] -- The CXX compiler identification is GNU 11.3.0
[0.318s] -- Detecting C compiler ABI info
[0.479s] -- Detecting C compiler ABI info - done
[0.507s] -- Check for working C compiler: /usr/bin/cc - skipped
[0.507s] -- Detecting C compile features
[0.509s] -- Detecting C compile features - done
[0.521s] -- Detecting CXX compiler ABI info
[0.730s] -- Detecting CXX compiler ABI info - done
[0.744s] -- Check for working CXX compiler: /usr/bin/c++ - skipped
[0.745s] -- Detecting CXX compile features
[0.747s] -- Detecting CXX compile features - done
[0.756s] -- Found ament_cmake: 1.3.3 (/opt/ros/humble/share/ament_cmake/cmake)
[1.042s] -- Found Python3: /usr/bin/python3.10 (found version "3.10.6") found components: Interpreter 
[1.133s] -- Override CMake install command with custom implementation using symlinks instead of copying resources
[1.213s] -- Found urdf: 2.6.0 (/opt/ros/humble/share/urdf/cmake)
[1.429s] -- Configuring done
[1.437s] -- Generating done
[1.438s] -- Build files have been written to: /home/swarmmaster/thesis_ws/build/linorobot2_description
[1.449s] Invoked command in '/home/swarmmaster/thesis_ws/build/linorobot2_description' returned '0': CMAKE_PREFIX_PATH=${CMAKE_PREFIX_PATH}:/home/swarmmaster/thesis_ws/install/linorobot2_description:/home/swarmmaster/ros2_ws/install/my_robot_controller:/opt/ros/humble /usr/bin/cmake /home/swarmmaster/thesis_ws/src/linorobot2/linorobot2_description -DAMENT_CMAKE_SYMLINK_INSTALL=1 -DCMAKE_INSTALL_PREFIX=/home/swarmmaster/thesis_ws/install/linorobot2_description
[1.449s] Invoking command in '/home/swarmmaster/thesis_ws/build/linorobot2_description': CMAKE_PREFIX_PATH=${CMAKE_PREFIX_PATH}:/home/swarmmaster/thesis_ws/install/linorobot2_description:/home/swarmmaster/ros2_ws/install/my_robot_controller:/opt/ros/humble /usr/bin/cmake --build /home/swarmmaster/thesis_ws/build/linorobot2_description -- -j4 -l4
[1.540s] Invoked command in '/home/swarmmaster/thesis_ws/build/linorobot2_description' returned '0': CMAKE_PREFIX_PATH=${CMAKE_PREFIX_PATH}:/home/swarmmaster/thesis_ws/install/linorobot2_description:/home/swarmmaster/ros2_ws/install/my_robot_controller:/opt/ros/humble /usr/bin/cmake --build /home/swarmmaster/thesis_ws/build/linorobot2_description -- -j4 -l4
[1.696s] Invoking command in '/home/swarmmaster/thesis_ws/build/linorobot2_description': CMAKE_PREFIX_PATH=${CMAKE_PREFIX_PATH}:/home/swarmmaster/thesis_ws/install/linorobot2_description:/home/swarmmaster/ros2_ws/install/my_robot_controller:/opt/ros/humble /usr/bin/cmake --install /home/swarmmaster/thesis_ws/build/linorobot2_description
[1.710s] -- Install configuration: ""
[1.710s] -- Execute custom install script
[1.710s] -- Symlinking: /home/swarmmaster/thesis_ws/install/linorobot2_description/share/linorobot2_description/launch/description.launch.py
[1.737s] -- Symlinking: /home/swarmmaster/thesis_ws/install/linorobot2_description/share/linorobot2_description/urdf/2wd_properties.urdf.xacro
[1.760s] -- Symlinking: /home/swarmmaster/thesis_ws/install/linorobot2_description/share/linorobot2_description/urdf/4wd_properties.urdf.xacro
[1.788s] -- Symlinking: /home/swarmmaster/thesis_ws/install/linorobot2_description/share/linorobot2_description/urdf/controllers/diff_drive.urdf.xacro
[1.800s] -- Symlinking: /home/swarmmaster/thesis_ws/install/linorobot2_description/share/linorobot2_description/urdf/controllers/omni_drive.urdf.xacro
[1.811s] -- Symlinking: /home/swarmmaster/thesis_ws/install/linorobot2_description/share/linorobot2_description/urdf/controllers/skid_steer.urdf.xacro
[1.822s] -- Symlinking: /home/swarmmaster/thesis_ws/install/linorobot2_description/share/linorobot2_description/urdf/mecanum_properties.urdf.xacro
[1.833s] -- Symlinking: /home/swarmmaster/thesis_ws/install/linorobot2_description/share/linorobot2_description/urdf/mech/base.urdf.xacro
[1.844s] -- Symlinking: /home/swarmmaster/thesis_ws/install/linorobot2_description/share/linorobot2_description/urdf/mech/caster_wheel.urdf.xacro
[1.859s] -- Symlinking: /home/swarmmaster/thesis_ws/install/linorobot2_description/share/linorobot2_description/urdf/mech/mecanum_wheel.urdf.xacro
[1.865s] -- Symlinking: /home/swarmmaster/thesis_ws/install/linorobot2_description/share/linorobot2_description/urdf/mech/wheel.urdf.xacro
[1.874s] -- Symlinking: /home/swarmmaster/thesis_ws/install/linorobot2_description/share/linorobot2_description/urdf/robots/2wd.urdf.xacro
[1.886s] -- Symlinking: /home/swarmmaster/thesis_ws/install/linorobot2_description/share/linorobot2_description/urdf/robots/4wd.urdf.xacro
[1.898s] -- Symlinking: /home/swarmmaster/thesis_ws/install/linorobot2_description/share/linorobot2_description/urdf/robots/mecanum.urdf.xacro
[1.908s] -- Symlinking: /home/swarmmaster/thesis_ws/install/linorobot2_description/share/linorobot2_description/urdf/robots/square.urdf.xacro
[1.919s] -- Symlinking: /home/swarmmaster/thesis_ws/install/linorobot2_description/share/linorobot2_description/urdf/sensors/depth_sensor.urdf.xacro
[1.933s] -- Symlinking: /home/swarmmaster/thesis_ws/install/linorobot2_description/share/linorobot2_description/urdf/sensors/generic_laser.urdf.xacro
[1.948s] -- Symlinking: /home/swarmmaster/thesis_ws/install/linorobot2_description/share/linorobot2_description/urdf/sensors/imu.urdf.xacro
[1.960s] -- Symlinking: /home/swarmmaster/thesis_ws/install/linorobot2_description/share/linorobot2_description/urdf/sensors/laser.urdf.xacro
[1.971s] -- Symlinking: /home/swarmmaster/thesis_ws/install/linorobot2_description/share/linorobot2_description/rviz/description.rviz
[2.001s] -- Symlinking: /home/swarmmaster/thesis_ws/install/linorobot2_description/share/ament_index/resource_index/package_run_dependencies/linorobot2_description
[2.014s] -- Symlinking: /home/swarmmaster/thesis_ws/install/linorobot2_description/share/ament_index/resource_index/parent_prefix_path/linorobot2_description
[2.031s] -- Symlinking: /home/swarmmaster/thesis_ws/install/linorobot2_description/share/linorobot2_description/environment/ament_prefix_path.sh
[2.042s] -- Symlinking: /home/swarmmaster/thesis_ws/install/linorobot2_description/share/linorobot2_description/environment/ament_prefix_path.dsv
[2.055s] -- Symlinking: /home/swarmmaster/thesis_ws/install/linorobot2_description/share/linorobot2_description/environment/path.sh
[2.068s] -- Symlinking: /home/swarmmaster/thesis_ws/install/linorobot2_description/share/linorobot2_description/environment/path.dsv
[2.079s] -- Symlinking: /home/swarmmaster/thesis_ws/install/linorobot2_description/share/linorobot2_description/local_setup.bash
[2.089s] -- Symlinking: /home/swarmmaster/thesis_ws/install/linorobot2_description/share/linorobot2_description/local_setup.sh
[2.103s] -- Symlinking: /home/swarmmaster/thesis_ws/install/linorobot2_description/share/linorobot2_description/local_setup.zsh
[2.115s] -- Symlinking: /home/swarmmaster/thesis_ws/install/linorobot2_description/share/linorobot2_description/local_setup.dsv
[2.127s] -- Symlinking: /home/swarmmaster/thesis_ws/install/linorobot2_description/share/linorobot2_description/package.dsv
[2.138s] -- Symlinking: /home/swarmmaster/thesis_ws/install/linorobot2_description/share/ament_index/resource_index/packages/linorobot2_description
[2.149s] -- Symlinking: /home/swarmmaster/thesis_ws/install/linorobot2_description/share/linorobot2_description/cmake/linorobot2_descriptionConfig.cmake
[2.160s] -- Symlinking: /home/swarmmaster/thesis_ws/install/linorobot2_description/share/linorobot2_description/cmake/linorobot2_descriptionConfig-version.cmake
[2.171s] -- Symlinking: /home/swarmmaster/thesis_ws/install/linorobot2_description/share/linorobot2_description/package.xml
[2.188s] Invoked command in '/home/swarmmaster/thesis_ws/build/linorobot2_description' returned '0': CMAKE_PREFIX_PATH=${CMAKE_PREFIX_PATH}:/home/swarmmaster/thesis_ws/install/linorobot2_description:/home/swarmmaster/ros2_ws/install/my_robot_controller:/opt/ros/humble /usr/bin/cmake --install /home/swarmmaster/thesis_ws/build/linorobot2_description
