[0.048s] Invoking command in '/home/swarmmaster/thesis_ws/build/box_bot_description': CMAKE_PREFIX_PATH=${CMAKE_PREFIX_PATH}:/home/swarmmaster/thesis_ws/install/linorobot2_description:/home/swarmmaster/ros2_ws/install/my_robot_controller:/opt/ros/humble /usr/bin/cmake /home/swarmmaster/thesis_ws/src/box_bot/box_bot_description -DAMENT_CMAKE_SYMLINK_INSTALL=1 -DCMAKE_INSTALL_PREFIX=/home/swarmmaster/thesis_ws/install/box_bot_description
[0.147s] -- The C compiler identification is GNU 11.3.0
[0.226s] -- The CXX compiler identification is GNU 11.3.0
[0.236s] -- Detecting C compiler ABI info
[0.363s] -- Detecting C compiler ABI info - done
[0.380s] -- Check for working C compiler: /usr/bin/cc - skipped
[0.381s] -- Detecting C compile features
[0.382s] -- Detecting C compile features - done
[0.392s] -- Detecting CXX compiler ABI info
[0.594s] -- Detecting CXX compiler ABI info - done
[0.605s] -- Check for working CXX compiler: /usr/bin/c++ - skipped
[0.616s] -- Detecting CXX compile features
[0.618s] -- Detecting CXX compile features - done
[0.631s] -- Found ament_cmake: 1.3.3 (/opt/ros/humble/share/ament_cmake/cmake)
[0.907s] -- Found Python3: /usr/bin/python3.10 (found version "3.10.6") found components: Interpreter 
[1.020s] -- Override CMake install command with custom implementation using symlinks instead of copying resources
[1.114s] -- Found urdf: 2.6.0 (/opt/ros/humble/share/urdf/cmake)
[1.217s] -- Found ament_lint_auto: 0.12.5 (/opt/ros/humble/share/ament_lint_auto/cmake)
[1.346s] -- Added test 'copyright' to check source files copyright and LICENSE
[1.350s] -- Added test 'flake8' to check Python code syntax and style conventions
[1.351s] -- Added test 'lint_cmake' to check CMake code style
[1.352s] -- Added test 'pep257' to check Python code against some of the docstring style conventions in PEP 257
[1.361s] -- Added test 'xmllint' to check XML markup files
[1.361s] -- Configuring done
[1.362s] -- Generating done
[1.367s] -- Build files have been written to: /home/swarmmaster/thesis_ws/build/box_bot_description
[1.388s] Invoked command in '/home/swarmmaster/thesis_ws/build/box_bot_description' returned '0': CMAKE_PREFIX_PATH=${CMAKE_PREFIX_PATH}:/home/swarmmaster/thesis_ws/install/linorobot2_description:/home/swarmmaster/ros2_ws/install/my_robot_controller:/opt/ros/humble /usr/bin/cmake /home/swarmmaster/thesis_ws/src/box_bot/box_bot_description -DAMENT_CMAKE_SYMLINK_INSTALL=1 -DCMAKE_INSTALL_PREFIX=/home/swarmmaster/thesis_ws/install/box_bot_description
[1.389s] Invoking command in '/home/swarmmaster/thesis_ws/build/box_bot_description': CMAKE_PREFIX_PATH=${CMAKE_PREFIX_PATH}:/home/swarmmaster/thesis_ws/install/linorobot2_description:/home/swarmmaster/ros2_ws/install/my_robot_controller:/opt/ros/humble /usr/bin/cmake --build /home/swarmmaster/thesis_ws/build/box_bot_description -- -j4 -l4
[1.470s] Invoked command in '/home/swarmmaster/thesis_ws/build/box_bot_description' returned '0': CMAKE_PREFIX_PATH=${CMAKE_PREFIX_PATH}:/home/swarmmaster/thesis_ws/install/linorobot2_description:/home/swarmmaster/ros2_ws/install/my_robot_controller:/opt/ros/humble /usr/bin/cmake --build /home/swarmmaster/thesis_ws/build/box_bot_description -- -j4 -l4
[1.525s] Invoking command in '/home/swarmmaster/thesis_ws/build/box_bot_description': CMAKE_PREFIX_PATH=${CMAKE_PREFIX_PATH}:/home/swarmmaster/thesis_ws/install/linorobot2_description:/home/swarmmaster/ros2_ws/install/my_robot_controller:/opt/ros/humble /usr/bin/cmake --install /home/swarmmaster/thesis_ws/build/box_bot_description
[1.526s] -- Install configuration: ""
[1.526s] -- Execute custom install script
[1.527s] -- Symlinking: /home/swarmmaster/thesis_ws/install/box_bot_description/share/box_bot_description//launch/multi_spawn_robot_launch.py
[1.542s] -- Symlinking: /home/swarmmaster/thesis_ws/install/box_bot_description/share/box_bot_description//launch/spawn_box_bot.py
[1.554s] -- Symlinking: /home/swarmmaster/thesis_ws/install/box_bot_description/share/box_bot_description//launch/spawn_box_bot_launch.py
[1.565s] -- Symlinking: /home/swarmmaster/thesis_ws/install/box_bot_description/share/box_bot_description//launch/spawn_robot_launch.py
[1.577s] -- Symlinking: /home/swarmmaster/thesis_ws/install/box_bot_description/share/box_bot_description//robot/box_bot.gazebo
[1.588s] -- Symlinking: /home/swarmmaster/thesis_ws/install/box_bot_description/share/box_bot_description//robot/box_bot.urdf
[1.598s] -- Symlinking: /home/swarmmaster/thesis_ws/install/box_bot_description/share/box_bot_description//robot/box_bot.xacro
[1.608s] -- Symlinking: /home/swarmmaster/thesis_ws/install/box_bot_description/share/box_bot_description//robot/box_bot_body.xacro
[1.618s] -- Symlinking: /home/swarmmaster/thesis_ws/install/box_bot_description/share/box_bot_description//robot/box_bot_propeller.xacro
[1.628s] -- Symlinking: /home/swarmmaster/thesis_ws/install/box_bot_description/share/box_bot_description//robot/box_bot_v2.urdf
[1.638s] -- Symlinking: /home/swarmmaster/thesis_ws/install/box_bot_description/share/box_bot_description//robot/caster_wheels.xacro
[1.649s] -- Symlinking: /home/swarmmaster/thesis_ws/install/box_bot_description/share/box_bot_description//robot/macros.xacro
[1.660s] -- Symlinking: /home/swarmmaster/thesis_ws/install/box_bot_description/share/box_bot_description//robot/materials.xacro
[1.672s] -- Symlinking: /home/swarmmaster/thesis_ws/install/box_bot_description/share/box_bot_description//robot/properties.xacro
[1.683s] -- Symlinking: /home/swarmmaster/thesis_ws/install/box_bot_description/share/box_bot_description//robot/wheels.xacro
[1.694s] -- Symlinking: /home/swarmmaster/thesis_ws/install/box_bot_description/lib/box_bot_description/spawn_box_bot.py
[1.706s] -- Up-to-date symlink: /home/swarmmaster/thesis_ws/install/box_bot_description/lib/box_bot_description/spawn_box_bot.py
[1.708s] -- Symlinking: /home/swarmmaster/thesis_ws/install/box_bot_description/share/ament_index/resource_index/package_run_dependencies/box_bot_description
[1.718s] -- Symlinking: /home/swarmmaster/thesis_ws/install/box_bot_description/share/ament_index/resource_index/parent_prefix_path/box_bot_description
[1.728s] -- Symlinking: /home/swarmmaster/thesis_ws/install/box_bot_description/share/box_bot_description/environment/ament_prefix_path.sh
[1.739s] -- Symlinking: /home/swarmmaster/thesis_ws/install/box_bot_description/share/box_bot_description/environment/ament_prefix_path.dsv
[1.751s] -- Symlinking: /home/swarmmaster/thesis_ws/install/box_bot_description/share/box_bot_description/environment/path.sh
[1.764s] -- Symlinking: /home/swarmmaster/thesis_ws/install/box_bot_description/share/box_bot_description/environment/path.dsv
[1.776s] -- Symlinking: /home/swarmmaster/thesis_ws/install/box_bot_description/share/box_bot_description/local_setup.bash
[1.792s] -- Symlinking: /home/swarmmaster/thesis_ws/install/box_bot_description/share/box_bot_description/local_setup.sh
[1.802s] -- Symlinking: /home/swarmmaster/thesis_ws/install/box_bot_description/share/box_bot_description/local_setup.zsh
[1.812s] -- Symlinking: /home/swarmmaster/thesis_ws/install/box_bot_description/share/box_bot_description/local_setup.dsv
[1.823s] -- Symlinking: /home/swarmmaster/thesis_ws/install/box_bot_description/share/box_bot_description/package.dsv
[1.836s] -- Symlinking: /home/swarmmaster/thesis_ws/install/box_bot_description/share/ament_index/resource_index/packages/box_bot_description
[1.850s] -- Symlinking: /home/swarmmaster/thesis_ws/install/box_bot_description/share/box_bot_description/cmake/box_bot_descriptionConfig.cmake
[1.862s] -- Symlinking: /home/swarmmaster/thesis_ws/install/box_bot_description/share/box_bot_description/cmake/box_bot_descriptionConfig-version.cmake
[1.872s] -- Symlinking: /home/swarmmaster/thesis_ws/install/box_bot_description/share/box_bot_description/package.xml
[1.895s] Invoked command in '/home/swarmmaster/thesis_ws/build/box_bot_description' returned '0': CMAKE_PREFIX_PATH=${CMAKE_PREFIX_PATH}:/home/swarmmaster/thesis_ws/install/linorobot2_description:/home/swarmmaster/ros2_ws/install/my_robot_controller:/opt/ros/humble /usr/bin/cmake --install /home/swarmmaster/thesis_ws/build/box_bot_description
