[0.018s] Invoking command in '/home/swarmmaster/thesis_ws/build/box_bot_gazebo': CMAKE_PREFIX_PATH=${CMAKE_PREFIX_PATH}:/home/swarmmaster/thesis_ws/install/linorobot2_description:/home/swarmmaster/ros2_ws/install/my_robot_controller:/opt/ros/humble /usr/bin/cmake /home/swarmmaster/thesis_ws/src/box_bot/box_bot_gazebo -Wno-dev -DAMENT_CMAKE_SYMLINK_INSTALL=1 -DCMAKE_INSTALL_PREFIX=/home/swarmmaster/thesis_ws/install/box_bot_gazebo
[0.036s] -- Found ament_cmake: 1.3.3 (/opt/ros/humble/share/ament_cmake/cmake)
[0.204s] -- Override CMake install command with custom implementation using symlinks instead of copying resources
[0.214s] -- Found rclcpp: 16.0.3 (/opt/ros/humble/share/rclcpp/cmake)
[0.256s] -- Found rosidl_generator_c: 3.1.4 (/opt/ros/humble/share/rosidl_generator_c/cmake)
[0.261s] -- Found rosidl_adapter: 3.1.4 (/opt/ros/humble/share/rosidl_adapter/cmake)
[0.269s] -- Found rosidl_generator_cpp: 3.1.4 (/opt/ros/humble/share/rosidl_generator_cpp/cmake)
[0.284s] -- Using all available rosidl_typesupport_c: rosidl_typesupport_fastrtps_c;rosidl_typesupport_introspection_c
[0.305s] -- Using all available rosidl_typesupport_cpp: rosidl_typesupport_fastrtps_cpp;rosidl_typesupport_introspection_cpp
[0.378s] -- Found rmw_implementation_cmake: 6.1.1 (/opt/ros/humble/share/rmw_implementation_cmake/cmake)
[0.380s] -- Found rmw_fastrtps_cpp: 6.2.2 (/opt/ros/humble/share/rmw_fastrtps_cpp/cmake)
[0.557s] -- Using RMW implementation 'rmw_fastrtps_cpp' as default
[0.762s] -- Found rclpy: 3.3.7 (/opt/ros/humble/share/rclpy/cmake)
[0.794s] -- Found DART: /usr/include (Required is at least version "6.6") found components: dart 
[0.828s] -- Looking for ignition-math6 -- found version 6.14.0
[0.833s] -- Searching for dependencies of ignition-math6
[0.835s] -- Looking for OGRE...
[0.842s] -- Found Ogre Ghadamon (1.9.0)
[0.842s] -- Found OGRE: optimized;/usr/lib/x86_64-linux-gnu/libOgreMain.so;debug;/usr/lib/x86_64-linux-gnu/libOgreMain.so
[0.854s] -- Looking for OGRE_Paging...
[0.854s] -- Found OGRE_Paging: optimized;/usr/lib/x86_64-linux-gnu/libOgrePaging.so;debug;/usr/lib/x86_64-linux-gnu/libOgrePaging.so
[0.854s] -- Looking for OGRE_Terrain...
[0.854s] -- Found OGRE_Terrain: optimized;/usr/lib/x86_64-linux-gnu/libOgreTerrain.so;debug;/usr/lib/x86_64-linux-gnu/libOgreTerrain.so
[0.855s] -- Looking for OGRE_Property...
[0.855s] -- Found OGRE_Property: optimized;/usr/lib/x86_64-linux-gnu/libOgreProperty.so;debug;/usr/lib/x86_64-linux-gnu/libOgreProperty.so
[0.855s] -- Looking for OGRE_RTShaderSystem...
[0.855s] -- Found OGRE_RTShaderSystem: optimized;/usr/lib/x86_64-linux-gnu/libOgreRTShaderSystem.so;debug;/usr/lib/x86_64-linux-gnu/libOgreRTShaderSystem.so
[0.855s] -- Looking for OGRE_Volume...
[0.855s] -- Found OGRE_Volume: optimized;/usr/lib/x86_64-linux-gnu/libOgreVolume.so;debug;/usr/lib/x86_64-linux-gnu/libOgreVolume.so
[0.855s] -- Looking for OGRE_Overlay...
[0.855s] -- Found OGRE_Overlay: optimized;/usr/lib/x86_64-linux-gnu/libOgreOverlay.so;debug;/usr/lib/x86_64-linux-gnu/libOgreOverlay.so
[1.066s] -- Looking for ignition-math6 -- found version 6.14.0
[1.067s] -- Looking for ignition-transport8 -- found version 8.2.1
[1.067s] -- Searching for dependencies of ignition-transport8
[1.101s] -- Config-file not installed for ZeroMQ -- checking for pkg-config
[1.107s] -- Checking for module 'libzmq >= 4'
[1.123s] --   Found libzmq , version 4.3.4
[1.171s] -- Checking for module 'uuid'
[1.187s] --   Found uuid, version 2.37.2
[1.222s] -- Looking for ignition-msgs5 -- found version 5.8.1
[1.223s] -- Searching for dependencies of ignition-msgs5
[1.225s] -- Looking for ignition-math6 -- found version 6.14.0
[1.231s] -- Checking for module 'tinyxml2'
[1.247s] --   Found tinyxml2, version 9.0.0
[1.284s] -- Looking for ignition-msgs5 -- found version 5.8.1
[1.284s] -- Looking for ignition-common3 -- found version 3.14.0
[1.285s] -- Searching for dependencies of ignition-common3
[1.285s] -- Looking for dlfcn.h - found
[1.285s] -- Looking for libdl - found
[1.299s] -- Searching for <ignition-common3> component [graphics]
[1.300s] -- Looking for ignition-common3-graphics -- found version 3.14.0
[1.300s] -- Searching for dependencies of ignition-common3-graphics
[1.301s] -- Looking for ignition-math6 -- found version 6.14.0
[1.302s] -- Looking for ignition-fuel_tools4 -- found version 4.4.0
[1.303s] -- Searching for dependencies of ignition-fuel_tools4
[1.357s] -- Checking for module 'jsoncpp'
[1.374s] --   Found jsoncpp, version 1.9.5
[1.418s] -- Checking for module 'libzip'
[1.435s] --   Found libzip, version 1.7.3
[1.473s] -- Looking for ignition-common3 -- found version 3.14.0
[1.473s] -- Looking for ignition-math6 -- found version 6.14.0
[1.474s] -- Looking for ignition-msgs5 -- found version 5.8.1
[1.476s] -- Found ament_lint_auto: 0.12.5 (/opt/ros/humble/share/ament_lint_auto/cmake)
[1.567s] -- Added test 'copyright' to check source files copyright and LICENSE
[1.570s] -- Added test 'flake8' to check Python code syntax and style conventions
[1.570s] -- Added test 'lint_cmake' to check CMake code style
[1.571s] -- Added test 'pep257' to check Python code against some of the docstring style conventions in PEP 257
[1.573s] -- Added test 'xmllint' to check XML markup files
[1.574s] -- Configuring done
[1.582s] -- Generating done
[1.584s] -- Build files have been written to: /home/swarmmaster/thesis_ws/build/box_bot_gazebo
[1.596s] Invoked command in '/home/swarmmaster/thesis_ws/build/box_bot_gazebo' returned '0': CMAKE_PREFIX_PATH=${CMAKE_PREFIX_PATH}:/home/swarmmaster/thesis_ws/install/linorobot2_description:/home/swarmmaster/ros2_ws/install/my_robot_controller:/opt/ros/humble /usr/bin/cmake /home/swarmmaster/thesis_ws/src/box_bot/box_bot_gazebo -Wno-dev -DAMENT_CMAKE_SYMLINK_INSTALL=1 -DCMAKE_INSTALL_PREFIX=/home/swarmmaster/thesis_ws/install/box_bot_gazebo
[1.599s] Invoking command in '/home/swarmmaster/thesis_ws/build/box_bot_gazebo': CMAKE_PREFIX_PATH=${CMAKE_PREFIX_PATH}:/home/swarmmaster/thesis_ws/install/linorobot2_description:/home/swarmmaster/ros2_ws/install/my_robot_controller:/opt/ros/humble /usr/bin/cmake --build /home/swarmmaster/thesis_ws/build/box_bot_gazebo -- -j4 -l4
[1.646s] Invoked command in '/home/swarmmaster/thesis_ws/build/box_bot_gazebo' returned '0': CMAKE_PREFIX_PATH=${CMAKE_PREFIX_PATH}:/home/swarmmaster/thesis_ws/install/linorobot2_description:/home/swarmmaster/ros2_ws/install/my_robot_controller:/opt/ros/humble /usr/bin/cmake --build /home/swarmmaster/thesis_ws/build/box_bot_gazebo -- -j4 -l4
[1.688s] Invoking command in '/home/swarmmaster/thesis_ws/build/box_bot_gazebo': CMAKE_PREFIX_PATH=${CMAKE_PREFIX_PATH}:/home/swarmmaster/thesis_ws/install/linorobot2_description:/home/swarmmaster/ros2_ws/install/my_robot_controller:/opt/ros/humble /usr/bin/cmake --install /home/swarmmaster/thesis_ws/build/box_bot_gazebo
[1.696s] -- Install configuration: ""
[1.696s] -- Execute custom install script
[1.697s] -- Up-to-date symlink: /home/swarmmaster/thesis_ws/install/box_bot_gazebo/share/box_bot_gazebo//launch/.vscode/c_cpp_properties.json
[1.697s] -- Up-to-date symlink: /home/swarmmaster/thesis_ws/install/box_bot_gazebo/share/box_bot_gazebo//launch/.vscode/settings.json
[1.697s] -- Up-to-date symlink: /home/swarmmaster/thesis_ws/install/box_bot_gazebo/share/box_bot_gazebo//launch/multi_box_bot_launch.py
[1.697s] -- Up-to-date symlink: /home/swarmmaster/thesis_ws/install/box_bot_gazebo/share/box_bot_gazebo//launch/start_world_launch.py
[1.698s] -- Up-to-date symlink: /home/swarmmaster/thesis_ws/install/box_bot_gazebo/share/box_bot_gazebo//worlds/box_bot_empty.world
[1.698s] -- Up-to-date symlink: /home/swarmmaster/thesis_ws/install/box_bot_gazebo/share/ament_index/resource_index/package_run_dependencies/box_bot_gazebo
[1.698s] -- Up-to-date symlink: /home/swarmmaster/thesis_ws/install/box_bot_gazebo/share/ament_index/resource_index/parent_prefix_path/box_bot_gazebo
[1.699s] -- Up-to-date symlink: /home/swarmmaster/thesis_ws/install/box_bot_gazebo/share/box_bot_gazebo/environment/ament_prefix_path.sh
[1.699s] -- Up-to-date symlink: /home/swarmmaster/thesis_ws/install/box_bot_gazebo/share/box_bot_gazebo/environment/ament_prefix_path.dsv
[1.699s] -- Up-to-date symlink: /home/swarmmaster/thesis_ws/install/box_bot_gazebo/share/box_bot_gazebo/environment/path.sh
[1.699s] -- Up-to-date symlink: /home/swarmmaster/thesis_ws/install/box_bot_gazebo/share/box_bot_gazebo/environment/path.dsv
[1.700s] -- Up-to-date symlink: /home/swarmmaster/thesis_ws/install/box_bot_gazebo/share/box_bot_gazebo/local_setup.bash
[1.700s] -- Up-to-date symlink: /home/swarmmaster/thesis_ws/install/box_bot_gazebo/share/box_bot_gazebo/local_setup.sh
[1.700s] -- Up-to-date symlink: /home/swarmmaster/thesis_ws/install/box_bot_gazebo/share/box_bot_gazebo/local_setup.zsh
[1.700s] -- Up-to-date symlink: /home/swarmmaster/thesis_ws/install/box_bot_gazebo/share/box_bot_gazebo/local_setup.dsv
[1.700s] -- Symlinking: /home/swarmmaster/thesis_ws/install/box_bot_gazebo/share/box_bot_gazebo/package.dsv
[1.713s] -- Up-to-date symlink: /home/swarmmaster/thesis_ws/install/box_bot_gazebo/share/ament_index/resource_index/packages/box_bot_gazebo
[1.713s] -- Up-to-date symlink: /home/swarmmaster/thesis_ws/install/box_bot_gazebo/share/box_bot_gazebo/cmake/box_bot_gazeboConfig.cmake
[1.722s] -- Up-to-date symlink: /home/swarmmaster/thesis_ws/install/box_bot_gazebo/share/box_bot_gazebo/cmake/box_bot_gazeboConfig-version.cmake
[1.722s] -- Up-to-date symlink: /home/swarmmaster/thesis_ws/install/box_bot_gazebo/share/box_bot_gazebo/package.xml
[1.724s] Invoked command in '/home/swarmmaster/thesis_ws/build/box_bot_gazebo' returned '0': CMAKE_PREFIX_PATH=${CMAKE_PREFIX_PATH}:/home/swarmmaster/thesis_ws/install/linorobot2_description:/home/swarmmaster/ros2_ws/install/my_robot_controller:/opt/ros/humble /usr/bin/cmake --install /home/swarmmaster/thesis_ws/build/box_bot_gazebo
