[0.028s] Invoking command in '/home/swarmmaster/thesis_ws/build/box_bot_tutorials': CMAKE_PREFIX_PATH=${CMAKE_PREFIX_PATH}:/home/swarmmaster/thesis_ws/install/linorobot2_description:/home/swarmmaster/ros2_ws/install/my_robot_controller:/opt/ros/humble /usr/bin/cmake /home/swarmmaster/thesis_ws/src/box_bot/box_bot_tutorials -DAMENT_CMAKE_SYMLINK_INSTALL=1 -DCMAKE_INSTALL_PREFIX=/home/swarmmaster/thesis_ws/install/box_bot_tutorials
[0.131s] -- The C compiler identification is GNU 11.3.0
[0.235s] -- The CXX compiler identification is GNU 11.3.0
[0.252s] -- Detecting C compiler ABI info
[0.399s] -- Detecting C compiler ABI info - done
[0.417s] -- Check for working C compiler: /usr/bin/cc - skipped
[0.418s] -- Detecting C compile features
[0.418s] -- Detecting C compile features - done
[0.436s] -- Detecting CXX compiler ABI info
[0.638s] -- Detecting CXX compiler ABI info - done
[0.654s] -- Check for working CXX compiler: /usr/bin/c++ - skipped
[0.654s] -- Detecting CXX compile features
[0.655s] -- Detecting CXX compile features - done
[0.671s] -- Found ament_cmake: 1.3.3 (/opt/ros/humble/share/ament_cmake/cmake)
[0.971s] -- Found Python3: /usr/bin/python3.10 (found version "3.10.6") found components: Interpreter 
[1.066s] -- Override CMake install command with custom implementation using symlinks instead of copying resources
[1.140s] -- Found rclcpp: 16.0.3 (/opt/ros/humble/share/rclcpp/cmake)
[1.222s] -- Found rosidl_generator_c: 3.1.4 (/opt/ros/humble/share/rosidl_generator_c/cmake)
[1.233s] -- Found rosidl_adapter: 3.1.4 (/opt/ros/humble/share/rosidl_adapter/cmake)
[1.249s] -- Found rosidl_generator_cpp: 3.1.4 (/opt/ros/humble/share/rosidl_generator_cpp/cmake)
[1.283s] -- Using all available rosidl_typesupport_c: rosidl_typesupport_fastrtps_c;rosidl_typesupport_introspection_c
[1.317s] -- Using all available rosidl_typesupport_cpp: rosidl_typesupport_fastrtps_cpp;rosidl_typesupport_introspection_cpp
[1.452s] -- Found rmw_implementation_cmake: 6.1.1 (/opt/ros/humble/share/rmw_implementation_cmake/cmake)
[1.459s] -- Found rmw_fastrtps_cpp: 6.2.2 (/opt/ros/humble/share/rmw_fastrtps_cpp/cmake)
[1.654s] -- Found OpenSSL: /usr/lib/x86_64-linux-gnu/libcrypto.so (found version "3.0.2")  
[1.707s] -- Found FastRTPS: /opt/ros/humble/include  
[1.802s] -- Using RMW implementation 'rmw_fastrtps_cpp' as default
[1.825s] -- Looking for pthread.h
[2.000s] -- Looking for pthread.h - found
[2.001s] -- Performing Test CMAKE_HAVE_LIBC_PTHREAD
[2.108s] -- Performing Test CMAKE_HAVE_LIBC_PTHREAD - Success
[2.108s] -- Found Threads: TRUE  
[2.395s] -- Found rclpy: 3.3.7 (/opt/ros/humble/share/rclpy/cmake)
[2.400s] -- Found ament_lint_auto: 0.12.5 (/opt/ros/humble/share/ament_lint_auto/cmake)
[2.625s] -- Added test 'copyright' to check source files copyright and LICENSE
[2.628s] -- Added test 'flake8' to check Python code syntax and style conventions
[2.633s] -- Added test 'lint_cmake' to check CMake code style
[2.636s] -- Added test 'pep257' to check Python code against some of the docstring style conventions in PEP 257
[2.637s] -- Added test 'xmllint' to check XML markup files
[2.644s] -- Configuring done
[2.656s] -- Generating done
[2.658s] -- Build files have been written to: /home/swarmmaster/thesis_ws/build/box_bot_tutorials
[2.679s] Invoked command in '/home/swarmmaster/thesis_ws/build/box_bot_tutorials' returned '0': CMAKE_PREFIX_PATH=${CMAKE_PREFIX_PATH}:/home/swarmmaster/thesis_ws/install/linorobot2_description:/home/swarmmaster/ros2_ws/install/my_robot_controller:/opt/ros/humble /usr/bin/cmake /home/swarmmaster/thesis_ws/src/box_bot/box_bot_tutorials -DAMENT_CMAKE_SYMLINK_INSTALL=1 -DCMAKE_INSTALL_PREFIX=/home/swarmmaster/thesis_ws/install/box_bot_tutorials
[2.680s] Invoking command in '/home/swarmmaster/thesis_ws/build/box_bot_tutorials': CMAKE_PREFIX_PATH=${CMAKE_PREFIX_PATH}:/home/swarmmaster/thesis_ws/install/linorobot2_description:/home/swarmmaster/ros2_ws/install/my_robot_controller:/opt/ros/humble /usr/bin/cmake --build /home/swarmmaster/thesis_ws/build/box_bot_tutorials -- -j4 -l4
[2.729s] Invoked command in '/home/swarmmaster/thesis_ws/build/box_bot_tutorials' returned '0': CMAKE_PREFIX_PATH=${CMAKE_PREFIX_PATH}:/home/swarmmaster/thesis_ws/install/linorobot2_description:/home/swarmmaster/ros2_ws/install/my_robot_controller:/opt/ros/humble /usr/bin/cmake --build /home/swarmmaster/thesis_ws/build/box_bot_tutorials -- -j4 -l4
[2.825s] Invoking command in '/home/swarmmaster/thesis_ws/build/box_bot_tutorials': CMAKE_PREFIX_PATH=${CMAKE_PREFIX_PATH}:/home/swarmmaster/thesis_ws/install/linorobot2_description:/home/swarmmaster/ros2_ws/install/my_robot_controller:/opt/ros/humble /usr/bin/cmake --install /home/swarmmaster/thesis_ws/build/box_bot_tutorials
[2.850s] -- Install configuration: ""
[2.850s] -- Execute custom install script
[2.850s] -- Symlinking: /home/swarmmaster/thesis_ws/install/box_bot_tutorials/share/box_bot_tutorials//launch/box_bot_tut_talker_launch.py
[2.864s] -- Symlinking: /home/swarmmaster/thesis_ws/install/box_bot_tutorials/lib/box_bot_tutorials/talker.py
[2.875s] -- Symlinking: /home/swarmmaster/thesis_ws/install/box_bot_tutorials/share/ament_index/resource_index/package_run_dependencies/box_bot_tutorials
[2.887s] -- Symlinking: /home/swarmmaster/thesis_ws/install/box_bot_tutorials/share/ament_index/resource_index/parent_prefix_path/box_bot_tutorials
[2.898s] -- Symlinking: /home/swarmmaster/thesis_ws/install/box_bot_tutorials/share/box_bot_tutorials/environment/ament_prefix_path.sh
[2.912s] -- Symlinking: /home/swarmmaster/thesis_ws/install/box_bot_tutorials/share/box_bot_tutorials/environment/ament_prefix_path.dsv
[2.927s] -- Symlinking: /home/swarmmaster/thesis_ws/install/box_bot_tutorials/share/box_bot_tutorials/environment/path.sh
[2.951s] -- Symlinking: /home/swarmmaster/thesis_ws/install/box_bot_tutorials/share/box_bot_tutorials/environment/path.dsv
[2.974s] -- Symlinking: /home/swarmmaster/thesis_ws/install/box_bot_tutorials/share/box_bot_tutorials/local_setup.bash
[2.993s] -- Symlinking: /home/swarmmaster/thesis_ws/install/box_bot_tutorials/share/box_bot_tutorials/local_setup.sh
[3.022s] -- Symlinking: /home/swarmmaster/thesis_ws/install/box_bot_tutorials/share/box_bot_tutorials/local_setup.zsh
[3.058s] -- Symlinking: /home/swarmmaster/thesis_ws/install/box_bot_tutorials/share/box_bot_tutorials/local_setup.dsv
[3.081s] -- Symlinking: /home/swarmmaster/thesis_ws/install/box_bot_tutorials/share/box_bot_tutorials/package.dsv
[3.100s] -- Symlinking: /home/swarmmaster/thesis_ws/install/box_bot_tutorials/share/ament_index/resource_index/packages/box_bot_tutorials
[3.111s] -- Symlinking: /home/swarmmaster/thesis_ws/install/box_bot_tutorials/share/box_bot_tutorials/cmake/box_bot_tutorialsConfig.cmake
[3.123s] -- Symlinking: /home/swarmmaster/thesis_ws/install/box_bot_tutorials/share/box_bot_tutorials/cmake/box_bot_tutorialsConfig-version.cmake
[3.135s] -- Symlinking: /home/swarmmaster/thesis_ws/install/box_bot_tutorials/share/box_bot_tutorials/package.xml
[3.167s] Invoked command in '/home/swarmmaster/thesis_ws/build/box_bot_tutorials' returned '0': CMAKE_PREFIX_PATH=${CMAKE_PREFIX_PATH}:/home/swarmmaster/thesis_ws/install/linorobot2_description:/home/swarmmaster/ros2_ws/install/my_robot_controller:/opt/ros/humble /usr/bin/cmake --install /home/swarmmaster/thesis_ws/build/box_bot_tutorials
