[0.037s] Invoking command in '/home/swarmmaster/thesis_ws/build/linorobot2': CMAKE_PREFIX_PATH=${CMAKE_PREFIX_PATH}:/home/swarmmaster/thesis_ws/install/multi_spawner:/home/swarmmaster/thesis_ws/install/multi_launcher:/home/swarmmaster/ros2_ws/install/my_robot_controller:/opt/ros/humble /usr/bin/cmake /home/swarmmaster/thesis_ws/src/linorobot2/linorobot2 -DCMAKE_INSTALL_PREFIX=/home/swarmmaster/thesis_ws/install/linorobot2
[0.114s] -- The C compiler identification is GNU 11.3.0
[0.187s] -- The CXX compiler identification is GNU 11.3.0
[0.196s] -- Detecting C compiler ABI info
[0.279s] -- Detecting C compiler ABI info - done
[0.294s] -- Check for working C compiler: /usr/bin/cc - skipped
[0.295s] -- Detecting C compile features
[0.295s] -- Detecting C compile features - done
[0.299s] -- Detecting CXX compiler ABI info
[0.406s] -- Detecting CXX compiler ABI info - done
[0.416s] -- Check for working CXX compiler: /usr/bin/c++ - skipped
[0.416s] -- Detecting CXX compile features
[0.417s] -- Detecting CXX compile features - done
[0.422s] -- Found ament_cmake: 1.3.4 (/opt/ros/humble/share/ament_cmake/cmake)
[0.653s] -- Found Python3: /usr/bin/python3.10 (found version "3.10.6") found components: Interpreter 
[0.869s] -- Configuring done
[0.872s] -- Generating done
[0.873s] -- Build files have been written to: /home/swarmmaster/thesis_ws/build/linorobot2
[0.879s] Invoked command in '/home/swarmmaster/thesis_ws/build/linorobot2' returned '0': CMAKE_PREFIX_PATH=${CMAKE_PREFIX_PATH}:/home/swarmmaster/thesis_ws/install/multi_spawner:/home/swarmmaster/thesis_ws/install/multi_launcher:/home/swarmmaster/ros2_ws/install/my_robot_controller:/opt/ros/humble /usr/bin/cmake /home/swarmmaster/thesis_ws/src/linorobot2/linorobot2 -DCMAKE_INSTALL_PREFIX=/home/swarmmaster/thesis_ws/install/linorobot2
[0.880s] Invoking command in '/home/swarmmaster/thesis_ws/build/linorobot2': CMAKE_PREFIX_PATH=${CMAKE_PREFIX_PATH}:/home/swarmmaster/thesis_ws/install/multi_spawner:/home/swarmmaster/thesis_ws/install/multi_launcher:/home/swarmmaster/ros2_ws/install/my_robot_controller:/opt/ros/humble /usr/bin/cmake --build /home/swarmmaster/thesis_ws/build/linorobot2 -- -j4 -l4
[0.922s] Invoked command in '/home/swarmmaster/thesis_ws/build/linorobot2' returned '0': CMAKE_PREFIX_PATH=${CMAKE_PREFIX_PATH}:/home/swarmmaster/thesis_ws/install/multi_spawner:/home/swarmmaster/thesis_ws/install/multi_launcher:/home/swarmmaster/ros2_ws/install/my_robot_controller:/opt/ros/humble /usr/bin/cmake --build /home/swarmmaster/thesis_ws/build/linorobot2 -- -j4 -l4
[0.986s] Invoking command in '/home/swarmmaster/thesis_ws/build/linorobot2': CMAKE_PREFIX_PATH=${CMAKE_PREFIX_PATH}:/home/swarmmaster/thesis_ws/install/multi_spawner:/home/swarmmaster/thesis_ws/install/multi_launcher:/home/swarmmaster/ros2_ws/install/my_robot_controller:/opt/ros/humble /usr/bin/cmake --install /home/swarmmaster/thesis_ws/build/linorobot2
[0.999s] -- Install configuration: ""
[1.000s] -- Installing: /home/swarmmaster/thesis_ws/install/linorobot2/share/ament_index/resource_index/package_run_dependencies/linorobot2
[1.000s] -- Installing: /home/swarmmaster/thesis_ws/install/linorobot2/share/ament_index/resource_index/parent_prefix_path/linorobot2
[1.001s] -- Installing: /home/swarmmaster/thesis_ws/install/linorobot2/share/linorobot2/environment/ament_prefix_path.sh
[1.001s] -- Installing: /home/swarmmaster/thesis_ws/install/linorobot2/share/linorobot2/environment/ament_prefix_path.dsv
[1.001s] -- Installing: /home/swarmmaster/thesis_ws/install/linorobot2/share/linorobot2/environment/path.sh
[1.002s] -- Installing: /home/swarmmaster/thesis_ws/install/linorobot2/share/linorobot2/environment/path.dsv
[1.002s] -- Installing: /home/swarmmaster/thesis_ws/install/linorobot2/share/linorobot2/local_setup.bash
[1.002s] -- Installing: /home/swarmmaster/thesis_ws/install/linorobot2/share/linorobot2/local_setup.sh
[1.003s] -- Installing: /home/swarmmaster/thesis_ws/install/linorobot2/share/linorobot2/local_setup.zsh
[1.003s] -- Installing: /home/swarmmaster/thesis_ws/install/linorobot2/share/linorobot2/local_setup.dsv
[1.003s] -- Installing: /home/swarmmaster/thesis_ws/install/linorobot2/share/linorobot2/package.dsv
[1.003s] -- Installing: /home/swarmmaster/thesis_ws/install/linorobot2/share/ament_index/resource_index/packages/linorobot2
[1.004s] -- Installing: /home/swarmmaster/thesis_ws/install/linorobot2/share/linorobot2/cmake/linorobot2Config.cmake
[1.004s] -- Installing: /home/swarmmaster/thesis_ws/install/linorobot2/share/linorobot2/cmake/linorobot2Config-version.cmake
[1.004s] -- Installing: /home/swarmmaster/thesis_ws/install/linorobot2/share/linorobot2/package.xml
[1.016s] Invoked command in '/home/swarmmaster/thesis_ws/build/linorobot2' returned '0': CMAKE_PREFIX_PATH=${CMAKE_PREFIX_PATH}:/home/swarmmaster/thesis_ws/install/multi_spawner:/home/swarmmaster/thesis_ws/install/multi_launcher:/home/swarmmaster/ros2_ws/install/my_robot_controller:/opt/ros/humble /usr/bin/cmake --install /home/swarmmaster/thesis_ws/build/linorobot2
