[0.029s] Invoking command in '/home/swarmmaster/thesis_ws/build/box_bot_tutorials': CMAKE_PREFIX_PATH=${CMAKE_PREFIX_PATH}:/home/swarmmaster/thesis_ws/install/multi_spawner:/home/swarmmaster/thesis_ws/install/multi_launcher:/home/swarmmaster/ros2_ws/install/my_robot_controller:/opt/ros/humble /usr/bin/cmake /home/swarmmaster/thesis_ws/src/box_bot/box_bot_tutorials -DCMAKE_INSTALL_PREFIX=/home/swarmmaster/thesis_ws/install/box_bot_tutorials
[0.107s] -- The C compiler identification is GNU 11.3.0
[0.181s] -- The CXX compiler identification is GNU 11.3.0
[0.191s] -- Detecting C compiler ABI info
[0.279s] -- Detecting C compiler ABI info - done
[0.294s] -- Check for working C compiler: /usr/bin/cc - skipped
[0.295s] -- Detecting C compile features
[0.295s] -- Detecting C compile features - done
[0.300s] -- Detecting CXX compiler ABI info
[0.409s] -- Detecting CXX compiler ABI info - done
[0.419s] -- Check for working CXX compiler: /usr/bin/c++ - skipped
[0.420s] -- Detecting CXX compile features
[0.421s] -- Detecting CXX compile features - done
[0.426s] -- Found ament_cmake: 1.3.4 (/opt/ros/humble/share/ament_cmake/cmake)
[0.665s] -- Found Python3: /usr/bin/python3.10 (found version "3.10.6") found components: Interpreter 
[0.809s] -- Found rclcpp: 16.0.4 (/opt/ros/humble/share/rclcpp/cmake)
[0.891s] -- Found rosidl_generator_c: 3.1.4 (/opt/ros/humble/share/rosidl_generator_c/cmake)
[0.900s] -- Found rosidl_adapter: 3.1.4 (/opt/ros/humble/share/rosidl_adapter/cmake)
[0.917s] -- Found rosidl_generator_cpp: 3.1.4 (/opt/ros/humble/share/rosidl_generator_cpp/cmake)
[0.941s] -- Using all available rosidl_typesupport_c: rosidl_typesupport_fastrtps_c;rosidl_typesupport_introspection_c
[0.976s] -- Using all available rosidl_typesupport_cpp: rosidl_typesupport_fastrtps_cpp;rosidl_typesupport_introspection_cpp
[1.095s] -- Found rmw_implementation_cmake: 6.1.1 (/opt/ros/humble/share/rmw_implementation_cmake/cmake)
[1.102s] -- Found rmw_fastrtps_cpp: 6.2.2 (/opt/ros/humble/share/rmw_fastrtps_cpp/cmake)
[1.289s] -- Found OpenSSL: /usr/lib/x86_64-linux-gnu/libcrypto.so (found version "3.0.2")  
[1.335s] -- Found FastRTPS: /opt/ros/humble/include  
[1.424s] -- Using RMW implementation 'rmw_fastrtps_cpp' as default
[1.439s] -- Looking for pthread.h
[1.537s] -- Looking for pthread.h - found
[1.537s] -- Performing Test CMAKE_HAVE_LIBC_PTHREAD
[1.634s] -- Performing Test CMAKE_HAVE_LIBC_PTHREAD - Success
[1.643s] -- Found Threads: TRUE  
[1.905s] -- Found rclpy: 3.3.8 (/opt/ros/humble/share/rclpy/cmake)
[1.910s] -- Found ament_lint_auto: 0.12.6 (/opt/ros/humble/share/ament_lint_auto/cmake)
[2.050s] -- Added test 'copyright' to check source files copyright and LICENSE
[2.052s] -- Added test 'flake8' to check Python code syntax and style conventions
[2.054s] -- Added test 'lint_cmake' to check CMake code style
[2.056s] -- Added test 'pep257' to check Python code against some of the docstring style conventions in PEP 257
[2.058s] -- Added test 'xmllint' to check XML markup files
[2.063s] -- Configuring done
[2.071s] -- Generating done
[2.073s] -- Build files have been written to: /home/swarmmaster/thesis_ws/build/box_bot_tutorials
[2.086s] Invoked command in '/home/swarmmaster/thesis_ws/build/box_bot_tutorials' returned '0': CMAKE_PREFIX_PATH=${CMAKE_PREFIX_PATH}:/home/swarmmaster/thesis_ws/install/multi_spawner:/home/swarmmaster/thesis_ws/install/multi_launcher:/home/swarmmaster/ros2_ws/install/my_robot_controller:/opt/ros/humble /usr/bin/cmake /home/swarmmaster/thesis_ws/src/box_bot/box_bot_tutorials -DCMAKE_INSTALL_PREFIX=/home/swarmmaster/thesis_ws/install/box_bot_tutorials
[2.086s] Invoking command in '/home/swarmmaster/thesis_ws/build/box_bot_tutorials': CMAKE_PREFIX_PATH=${CMAKE_PREFIX_PATH}:/home/swarmmaster/thesis_ws/install/multi_spawner:/home/swarmmaster/thesis_ws/install/multi_launcher:/home/swarmmaster/ros2_ws/install/my_robot_controller:/opt/ros/humble /usr/bin/cmake --build /home/swarmmaster/thesis_ws/build/box_bot_tutorials -- -j4 -l4
[2.144s] Invoked command in '/home/swarmmaster/thesis_ws/build/box_bot_tutorials' returned '0': CMAKE_PREFIX_PATH=${CMAKE_PREFIX_PATH}:/home/swarmmaster/thesis_ws/install/multi_spawner:/home/swarmmaster/thesis_ws/install/multi_launcher:/home/swarmmaster/ros2_ws/install/my_robot_controller:/opt/ros/humble /usr/bin/cmake --build /home/swarmmaster/thesis_ws/build/box_bot_tutorials -- -j4 -l4
[2.180s] Invoking command in '/home/swarmmaster/thesis_ws/build/box_bot_tutorials': CMAKE_PREFIX_PATH=${CMAKE_PREFIX_PATH}:/home/swarmmaster/thesis_ws/install/multi_spawner:/home/swarmmaster/thesis_ws/install/multi_launcher:/home/swarmmaster/ros2_ws/install/my_robot_controller:/opt/ros/humble /usr/bin/cmake --install /home/swarmmaster/thesis_ws/build/box_bot_tutorials
[2.194s] -- Install configuration: ""
[2.194s] -- Installing: /home/swarmmaster/thesis_ws/install/box_bot_tutorials/share/box_bot_tutorials//launch
[2.195s] -- Installing: /home/swarmmaster/thesis_ws/install/box_bot_tutorials/share/box_bot_tutorials//launch/box_bot_tut_talker_launch.py
[2.195s] -- Installing: /home/swarmmaster/thesis_ws/install/box_bot_tutorials/lib/box_bot_tutorials/talker.py
[2.195s] -- Installing: /home/swarmmaster/thesis_ws/install/box_bot_tutorials/share/ament_index/resource_index/package_run_dependencies/box_bot_tutorials
[2.195s] -- Installing: /home/swarmmaster/thesis_ws/install/box_bot_tutorials/share/ament_index/resource_index/parent_prefix_path/box_bot_tutorials
[2.195s] -- Installing: /home/swarmmaster/thesis_ws/install/box_bot_tutorials/share/box_bot_tutorials/environment/ament_prefix_path.sh
[2.195s] -- Installing: /home/swarmmaster/thesis_ws/install/box_bot_tutorials/share/box_bot_tutorials/environment/ament_prefix_path.dsv
[2.195s] -- Installing: /home/swarmmaster/thesis_ws/install/box_bot_tutorials/share/box_bot_tutorials/environment/path.sh
[2.195s] -- Installing: /home/swarmmaster/thesis_ws/install/box_bot_tutorials/share/box_bot_tutorials/environment/path.dsv
[2.195s] -- Installing: /home/swarmmaster/thesis_ws/install/box_bot_tutorials/share/box_bot_tutorials/local_setup.bash
[2.195s] -- Installing: /home/swarmmaster/thesis_ws/install/box_bot_tutorials/share/box_bot_tutorials/local_setup.sh
[2.195s] -- Installing: /home/swarmmaster/thesis_ws/install/box_bot_tutorials/share/box_bot_tutorials/local_setup.zsh
[2.196s] -- Installing: /home/swarmmaster/thesis_ws/install/box_bot_tutorials/share/box_bot_tutorials/local_setup.dsv
[2.196s] -- Installing: /home/swarmmaster/thesis_ws/install/box_bot_tutorials/share/box_bot_tutorials/package.dsv
[2.196s] -- Installing: /home/swarmmaster/thesis_ws/install/box_bot_tutorials/share/ament_index/resource_index/packages/box_bot_tutorials
[2.196s] -- Installing: /home/swarmmaster/thesis_ws/install/box_bot_tutorials/share/box_bot_tutorials/cmake/box_bot_tutorialsConfig.cmake
[2.196s] -- Installing: /home/swarmmaster/thesis_ws/install/box_bot_tutorials/share/box_bot_tutorials/cmake/box_bot_tutorialsConfig-version.cmake
[2.196s] -- Installing: /home/swarmmaster/thesis_ws/install/box_bot_tutorials/share/box_bot_tutorials/package.xml
[2.223s] Invoked command in '/home/swarmmaster/thesis_ws/build/box_bot_tutorials' returned '0': CMAKE_PREFIX_PATH=${CMAKE_PREFIX_PATH}:/home/swarmmaster/thesis_ws/install/multi_spawner:/home/swarmmaster/thesis_ws/install/multi_launcher:/home/swarmmaster/ros2_ws/install/my_robot_controller:/opt/ros/humble /usr/bin/cmake --install /home/swarmmaster/thesis_ws/build/box_bot_tutorials
