[0.044s] Invoking command in '/home/swarmmaster/thesis_ws/build/linorobot2_base': CMAKE_PREFIX_PATH=${CMAKE_PREFIX_PATH}:/home/swarmmaster/thesis_ws/install/linorobot2_description:/home/swarmmaster/ros2_ws/install/my_robot_controller:/opt/ros/humble /usr/bin/cmake /home/swarmmaster/thesis_ws/src/linorobot2/linorobot2_base -DAMENT_CMAKE_SYMLINK_INSTALL=1 -DCMAKE_INSTALL_PREFIX=/home/swarmmaster/thesis_ws/install/linorobot2_base
[0.134s] -- The C compiler identification is GNU 11.3.0
[0.214s] -- The CXX compiler identification is GNU 11.3.0
[0.231s] -- Detecting C compiler ABI info
[0.375s] -- Detecting C compiler ABI info - done
[0.385s] -- Check for working C compiler: /usr/bin/cc - skipped
[0.385s] -- Detecting C compile features
[0.385s] -- Detecting C compile features - done
[0.390s] -- Detecting CXX compiler ABI info
[0.539s] -- Detecting CXX compiler ABI info - done
[0.548s] -- Check for working CXX compiler: /usr/bin/c++ - skipped
[0.549s] -- Detecting CXX compile features
[0.550s] -- Detecting CXX compile features - done
[0.568s] -- Found ament_cmake: 1.3.3 (/opt/ros/humble/share/ament_cmake/cmake)
[0.927s] -- Found Python3: /usr/bin/python3.10 (found version "3.10.6") found components: Interpreter 
[1.042s] -- Override CMake install command with custom implementation using symlinks instead of copying resources
[1.295s] -- Configuring done
[1.314s] -- Generating done
[1.315s] -- Build files have been written to: /home/swarmmaster/thesis_ws/build/linorobot2_base
[1.342s] Invoked command in '/home/swarmmaster/thesis_ws/build/linorobot2_base' returned '0': CMAKE_PREFIX_PATH=${CMAKE_PREFIX_PATH}:/home/swarmmaster/thesis_ws/install/linorobot2_description:/home/swarmmaster/ros2_ws/install/my_robot_controller:/opt/ros/humble /usr/bin/cmake /home/swarmmaster/thesis_ws/src/linorobot2/linorobot2_base -DAMENT_CMAKE_SYMLINK_INSTALL=1 -DCMAKE_INSTALL_PREFIX=/home/swarmmaster/thesis_ws/install/linorobot2_base
[1.342s] Invoking command in '/home/swarmmaster/thesis_ws/build/linorobot2_base': CMAKE_PREFIX_PATH=${CMAKE_PREFIX_PATH}:/home/swarmmaster/thesis_ws/install/linorobot2_description:/home/swarmmaster/ros2_ws/install/my_robot_controller:/opt/ros/humble /usr/bin/cmake --build /home/swarmmaster/thesis_ws/build/linorobot2_base -- -j4 -l4
[1.467s] Invoked command in '/home/swarmmaster/thesis_ws/build/linorobot2_base' returned '0': CMAKE_PREFIX_PATH=${CMAKE_PREFIX_PATH}:/home/swarmmaster/thesis_ws/install/linorobot2_description:/home/swarmmaster/ros2_ws/install/my_robot_controller:/opt/ros/humble /usr/bin/cmake --build /home/swarmmaster/thesis_ws/build/linorobot2_base -- -j4 -l4
[1.537s] Invoking command in '/home/swarmmaster/thesis_ws/build/linorobot2_base': CMAKE_PREFIX_PATH=${CMAKE_PREFIX_PATH}:/home/swarmmaster/thesis_ws/install/linorobot2_description:/home/swarmmaster/ros2_ws/install/my_robot_controller:/opt/ros/humble /usr/bin/cmake --install /home/swarmmaster/thesis_ws/build/linorobot2_base
[1.547s] -- Install configuration: ""
[1.547s] -- Execute custom install script
[1.547s] -- Symlinking: /home/swarmmaster/thesis_ws/install/linorobot2_base/share/linorobot2_base/config/ekf.yaml
[1.562s] -- Symlinking: /home/swarmmaster/thesis_ws/install/linorobot2_base/share/ament_index/resource_index/package_run_dependencies/linorobot2_base
[1.584s] -- Symlinking: /home/swarmmaster/thesis_ws/install/linorobot2_base/share/ament_index/resource_index/parent_prefix_path/linorobot2_base
[1.598s] -- Symlinking: /home/swarmmaster/thesis_ws/install/linorobot2_base/share/linorobot2_base/environment/ament_prefix_path.sh
[1.611s] -- Symlinking: /home/swarmmaster/thesis_ws/install/linorobot2_base/share/linorobot2_base/environment/ament_prefix_path.dsv
[1.622s] -- Symlinking: /home/swarmmaster/thesis_ws/install/linorobot2_base/share/linorobot2_base/environment/path.sh
[1.636s] -- Symlinking: /home/swarmmaster/thesis_ws/install/linorobot2_base/share/linorobot2_base/environment/path.dsv
[1.664s] -- Symlinking: /home/swarmmaster/thesis_ws/install/linorobot2_base/share/linorobot2_base/local_setup.bash
[1.698s] -- Symlinking: /home/swarmmaster/thesis_ws/install/linorobot2_base/share/linorobot2_base/local_setup.sh
[1.711s] -- Symlinking: /home/swarmmaster/thesis_ws/install/linorobot2_base/share/linorobot2_base/local_setup.zsh
[1.723s] -- Symlinking: /home/swarmmaster/thesis_ws/install/linorobot2_base/share/linorobot2_base/local_setup.dsv
[1.735s] -- Symlinking: /home/swarmmaster/thesis_ws/install/linorobot2_base/share/linorobot2_base/package.dsv
[1.749s] -- Symlinking: /home/swarmmaster/thesis_ws/install/linorobot2_base/share/ament_index/resource_index/packages/linorobot2_base
[1.761s] -- Symlinking: /home/swarmmaster/thesis_ws/install/linorobot2_base/share/linorobot2_base/cmake/linorobot2_baseConfig.cmake
[1.773s] -- Symlinking: /home/swarmmaster/thesis_ws/install/linorobot2_base/share/linorobot2_base/cmake/linorobot2_baseConfig-version.cmake
[1.794s] -- Symlinking: /home/swarmmaster/thesis_ws/install/linorobot2_base/share/linorobot2_base/package.xml
[1.828s] Invoked command in '/home/swarmmaster/thesis_ws/build/linorobot2_base' returned '0': CMAKE_PREFIX_PATH=${CMAKE_PREFIX_PATH}:/home/swarmmaster/thesis_ws/install/linorobot2_description:/home/swarmmaster/ros2_ws/install/my_robot_controller:/opt/ros/humble /usr/bin/cmake --install /home/swarmmaster/thesis_ws/build/linorobot2_base
