-- The C compiler identification is GNU 11.3.0
-- The CXX compiler identification is GNU 11.3.0
-- Detecting C compiler ABI info
-- Detecting C compiler ABI info - done
-- Check for working C compiler: /usr/bin/cc - skipped
-- Detecting C compile features
-- Detecting C compile features - done
-- Detecting CXX compiler ABI info
-- Detecting CXX compiler ABI info - done
-- Check for working CXX compiler: /usr/bin/c++ - skipped
-- Detecting CXX compile features
-- Detecting CXX compile features - done
-- Found ament_cmake: 1.3.3 (/opt/ros/humble/share/ament_cmake/cmake)
-- Found Python3: /usr/bin/python3.10 (found version "3.10.6") found components: Interpreter 
-- Override CMake install command with custom implementation using symlinks instead of copying resources
-- Configuring done
-- Generating done
-- Build files have been written to: /home/swarmmaster/thesis_ws/build/linorobot2
-- Install configuration: ""
-- Execute custom install script
-- Symlinking: /home/swarmmaster/thesis_ws/install/linorobot2/share/ament_index/resource_index/package_run_dependencies/linorobot2
-- Symlinking: /home/swarmmaster/thesis_ws/install/linorobot2/share/ament_index/resource_index/parent_prefix_path/linorobot2
-- Symlinking: /home/swarmmaster/thesis_ws/install/linorobot2/share/linorobot2/environment/ament_prefix_path.sh
-- Symlinking: /home/swarmmaster/thesis_ws/install/linorobot2/share/linorobot2/environment/ament_prefix_path.dsv
-- Symlinking: /home/swarmmaster/thesis_ws/install/linorobot2/share/linorobot2/environment/path.sh
-- Symlinking: /home/swarmmaster/thesis_ws/install/linorobot2/share/linorobot2/environment/path.dsv
-- Symlinking: /home/swarmmaster/thesis_ws/install/linorobot2/share/linorobot2/local_setup.bash
-- Symlinking: /home/swarmmaster/thesis_ws/install/linorobot2/share/linorobot2/local_setup.sh
-- Symlinking: /home/swarmmaster/thesis_ws/install/linorobot2/share/linorobot2/local_setup.zsh
-- Symlinking: /home/swarmmaster/thesis_ws/install/linorobot2/share/linorobot2/local_setup.dsv
-- Symlinking: /home/swarmmaster/thesis_ws/install/linorobot2/share/linorobot2/package.dsv
-- Symlinking: /home/swarmmaster/thesis_ws/install/linorobot2/share/ament_index/resource_index/packages/linorobot2
-- Symlinking: /home/swarmmaster/thesis_ws/install/linorobot2/share/linorobot2/cmake/linorobot2Config.cmake
-- Symlinking: /home/swarmmaster/thesis_ws/install/linorobot2/share/linorobot2/cmake/linorobot2Config-version.cmake
-- Symlinking: /home/swarmmaster/thesis_ws/install/linorobot2/share/linorobot2/package.xml
