[0.048s] Invoking command in '/home/swarmmaster/thesis_ws/build/box_bot_description': CMAKE_PREFIX_PATH=${CMAKE_PREFIX_PATH}:/home/swarmmaster/thesis_ws/install/multi_spawner:/home/swarmmaster/thesis_ws/install/multi_launcher:/home/swarmmaster/ros2_ws/install/my_robot_controller:/opt/ros/humble /usr/bin/cmake /home/swarmmaster/thesis_ws/src/box_bot/box_bot_description -DCMAKE_INSTALL_PREFIX=/home/swarmmaster/thesis_ws/install/box_bot_description
[0.121s] -- The C compiler identification is GNU 11.3.0
[0.195s] -- The CXX compiler identification is GNU 11.3.0
[0.205s] -- Detecting C compiler ABI info
[0.331s] -- Detecting C compiler ABI info - done
[0.342s] -- Check for working C compiler: /usr/bin/cc - skipped
[0.343s] -- Detecting C compile features
[0.343s] -- Detecting C compile features - done
[0.348s] -- Detecting CXX compiler ABI info
[0.457s] -- Detecting CXX compiler ABI info - done
[0.468s] -- Check for working CXX compiler: /usr/bin/c++ - skipped
[0.468s] -- Detecting CXX compile features
[0.469s] -- Detecting CXX compile features - done
[0.474s] -- Found ament_cmake: 1.3.4 (/opt/ros/humble/share/ament_cmake/cmake)
[0.707s] -- Found Python3: /usr/bin/python3.10 (found version "3.10.6") found components: Interpreter 
[0.851s] -- Found urdf: 2.6.0 (/opt/ros/humble/share/urdf/cmake)
[0.954s] -- Found ament_lint_auto: 0.12.6 (/opt/ros/humble/share/ament_lint_auto/cmake)
[1.078s] -- Added test 'copyright' to check source files copyright and LICENSE
[1.082s] -- Added test 'flake8' to check Python code syntax and style conventions
[1.084s] -- Added test 'lint_cmake' to check CMake code style
[1.085s] -- Added test 'pep257' to check Python code against some of the docstring style conventions in PEP 257
[1.097s] -- Added test 'xmllint' to check XML markup files
[1.098s] -- Configuring done
[1.098s] -- Generating done
[1.098s] -- Build files have been written to: /home/swarmmaster/thesis_ws/build/box_bot_description
[1.116s] Invoked command in '/home/swarmmaster/thesis_ws/build/box_bot_description' returned '0': CMAKE_PREFIX_PATH=${CMAKE_PREFIX_PATH}:/home/swarmmaster/thesis_ws/install/multi_spawner:/home/swarmmaster/thesis_ws/install/multi_launcher:/home/swarmmaster/ros2_ws/install/my_robot_controller:/opt/ros/humble /usr/bin/cmake /home/swarmmaster/thesis_ws/src/box_bot/box_bot_description -DCMAKE_INSTALL_PREFIX=/home/swarmmaster/thesis_ws/install/box_bot_description
[1.116s] Invoking command in '/home/swarmmaster/thesis_ws/build/box_bot_description': CMAKE_PREFIX_PATH=${CMAKE_PREFIX_PATH}:/home/swarmmaster/thesis_ws/install/multi_spawner:/home/swarmmaster/thesis_ws/install/multi_launcher:/home/swarmmaster/ros2_ws/install/my_robot_controller:/opt/ros/humble /usr/bin/cmake --build /home/swarmmaster/thesis_ws/build/box_bot_description -- -j4 -l4
[1.166s] Invoked command in '/home/swarmmaster/thesis_ws/build/box_bot_description' returned '0': CMAKE_PREFIX_PATH=${CMAKE_PREFIX_PATH}:/home/swarmmaster/thesis_ws/install/multi_spawner:/home/swarmmaster/thesis_ws/install/multi_launcher:/home/swarmmaster/ros2_ws/install/my_robot_controller:/opt/ros/humble /usr/bin/cmake --build /home/swarmmaster/thesis_ws/build/box_bot_description -- -j4 -l4
[1.198s] Invoking command in '/home/swarmmaster/thesis_ws/build/box_bot_description': CMAKE_PREFIX_PATH=${CMAKE_PREFIX_PATH}:/home/swarmmaster/thesis_ws/install/multi_spawner:/home/swarmmaster/thesis_ws/install/multi_launcher:/home/swarmmaster/ros2_ws/install/my_robot_controller:/opt/ros/humble /usr/bin/cmake --install /home/swarmmaster/thesis_ws/build/box_bot_description
[1.208s] -- Install configuration: ""
[1.208s] -- Installing: /home/swarmmaster/thesis_ws/install/box_bot_description/share/box_bot_description//launch
[1.208s] -- Installing: /home/swarmmaster/thesis_ws/install/box_bot_description/share/box_bot_description//launch/spawn_box_bot_launch.py
[1.208s] -- Installing: /home/swarmmaster/thesis_ws/install/box_bot_description/share/box_bot_description//launch/spawn_box_bot.py
[1.208s] -- Installing: /home/swarmmaster/thesis_ws/install/box_bot_description/share/box_bot_description//launch/multi_spawn_robot_launch.py
[1.209s] -- Installing: /home/swarmmaster/thesis_ws/install/box_bot_description/share/box_bot_description//robot
[1.209s] -- Installing: /home/swarmmaster/thesis_ws/install/box_bot_description/share/box_bot_description//robot/box_bot.gazebo
[1.209s] -- Installing: /home/swarmmaster/thesis_ws/install/box_bot_description/share/box_bot_description//robot/properties.xacro
[1.209s] -- Installing: /home/swarmmaster/thesis_ws/install/box_bot_description/share/box_bot_description//robot/wheels.xacro
[1.209s] -- Installing: /home/swarmmaster/thesis_ws/install/box_bot_description/share/box_bot_description//robot/caster_wheels.xacro
[1.209s] -- Installing: /home/swarmmaster/thesis_ws/install/box_bot_description/share/box_bot_description//robot/box_bot.xacro
[1.209s] -- Installing: /home/swarmmaster/thesis_ws/install/box_bot_description/share/box_bot_description//robot/box_bot_body.xacro
[1.209s] -- Installing: /home/swarmmaster/thesis_ws/install/box_bot_description/share/box_bot_description//robot/macros.xacro
[1.210s] -- Installing: /home/swarmmaster/thesis_ws/install/box_bot_description/share/box_bot_description//robot/materials.xacro
[1.210s] -- Installing: /home/swarmmaster/thesis_ws/install/box_bot_description/share/box_bot_description//robot/box_bot_propeller.xacro
[1.210s] -- Installing: /home/swarmmaster/thesis_ws/install/box_bot_description/share/box_bot_description//robot/box_bot_v2.urdf
[1.210s] -- Installing: /home/swarmmaster/thesis_ws/install/box_bot_description/share/box_bot_description//robot/box_bot.urdf
[1.210s] -- Installing: /home/swarmmaster/thesis_ws/install/box_bot_description/lib/box_bot_description/spawn_box_bot.py
[1.210s] -- Up-to-date: /home/swarmmaster/thesis_ws/install/box_bot_description/lib/box_bot_description/spawn_box_bot.py
[1.211s] -- Installing: /home/swarmmaster/thesis_ws/install/box_bot_description/share/ament_index/resource_index/package_run_dependencies/box_bot_description
[1.211s] -- Installing: /home/swarmmaster/thesis_ws/install/box_bot_description/share/ament_index/resource_index/parent_prefix_path/box_bot_description
[1.211s] -- Installing: /home/swarmmaster/thesis_ws/install/box_bot_description/share/box_bot_description/environment/ament_prefix_path.sh
[1.211s] -- Installing: /home/swarmmaster/thesis_ws/install/box_bot_description/share/box_bot_description/environment/ament_prefix_path.dsv
[1.211s] -- Installing: /home/swarmmaster/thesis_ws/install/box_bot_description/share/box_bot_description/environment/path.sh
[1.211s] -- Installing: /home/swarmmaster/thesis_ws/install/box_bot_description/share/box_bot_description/environment/path.dsv
[1.212s] -- Installing: /home/swarmmaster/thesis_ws/install/box_bot_description/share/box_bot_description/local_setup.bash
[1.212s] -- Installing: /home/swarmmaster/thesis_ws/install/box_bot_description/share/box_bot_description/local_setup.sh
[1.212s] -- Installing: /home/swarmmaster/thesis_ws/install/box_bot_description/share/box_bot_description/local_setup.zsh
[1.212s] -- Installing: /home/swarmmaster/thesis_ws/install/box_bot_description/share/box_bot_description/local_setup.dsv
[1.212s] -- Installing: /home/swarmmaster/thesis_ws/install/box_bot_description/share/box_bot_description/package.dsv
[1.213s] -- Installing: /home/swarmmaster/thesis_ws/install/box_bot_description/share/ament_index/resource_index/packages/box_bot_description
[1.213s] -- Installing: /home/swarmmaster/thesis_ws/install/box_bot_description/share/box_bot_description/cmake/box_bot_descriptionConfig.cmake
[1.213s] -- Installing: /home/swarmmaster/thesis_ws/install/box_bot_description/share/box_bot_description/cmake/box_bot_descriptionConfig-version.cmake
[1.213s] -- Installing: /home/swarmmaster/thesis_ws/install/box_bot_description/share/box_bot_description/package.xml
[1.221s] Invoked command in '/home/swarmmaster/thesis_ws/build/box_bot_description' returned '0': CMAKE_PREFIX_PATH=${CMAKE_PREFIX_PATH}:/home/swarmmaster/thesis_ws/install/multi_spawner:/home/swarmmaster/thesis_ws/install/multi_launcher:/home/swarmmaster/ros2_ws/install/my_robot_controller:/opt/ros/humble /usr/bin/cmake --install /home/swarmmaster/thesis_ws/build/box_bot_description
