[0.023s] Invoking command in '/home/swarmmaster/thesis_ws/build/linorobot2_navigation': CMAKE_PREFIX_PATH=${CMAKE_PREFIX_PATH}:/home/swarmmaster/thesis_ws/install/multi_spawner:/home/swarmmaster/thesis_ws/install/multi_launcher:/home/swarmmaster/ros2_ws/install/my_robot_controller:/opt/ros/humble /usr/bin/cmake /home/swarmmaster/thesis_ws/src/linorobot2/linorobot2_navigation -DCMAKE_INSTALL_PREFIX=/home/swarmmaster/thesis_ws/install/linorobot2_navigation
[0.096s] -- The C compiler identification is GNU 11.3.0
[0.178s] -- The CXX compiler identification is GNU 11.3.0
[0.191s] -- Detecting C compiler ABI info
[0.291s] -- Detecting C compiler ABI info - done
[0.300s] -- Check for working C compiler: /usr/bin/cc - skipped
[0.301s] -- Detecting C compile features
[0.302s] -- Detecting C compile features - done
[0.306s] -- Detecting CXX compiler ABI info
[0.429s] -- Detecting CXX compiler ABI info - done
[0.439s] -- Check for working CXX compiler: /usr/bin/c++ - skipped
[0.440s] -- Detecting CXX compile features
[0.440s] -- Detecting CXX compile features - done
[0.448s] -- Found ament_cmake: 1.3.4 (/opt/ros/humble/share/ament_cmake/cmake)
[0.682s] -- Found Python3: /usr/bin/python3.10 (found version "3.10.6") found components: Interpreter 
[0.908s] -- Configuring done
[0.912s] -- Generating done
[0.913s] -- Build files have been written to: /home/swarmmaster/thesis_ws/build/linorobot2_navigation
[0.918s] Invoked command in '/home/swarmmaster/thesis_ws/build/linorobot2_navigation' returned '0': CMAKE_PREFIX_PATH=${CMAKE_PREFIX_PATH}:/home/swarmmaster/thesis_ws/install/multi_spawner:/home/swarmmaster/thesis_ws/install/multi_launcher:/home/swarmmaster/ros2_ws/install/my_robot_controller:/opt/ros/humble /usr/bin/cmake /home/swarmmaster/thesis_ws/src/linorobot2/linorobot2_navigation -DCMAKE_INSTALL_PREFIX=/home/swarmmaster/thesis_ws/install/linorobot2_navigation
[0.919s] Invoking command in '/home/swarmmaster/thesis_ws/build/linorobot2_navigation': CMAKE_PREFIX_PATH=${CMAKE_PREFIX_PATH}:/home/swarmmaster/thesis_ws/install/multi_spawner:/home/swarmmaster/thesis_ws/install/multi_launcher:/home/swarmmaster/ros2_ws/install/my_robot_controller:/opt/ros/humble /usr/bin/cmake --build /home/swarmmaster/thesis_ws/build/linorobot2_navigation -- -j4 -l4
[0.980s] Invoked command in '/home/swarmmaster/thesis_ws/build/linorobot2_navigation' returned '0': CMAKE_PREFIX_PATH=${CMAKE_PREFIX_PATH}:/home/swarmmaster/thesis_ws/install/multi_spawner:/home/swarmmaster/thesis_ws/install/multi_launcher:/home/swarmmaster/ros2_ws/install/my_robot_controller:/opt/ros/humble /usr/bin/cmake --build /home/swarmmaster/thesis_ws/build/linorobot2_navigation -- -j4 -l4
[1.011s] Invoking command in '/home/swarmmaster/thesis_ws/build/linorobot2_navigation': CMAKE_PREFIX_PATH=${CMAKE_PREFIX_PATH}:/home/swarmmaster/thesis_ws/install/multi_spawner:/home/swarmmaster/thesis_ws/install/multi_launcher:/home/swarmmaster/ros2_ws/install/my_robot_controller:/opt/ros/humble /usr/bin/cmake --install /home/swarmmaster/thesis_ws/build/linorobot2_navigation
[1.017s] -- Install configuration: ""
[1.017s] -- Installing: /home/swarmmaster/thesis_ws/install/linorobot2_navigation/share/linorobot2_navigation/launch
[1.017s] -- Installing: /home/swarmmaster/thesis_ws/install/linorobot2_navigation/share/linorobot2_navigation/launch/navigation.launch.py
[1.017s] -- Installing: /home/swarmmaster/thesis_ws/install/linorobot2_navigation/share/linorobot2_navigation/launch/slam.launch.py
[1.017s] -- Installing: /home/swarmmaster/thesis_ws/install/linorobot2_navigation/share/linorobot2_navigation/launch/.vscode
[1.017s] -- Installing: /home/swarmmaster/thesis_ws/install/linorobot2_navigation/share/linorobot2_navigation/launch/.vscode/settings.json
[1.018s] -- Installing: /home/swarmmaster/thesis_ws/install/linorobot2_navigation/share/linorobot2_navigation/launch/.vscode/c_cpp_properties.json
[1.018s] -- Installing: /home/swarmmaster/thesis_ws/install/linorobot2_navigation/share/linorobot2_navigation/rviz
[1.018s] -- Installing: /home/swarmmaster/thesis_ws/install/linorobot2_navigation/share/linorobot2_navigation/rviz/linorobot2_slam.rviz
[1.018s] -- Installing: /home/swarmmaster/thesis_ws/install/linorobot2_navigation/share/linorobot2_navigation/rviz/linorobot2_navigation_minimal.rviz
[1.018s] -- Installing: /home/swarmmaster/thesis_ws/install/linorobot2_navigation/share/linorobot2_navigation/rviz/linorobot2_navigation.rviz
[1.018s] -- Installing: /home/swarmmaster/thesis_ws/install/linorobot2_navigation/share/linorobot2_navigation/config
[1.018s] -- Installing: /home/swarmmaster/thesis_ws/install/linorobot2_navigation/share/linorobot2_navigation/config/slam.yaml
[1.018s] -- Installing: /home/swarmmaster/thesis_ws/install/linorobot2_navigation/share/linorobot2_navigation/config/navigation.yaml
[1.018s] -- Installing: /home/swarmmaster/thesis_ws/install/linorobot2_navigation/share/linorobot2_navigation/maps
[1.018s] -- Installing: /home/swarmmaster/thesis_ws/install/linorobot2_navigation/share/linorobot2_navigation/maps/playground.pgm
[1.019s] -- Installing: /home/swarmmaster/thesis_ws/install/linorobot2_navigation/share/linorobot2_navigation/maps/playground.yaml
[1.019s] -- Installing: /home/swarmmaster/thesis_ws/install/linorobot2_navigation/share/ament_index/resource_index/package_run_dependencies/linorobot2_navigation
[1.019s] -- Installing: /home/swarmmaster/thesis_ws/install/linorobot2_navigation/share/ament_index/resource_index/parent_prefix_path/linorobot2_navigation
[1.019s] -- Installing: /home/swarmmaster/thesis_ws/install/linorobot2_navigation/share/linorobot2_navigation/environment/ament_prefix_path.sh
[1.019s] -- Installing: /home/swarmmaster/thesis_ws/install/linorobot2_navigation/share/linorobot2_navigation/environment/ament_prefix_path.dsv
[1.019s] -- Installing: /home/swarmmaster/thesis_ws/install/linorobot2_navigation/share/linorobot2_navigation/environment/path.sh
[1.019s] -- Installing: /home/swarmmaster/thesis_ws/install/linorobot2_navigation/share/linorobot2_navigation/environment/path.dsv
[1.019s] -- Installing: /home/swarmmaster/thesis_ws/install/linorobot2_navigation/share/linorobot2_navigation/local_setup.bash
[1.020s] -- Installing: /home/swarmmaster/thesis_ws/install/linorobot2_navigation/share/linorobot2_navigation/local_setup.sh
[1.021s] -- Installing: /home/swarmmaster/thesis_ws/install/linorobot2_navigation/share/linorobot2_navigation/local_setup.zsh
[1.021s] -- Installing: /home/swarmmaster/thesis_ws/install/linorobot2_navigation/share/linorobot2_navigation/local_setup.dsv
[1.021s] -- Installing: /home/swarmmaster/thesis_ws/install/linorobot2_navigation/share/linorobot2_navigation/package.dsv
[1.022s] -- Installing: /home/swarmmaster/thesis_ws/install/linorobot2_navigation/share/ament_index/resource_index/packages/linorobot2_navigation
[1.022s] -- Installing: /home/swarmmaster/thesis_ws/install/linorobot2_navigation/share/linorobot2_navigation/cmake/linorobot2_navigationConfig.cmake
[1.022s] -- Installing: /home/swarmmaster/thesis_ws/install/linorobot2_navigation/share/linorobot2_navigation/cmake/linorobot2_navigationConfig-version.cmake
[1.022s] -- Installing: /home/swarmmaster/thesis_ws/install/linorobot2_navigation/share/linorobot2_navigation/package.xml
[1.026s] Invoked command in '/home/swarmmaster/thesis_ws/build/linorobot2_navigation' returned '0': CMAKE_PREFIX_PATH=${CMAKE_PREFIX_PATH}:/home/swarmmaster/thesis_ws/install/multi_spawner:/home/swarmmaster/thesis_ws/install/multi_launcher:/home/swarmmaster/ros2_ws/install/my_robot_controller:/opt/ros/humble /usr/bin/cmake --install /home/swarmmaster/thesis_ws/build/linorobot2_navigation
