running egg_info
creating ../../build/multi_spawner/multi_spawner.egg-info
writing ../../build/multi_spawner/multi_spawner.egg-info/PKG-INFO
writing dependency_links to ../../build/multi_spawner/multi_spawner.egg-info/dependency_links.txt
writing entry points to ../../build/multi_spawner/multi_spawner.egg-info/entry_points.txt
writing requirements to ../../build/multi_spawner/multi_spawner.egg-info/requires.txt
writing top-level names to ../../build/multi_spawner/multi_spawner.egg-info/top_level.txt
writing manifest file '../../build/multi_spawner/multi_spawner.egg-info/SOURCES.txt'
reading manifest file '../../build/multi_spawner/multi_spawner.egg-info/SOURCES.txt'
writing manifest file '../../build/multi_spawner/multi_spawner.egg-info/SOURCES.txt'
running build
running build_py
creating /home/swarmmaster/thesis_ws/build/multi_spawner/build
creating /home/swarmmaster/thesis_ws/build/multi_spawner/build/lib
creating /home/swarmmaster/thesis_ws/build/multi_spawner/build/lib/multi_spawner
copying multi_spawner/__init__.py -> /home/swarmmaster/thesis_ws/build/multi_spawner/build/lib/multi_spawner
running install
running install_lib
creating /home/swarmmaster/thesis_ws/install/multi_spawner/lib/python3.10/site-packages/multi_spawner
copying /home/swarmmaster/thesis_ws/build/multi_spawner/build/lib/multi_spawner/__init__.py -> /home/swarmmaster/thesis_ws/install/multi_spawner/lib/python3.10/site-packages/multi_spawner
byte-compiling /home/swarmmaster/thesis_ws/install/multi_spawner/lib/python3.10/site-packages/multi_spawner/__init__.py to __init__.cpython-310.pyc
running install_data
creating /home/swarmmaster/thesis_ws/install/multi_spawner/share/multi_spawner/launch
creating /home/swarmmaster/thesis_ws/install/multi_spawner/share/ament_index
creating /home/swarmmaster/thesis_ws/install/multi_spawner/share/ament_index/resource_index
creating /home/swarmmaster/thesis_ws/install/multi_spawner/share/ament_index/resource_index/packages
copying resource/multi_spawner -> /home/swarmmaster/thesis_ws/install/multi_spawner/share/ament_index/resource_index/packages
copying package.xml -> /home/swarmmaster/thesis_ws/install/multi_spawner/share/multi_spawner
running install_egg_info
Copying ../../build/multi_spawner/multi_spawner.egg-info to /home/swarmmaster/thesis_ws/install/multi_spawner/lib/python3.10/site-packages/multi_spawner-0.0.0-py3.10.egg-info
running install_scripts
writing list of installed files to '/home/swarmmaster/thesis_ws/build/multi_spawner/install.log'
