Built target ament_cmake_python_symlink_scripts
running egg_info
writing scripts.egg-info/PKG-INFO
writing dependency_links to scripts.egg-info/dependency_links.txt
writing top-level names to scripts.egg-info/top_level.txt
reading manifest file 'scripts.egg-info/SOURCES.txt'
writing manifest file 'scripts.egg-info/SOURCES.txt'
Built target ament_cmake_python_build_scripts_egg
-- Install configuration: ""
-- Execute custom install script
-- Up-to-date symlink: /home/swarmmaster/thesis_ws/install/linorobot2_gazebo/share/linorobot2_gazebo/environment/pythonpath.sh
-- Up-to-date symlink: /home/swarmmaster/thesis_ws/install/linorobot2_gazebo/share/linorobot2_gazebo/environment/pythonpath.dsv
-- Up-to-date symlink: /home/swarmmaster/thesis_ws/install/linorobot2_gazebo/local/lib/python3.10/dist-packages/scripts-0.0.0-py3.10.egg-info/PKG-INFO
-- Up-to-date symlink: /home/swarmmaster/thesis_ws/install/linorobot2_gazebo/local/lib/python3.10/dist-packages/scripts-0.0.0-py3.10.egg-info/SOURCES.txt
-- Up-to-date symlink: /home/swarmmaster/thesis_ws/install/linorobot2_gazebo/local/lib/python3.10/dist-packages/scripts-0.0.0-py3.10.egg-info/dependency_links.txt
-- Up-to-date symlink: /home/swarmmaster/thesis_ws/install/linorobot2_gazebo/local/lib/python3.10/dist-packages/scripts-0.0.0-py3.10.egg-info/top_level.txt
-- Up-to-date symlink: /home/swarmmaster/thesis_ws/install/linorobot2_gazebo/local/lib/python3.10/dist-packages/scripts/__init__.py
-- Up-to-date symlink: /home/swarmmaster/thesis_ws/install/linorobot2_gazebo/local/lib/python3.10/dist-packages/scripts/command_timeout.py
-- Up-to-date symlink: /home/swarmmaster/thesis_ws/install/linorobot2_gazebo/share/linorobot2_gazebo/launch/gazebo.launch.py
-- Up-to-date symlink: /home/swarmmaster/thesis_ws/install/linorobot2_gazebo/share/linorobot2_gazebo/rviz/view_urdf.rviz
-- Up-to-date symlink: /home/swarmmaster/thesis_ws/install/linorobot2_gazebo/share/linorobot2_gazebo/worlds/gas_station.world
-- Up-to-date symlink: /home/swarmmaster/thesis_ws/install/linorobot2_gazebo/share/linorobot2_gazebo/worlds/linorobot2_empty.world
-- Up-to-date symlink: /home/swarmmaster/thesis_ws/install/linorobot2_gazebo/share/linorobot2_gazebo/worlds/playground.world
-- Up-to-date symlink: /home/swarmmaster/thesis_ws/install/linorobot2_gazebo/lib/linorobot2_gazebo/command_timeout.py
-- Up-to-date symlink: /home/swarmmaster/thesis_ws/install/linorobot2_gazebo/share/ament_index/resource_index/package_run_dependencies/linorobot2_gazebo
-- Up-to-date symlink: /home/swarmmaster/thesis_ws/install/linorobot2_gazebo/share/ament_index/resource_index/parent_prefix_path/linorobot2_gazebo
-- Up-to-date symlink: /home/swarmmaster/thesis_ws/install/linorobot2_gazebo/share/linorobot2_gazebo/environment/ament_prefix_path.sh
-- Up-to-date symlink: /home/swarmmaster/thesis_ws/install/linorobot2_gazebo/share/linorobot2_gazebo/environment/ament_prefix_path.dsv
-- Up-to-date symlink: /home/swarmmaster/thesis_ws/install/linorobot2_gazebo/share/linorobot2_gazebo/environment/path.sh
-- Up-to-date symlink: /home/swarmmaster/thesis_ws/install/linorobot2_gazebo/share/linorobot2_gazebo/environment/path.dsv
-- Up-to-date symlink: /home/swarmmaster/thesis_ws/install/linorobot2_gazebo/share/linorobot2_gazebo/local_setup.bash
-- Up-to-date symlink: /home/swarmmaster/thesis_ws/install/linorobot2_gazebo/share/linorobot2_gazebo/local_setup.sh
-- Up-to-date symlink: /home/swarmmaster/thesis_ws/install/linorobot2_gazebo/share/linorobot2_gazebo/local_setup.zsh
-- Up-to-date symlink: /home/swarmmaster/thesis_ws/install/linorobot2_gazebo/share/linorobot2_gazebo/local_setup.dsv
-- Symlinking: /home/swarmmaster/thesis_ws/install/linorobot2_gazebo/share/linorobot2_gazebo/package.dsv
-- Up-to-date symlink: /home/swarmmaster/thesis_ws/install/linorobot2_gazebo/share/ament_index/resource_index/packages/linorobot2_gazebo
-- Up-to-date symlink: /home/swarmmaster/thesis_ws/install/linorobot2_gazebo/share/linorobot2_gazebo/cmake/linorobot2_gazeboConfig.cmake
-- Up-to-date symlink: /home/swarmmaster/thesis_ws/install/linorobot2_gazebo/share/linorobot2_gazebo/cmake/linorobot2_gazeboConfig-version.cmake
-- Up-to-date symlink: /home/swarmmaster/thesis_ws/install/linorobot2_gazebo/share/linorobot2_gazebo/package.xml
Listing '/home/swarmmaster/thesis_ws/install/linorobot2_gazebo/local/lib/python3.10/dist-packages/scripts'...
