[0.026s] Invoking command in '/home/swarmmaster/thesis_ws/build/linorobot2_gazebo': CMAKE_PREFIX_PATH=${CMAKE_PREFIX_PATH}:/home/swarmmaster/thesis_ws/install/linorobot2_description:/home/swarmmaster/ros2_ws/install/my_robot_controller:/opt/ros/humble /usr/bin/cmake --build /home/swarmmaster/thesis_ws/build/linorobot2_gazebo -- -j4 -l4
[0.099s] Built target ament_cmake_python_symlink_scripts
[0.499s] running egg_info
[0.501s] writing scripts.egg-info/PKG-INFO
[0.501s] writing dependency_links to scripts.egg-info/dependency_links.txt
[0.501s] writing top-level names to scripts.egg-info/top_level.txt
[0.503s] reading manifest file 'scripts.egg-info/SOURCES.txt'
[0.503s] writing manifest file 'scripts.egg-info/SOURCES.txt'
[0.535s] Built target ament_cmake_python_build_scripts_egg
[0.548s] Invoked command in '/home/swarmmaster/thesis_ws/build/linorobot2_gazebo' returned '0': CMAKE_PREFIX_PATH=${CMAKE_PREFIX_PATH}:/home/swarmmaster/thesis_ws/install/linorobot2_description:/home/swarmmaster/ros2_ws/install/my_robot_controller:/opt/ros/humble /usr/bin/cmake --build /home/swarmmaster/thesis_ws/build/linorobot2_gazebo -- -j4 -l4
[0.581s] Invoking command in '/home/swarmmaster/thesis_ws/build/linorobot2_gazebo': CMAKE_PREFIX_PATH=${CMAKE_PREFIX_PATH}:/home/swarmmaster/thesis_ws/install/linorobot2_description:/home/swarmmaster/ros2_ws/install/my_robot_controller:/opt/ros/humble /usr/bin/cmake --install /home/swarmmaster/thesis_ws/build/linorobot2_gazebo
[0.590s] -- Install configuration: ""
[0.592s] -- Execute custom install script
[0.592s] -- Up-to-date symlink: /home/swarmmaster/thesis_ws/install/linorobot2_gazebo/share/linorobot2_gazebo/environment/pythonpath.sh
[0.593s] -- Up-to-date symlink: /home/swarmmaster/thesis_ws/install/linorobot2_gazebo/share/linorobot2_gazebo/environment/pythonpath.dsv
[0.594s] -- Up-to-date symlink: /home/swarmmaster/thesis_ws/install/linorobot2_gazebo/local/lib/python3.10/dist-packages/scripts-0.0.0-py3.10.egg-info/PKG-INFO
[0.595s] -- Up-to-date symlink: /home/swarmmaster/thesis_ws/install/linorobot2_gazebo/local/lib/python3.10/dist-packages/scripts-0.0.0-py3.10.egg-info/SOURCES.txt
[0.596s] -- Up-to-date symlink: /home/swarmmaster/thesis_ws/install/linorobot2_gazebo/local/lib/python3.10/dist-packages/scripts-0.0.0-py3.10.egg-info/dependency_links.txt
[0.597s] -- Up-to-date symlink: /home/swarmmaster/thesis_ws/install/linorobot2_gazebo/local/lib/python3.10/dist-packages/scripts-0.0.0-py3.10.egg-info/top_level.txt
[0.598s] -- Up-to-date symlink: /home/swarmmaster/thesis_ws/install/linorobot2_gazebo/local/lib/python3.10/dist-packages/scripts/__init__.py
[0.599s] -- Up-to-date symlink: /home/swarmmaster/thesis_ws/install/linorobot2_gazebo/local/lib/python3.10/dist-packages/scripts/command_timeout.py
[0.601s] -- Up-to-date symlink: /home/swarmmaster/thesis_ws/install/linorobot2_gazebo/share/linorobot2_gazebo/launch/gazebo.launch.py
[0.602s] -- Up-to-date symlink: /home/swarmmaster/thesis_ws/install/linorobot2_gazebo/share/linorobot2_gazebo/rviz/view_urdf.rviz
[0.603s] -- Up-to-date symlink: /home/swarmmaster/thesis_ws/install/linorobot2_gazebo/share/linorobot2_gazebo/worlds/gas_station.world
[0.604s] -- Up-to-date symlink: /home/swarmmaster/thesis_ws/install/linorobot2_gazebo/share/linorobot2_gazebo/worlds/linorobot2_empty.world
[0.604s] -- Up-to-date symlink: /home/swarmmaster/thesis_ws/install/linorobot2_gazebo/share/linorobot2_gazebo/worlds/playground.world
[0.605s] -- Up-to-date symlink: /home/swarmmaster/thesis_ws/install/linorobot2_gazebo/lib/linorobot2_gazebo/command_timeout.py
[0.606s] -- Up-to-date symlink: /home/swarmmaster/thesis_ws/install/linorobot2_gazebo/share/ament_index/resource_index/package_run_dependencies/linorobot2_gazebo
[0.608s] -- Up-to-date symlink: /home/swarmmaster/thesis_ws/install/linorobot2_gazebo/share/ament_index/resource_index/parent_prefix_path/linorobot2_gazebo
[0.608s] -- Up-to-date symlink: /home/swarmmaster/thesis_ws/install/linorobot2_gazebo/share/linorobot2_gazebo/environment/ament_prefix_path.sh
[0.609s] -- Up-to-date symlink: /home/swarmmaster/thesis_ws/install/linorobot2_gazebo/share/linorobot2_gazebo/environment/ament_prefix_path.dsv
[0.610s] -- Up-to-date symlink: /home/swarmmaster/thesis_ws/install/linorobot2_gazebo/share/linorobot2_gazebo/environment/path.sh
[0.610s] -- Up-to-date symlink: /home/swarmmaster/thesis_ws/install/linorobot2_gazebo/share/linorobot2_gazebo/environment/path.dsv
[0.611s] -- Up-to-date symlink: /home/swarmmaster/thesis_ws/install/linorobot2_gazebo/share/linorobot2_gazebo/local_setup.bash
[0.612s] -- Up-to-date symlink: /home/swarmmaster/thesis_ws/install/linorobot2_gazebo/share/linorobot2_gazebo/local_setup.sh
[0.612s] -- Up-to-date symlink: /home/swarmmaster/thesis_ws/install/linorobot2_gazebo/share/linorobot2_gazebo/local_setup.zsh
[0.613s] -- Up-to-date symlink: /home/swarmmaster/thesis_ws/install/linorobot2_gazebo/share/linorobot2_gazebo/local_setup.dsv
[0.614s] -- Symlinking: /home/swarmmaster/thesis_ws/install/linorobot2_gazebo/share/linorobot2_gazebo/package.dsv
[0.616s] -- Up-to-date symlink: /home/swarmmaster/thesis_ws/install/linorobot2_gazebo/share/ament_index/resource_index/packages/linorobot2_gazebo
[0.617s] -- Up-to-date symlink: /home/swarmmaster/thesis_ws/install/linorobot2_gazebo/share/linorobot2_gazebo/cmake/linorobot2_gazeboConfig.cmake
[0.618s] -- Up-to-date symlink: /home/swarmmaster/thesis_ws/install/linorobot2_gazebo/share/linorobot2_gazebo/cmake/linorobot2_gazeboConfig-version.cmake
[0.619s] -- Up-to-date symlink: /home/swarmmaster/thesis_ws/install/linorobot2_gazebo/share/linorobot2_gazebo/package.xml
[0.659s] Listing '/home/swarmmaster/thesis_ws/install/linorobot2_gazebo/local/lib/python3.10/dist-packages/scripts'...
[0.671s] Invoked command in '/home/swarmmaster/thesis_ws/build/linorobot2_gazebo' returned '0': CMAKE_PREFIX_PATH=${CMAKE_PREFIX_PATH}:/home/swarmmaster/thesis_ws/install/linorobot2_description:/home/swarmmaster/ros2_ws/install/my_robot_controller:/opt/ros/humble /usr/bin/cmake --install /home/swarmmaster/thesis_ws/build/linorobot2_gazebo
