[0.022s] Invoking command in '/home/swarmmaster/thesis_ws/build/linorobot2_bringup': CMAKE_PREFIX_PATH=${CMAKE_PREFIX_PATH}:/home/swarmmaster/thesis_ws/install/linorobot2_description:/home/swarmmaster/ros2_ws/install/my_robot_controller:/opt/ros/humble /usr/bin/cmake /home/swarmmaster/thesis_ws/src/linorobot2/linorobot2_bringup -DAMENT_CMAKE_SYMLINK_INSTALL=1 -DCMAKE_INSTALL_PREFIX=/home/swarmmaster/thesis_ws/install/linorobot2_bringup
[0.123s] -- The C compiler identification is GNU 11.3.0
[0.218s] -- The CXX compiler identification is GNU 11.3.0
[0.228s] -- Detecting C compiler ABI info
[0.358s] -- Detecting C compiler ABI info - done
[0.371s] -- Check for working C compiler: /usr/bin/cc - skipped
[0.371s] -- Detecting C compile features
[0.372s] -- Detecting C compile features - done
[0.377s] -- Detecting CXX compiler ABI info
[0.665s] -- Detecting CXX compiler ABI info - done
[0.676s] -- Check for working CXX compiler: /usr/bin/c++ - skipped
[0.677s] -- Detecting CXX compile features
[0.678s] -- Detecting CXX compile features - done
[0.701s] -- Found ament_cmake: 1.3.3 (/opt/ros/humble/share/ament_cmake/cmake)
[1.093s] -- Found Python3: /usr/bin/python3.10 (found version "3.10.6") found components: Interpreter 
[1.223s] -- Override CMake install command with custom implementation using symlinks instead of copying resources
[1.444s] -- Configuring done
[1.463s] -- Generating done
[1.469s] -- Build files have been written to: /home/swarmmaster/thesis_ws/build/linorobot2_bringup
[1.485s] Invoked command in '/home/swarmmaster/thesis_ws/build/linorobot2_bringup' returned '0': CMAKE_PREFIX_PATH=${CMAKE_PREFIX_PATH}:/home/swarmmaster/thesis_ws/install/linorobot2_description:/home/swarmmaster/ros2_ws/install/my_robot_controller:/opt/ros/humble /usr/bin/cmake /home/swarmmaster/thesis_ws/src/linorobot2/linorobot2_bringup -DAMENT_CMAKE_SYMLINK_INSTALL=1 -DCMAKE_INSTALL_PREFIX=/home/swarmmaster/thesis_ws/install/linorobot2_bringup
[1.485s] Invoking command in '/home/swarmmaster/thesis_ws/build/linorobot2_bringup': CMAKE_PREFIX_PATH=${CMAKE_PREFIX_PATH}:/home/swarmmaster/thesis_ws/install/linorobot2_description:/home/swarmmaster/ros2_ws/install/my_robot_controller:/opt/ros/humble /usr/bin/cmake --build /home/swarmmaster/thesis_ws/build/linorobot2_bringup -- -j4 -l4
[1.574s] Invoked command in '/home/swarmmaster/thesis_ws/build/linorobot2_bringup' returned '0': CMAKE_PREFIX_PATH=${CMAKE_PREFIX_PATH}:/home/swarmmaster/thesis_ws/install/linorobot2_description:/home/swarmmaster/ros2_ws/install/my_robot_controller:/opt/ros/humble /usr/bin/cmake --build /home/swarmmaster/thesis_ws/build/linorobot2_bringup -- -j4 -l4
[1.672s] Invoking command in '/home/swarmmaster/thesis_ws/build/linorobot2_bringup': CMAKE_PREFIX_PATH=${CMAKE_PREFIX_PATH}:/home/swarmmaster/thesis_ws/install/linorobot2_description:/home/swarmmaster/ros2_ws/install/my_robot_controller:/opt/ros/humble /usr/bin/cmake --install /home/swarmmaster/thesis_ws/build/linorobot2_bringup
[1.692s] -- Install configuration: ""
[1.692s] -- Execute custom install script
[1.692s] -- Symlinking: /home/swarmmaster/thesis_ws/install/linorobot2_bringup/share/linorobot2_bringup/launch/bringup.launch.py
[1.697s] -- Symlinking: /home/swarmmaster/thesis_ws/install/linorobot2_bringup/share/linorobot2_bringup/launch/custom_robot.launch.py
[1.707s] -- Symlinking: /home/swarmmaster/thesis_ws/install/linorobot2_bringup/share/linorobot2_bringup/launch/default_robot.launch.py
[1.719s] -- Symlinking: /home/swarmmaster/thesis_ws/install/linorobot2_bringup/share/linorobot2_bringup/launch/depth.launch.py
[1.751s] -- Symlinking: /home/swarmmaster/thesis_ws/install/linorobot2_bringup/share/linorobot2_bringup/launch/joy_teleop.launch.py
[1.795s] -- Symlinking: /home/swarmmaster/thesis_ws/install/linorobot2_bringup/share/linorobot2_bringup/launch/lasers.launch.py
[1.817s] -- Symlinking: /home/swarmmaster/thesis_ws/install/linorobot2_bringup/share/linorobot2_bringup/launch/sensors.launch.py
[1.831s] -- Symlinking: /home/swarmmaster/thesis_ws/install/linorobot2_bringup/share/linorobot2_bringup/config/fake_laser.yaml
[1.842s] -- Symlinking: /home/swarmmaster/thesis_ws/install/linorobot2_bringup/share/linorobot2_bringup/config/joy.yaml
[1.854s] -- Symlinking: /home/swarmmaster/thesis_ws/install/linorobot2_bringup/share/linorobot2_bringup/config/ydlidar.yaml
[1.870s] -- Symlinking: /home/swarmmaster/thesis_ws/install/linorobot2_bringup/share/linorobot2_bringup/config/zed_common.yaml
[1.886s] -- Symlinking: /home/swarmmaster/thesis_ws/install/linorobot2_bringup/share/ament_index/resource_index/package_run_dependencies/linorobot2_bringup
[1.897s] -- Symlinking: /home/swarmmaster/thesis_ws/install/linorobot2_bringup/share/ament_index/resource_index/parent_prefix_path/linorobot2_bringup
[1.920s] -- Symlinking: /home/swarmmaster/thesis_ws/install/linorobot2_bringup/share/linorobot2_bringup/environment/ament_prefix_path.sh
[1.928s] -- Symlinking: /home/swarmmaster/thesis_ws/install/linorobot2_bringup/share/linorobot2_bringup/environment/ament_prefix_path.dsv
[1.939s] -- Symlinking: /home/swarmmaster/thesis_ws/install/linorobot2_bringup/share/linorobot2_bringup/environment/path.sh
[1.960s] -- Symlinking: /home/swarmmaster/thesis_ws/install/linorobot2_bringup/share/linorobot2_bringup/environment/path.dsv
[1.985s] -- Symlinking: /home/swarmmaster/thesis_ws/install/linorobot2_bringup/share/linorobot2_bringup/local_setup.bash
[1.998s] -- Symlinking: /home/swarmmaster/thesis_ws/install/linorobot2_bringup/share/linorobot2_bringup/local_setup.sh
[2.010s] -- Symlinking: /home/swarmmaster/thesis_ws/install/linorobot2_bringup/share/linorobot2_bringup/local_setup.zsh
[2.050s] -- Symlinking: /home/swarmmaster/thesis_ws/install/linorobot2_bringup/share/linorobot2_bringup/local_setup.dsv
[2.064s] -- Symlinking: /home/swarmmaster/thesis_ws/install/linorobot2_bringup/share/linorobot2_bringup/package.dsv
[2.075s] -- Symlinking: /home/swarmmaster/thesis_ws/install/linorobot2_bringup/share/ament_index/resource_index/packages/linorobot2_bringup
[2.086s] -- Symlinking: /home/swarmmaster/thesis_ws/install/linorobot2_bringup/share/linorobot2_bringup/cmake/linorobot2_bringupConfig.cmake
[2.097s] -- Symlinking: /home/swarmmaster/thesis_ws/install/linorobot2_bringup/share/linorobot2_bringup/cmake/linorobot2_bringupConfig-version.cmake
[2.109s] -- Symlinking: /home/swarmmaster/thesis_ws/install/linorobot2_bringup/share/linorobot2_bringup/package.xml
[2.127s] Invoked command in '/home/swarmmaster/thesis_ws/build/linorobot2_bringup' returned '0': CMAKE_PREFIX_PATH=${CMAKE_PREFIX_PATH}:/home/swarmmaster/thesis_ws/install/linorobot2_description:/home/swarmmaster/ros2_ws/install/my_robot_controller:/opt/ros/humble /usr/bin/cmake --install /home/swarmmaster/thesis_ws/build/linorobot2_bringup
