[0.046s] Invoking command in '/home/swarmmaster/thesis_ws/build/linorobot2': CMAKE_PREFIX_PATH=${CMAKE_PREFIX_PATH}:/home/swarmmaster/thesis_ws/install/linorobot2_description:/home/swarmmaster/ros2_ws/install/my_robot_controller:/opt/ros/humble /usr/bin/cmake --build /home/swarmmaster/thesis_ws/build/linorobot2 -- -j4 -l4
[0.117s] Invoked command in '/home/swarmmaster/thesis_ws/build/linorobot2' returned '0': CMAKE_PREFIX_PATH=${CMAKE_PREFIX_PATH}:/home/swarmmaster/thesis_ws/install/linorobot2_description:/home/swarmmaster/ros2_ws/install/my_robot_controller:/opt/ros/humble /usr/bin/cmake --build /home/swarmmaster/thesis_ws/build/linorobot2 -- -j4 -l4
[0.189s] Invoking command in '/home/swarmmaster/thesis_ws/build/linorobot2': CMAKE_PREFIX_PATH=${CMAKE_PREFIX_PATH}:/home/swarmmaster/thesis_ws/install/linorobot2_description:/home/swarmmaster/ros2_ws/install/my_robot_controller:/opt/ros/humble /usr/bin/cmake --install /home/swarmmaster/thesis_ws/build/linorobot2
[0.198s] -- Install configuration: ""
[0.200s] -- Execute custom install script
[0.201s] -- Up-to-date symlink: /home/swarmmaster/thesis_ws/install/linorobot2/share/ament_index/resource_index/package_run_dependencies/linorobot2
[0.207s] -- Up-to-date symlink: /home/swarmmaster/thesis_ws/install/linorobot2/share/ament_index/resource_index/parent_prefix_path/linorobot2
[0.208s] -- Up-to-date symlink: /home/swarmmaster/thesis_ws/install/linorobot2/share/linorobot2/environment/ament_prefix_path.sh
[0.210s] -- Up-to-date symlink: /home/swarmmaster/thesis_ws/install/linorobot2/share/linorobot2/environment/ament_prefix_path.dsv
[0.213s] -- Up-to-date symlink: /home/swarmmaster/thesis_ws/install/linorobot2/share/linorobot2/environment/path.sh
[0.217s] -- Up-to-date symlink: /home/swarmmaster/thesis_ws/install/linorobot2/share/linorobot2/environment/path.dsv
[0.218s] -- Up-to-date symlink: /home/swarmmaster/thesis_ws/install/linorobot2/share/linorobot2/local_setup.bash
[0.222s] -- Up-to-date symlink: /home/swarmmaster/thesis_ws/install/linorobot2/share/linorobot2/local_setup.sh
[0.223s] -- Up-to-date symlink: /home/swarmmaster/thesis_ws/install/linorobot2/share/linorobot2/local_setup.zsh
[0.223s] -- Up-to-date symlink: /home/swarmmaster/thesis_ws/install/linorobot2/share/linorobot2/local_setup.dsv
[0.225s] -- Symlinking: /home/swarmmaster/thesis_ws/install/linorobot2/share/linorobot2/package.dsv
[0.228s] -- Up-to-date symlink: /home/swarmmaster/thesis_ws/install/linorobot2/share/ament_index/resource_index/packages/linorobot2
[0.229s] -- Up-to-date symlink: /home/swarmmaster/thesis_ws/install/linorobot2/share/linorobot2/cmake/linorobot2Config.cmake
[0.229s] -- Up-to-date symlink: /home/swarmmaster/thesis_ws/install/linorobot2/share/linorobot2/cmake/linorobot2Config-version.cmake
[0.229s] -- Up-to-date symlink: /home/swarmmaster/thesis_ws/install/linorobot2/share/linorobot2/package.xml
[0.238s] Invoked command in '/home/swarmmaster/thesis_ws/build/linorobot2' returned '0': CMAKE_PREFIX_PATH=${CMAKE_PREFIX_PATH}:/home/swarmmaster/thesis_ws/install/linorobot2_description:/home/swarmmaster/ros2_ws/install/my_robot_controller:/opt/ros/humble /usr/bin/cmake --install /home/swarmmaster/thesis_ws/build/linorobot2
