-- The C compiler identification is GNU 11.3.0
-- The CXX compiler identification is GNU 11.3.0
-- Detecting C compiler ABI info
-- Detecting C compiler ABI info - done
-- Check for working C compiler: /usr/bin/cc - skipped
-- Detecting C compile features
-- Detecting C compile features - done
-- Detecting CXX compiler ABI info
-- Detecting CXX compiler ABI info - done
-- Check for working CXX compiler: /usr/bin/c++ - skipped
-- Detecting CXX compile features
-- Detecting CXX compile features - done
-- Found ament_cmake: 1.3.3 (/opt/ros/humble/share/ament_cmake/cmake)
-- Found Python3: /usr/bin/python3.10 (found version "3.10.6") found components: Interpreter 
-- Override CMake install command with custom implementation using symlinks instead of copying resources
-- Configuring done
-- Generating done
-- Build files have been written to: /home/swarmmaster/thesis_ws/build/linorobot2_viz
-- Install configuration: ""
-- Execute custom install script
-- Symlinking: /home/swarmmaster/thesis_ws/install/linorobot2_viz/share/linorobot2_viz/launch/navigation.launch.py
-- Symlinking: /home/swarmmaster/thesis_ws/install/linorobot2_viz/share/linorobot2_viz/launch/robot_model.launch.py
-- Symlinking: /home/swarmmaster/thesis_ws/install/linorobot2_viz/share/linorobot2_viz/launch/slam.launch.py
-- Symlinking: /home/swarmmaster/thesis_ws/install/linorobot2_viz/share/linorobot2_viz/rviz/description.rviz
-- Symlinking: /home/swarmmaster/thesis_ws/install/linorobot2_viz/share/linorobot2_viz/rviz/linorobot2_navigation.rviz
-- Symlinking: /home/swarmmaster/thesis_ws/install/linorobot2_viz/share/linorobot2_viz/rviz/linorobot2_navigation_minimal.rviz
-- Symlinking: /home/swarmmaster/thesis_ws/install/linorobot2_viz/share/linorobot2_viz/rviz/linorobot2_slam.rviz
-- Symlinking: /home/swarmmaster/thesis_ws/install/linorobot2_viz/share/ament_index/resource_index/package_run_dependencies/linorobot2_viz
-- Symlinking: /home/swarmmaster/thesis_ws/install/linorobot2_viz/share/ament_index/resource_index/parent_prefix_path/linorobot2_viz
-- Symlinking: /home/swarmmaster/thesis_ws/install/linorobot2_viz/share/linorobot2_viz/environment/ament_prefix_path.sh
-- Symlinking: /home/swarmmaster/thesis_ws/install/linorobot2_viz/share/linorobot2_viz/environment/ament_prefix_path.dsv
-- Symlinking: /home/swarmmaster/thesis_ws/install/linorobot2_viz/share/linorobot2_viz/environment/path.sh
-- Symlinking: /home/swarmmaster/thesis_ws/install/linorobot2_viz/share/linorobot2_viz/environment/path.dsv
-- Symlinking: /home/swarmmaster/thesis_ws/install/linorobot2_viz/share/linorobot2_viz/local_setup.bash
-- Symlinking: /home/swarmmaster/thesis_ws/install/linorobot2_viz/share/linorobot2_viz/local_setup.sh
-- Symlinking: /home/swarmmaster/thesis_ws/install/linorobot2_viz/share/linorobot2_viz/local_setup.zsh
-- Symlinking: /home/swarmmaster/thesis_ws/install/linorobot2_viz/share/linorobot2_viz/local_setup.dsv
-- Symlinking: /home/swarmmaster/thesis_ws/install/linorobot2_viz/share/linorobot2_viz/package.dsv
-- Symlinking: /home/swarmmaster/thesis_ws/install/linorobot2_viz/share/ament_index/resource_index/packages/linorobot2_viz
-- Symlinking: /home/swarmmaster/thesis_ws/install/linorobot2_viz/share/linorobot2_viz/cmake/linorobot2_vizConfig.cmake
-- Symlinking: /home/swarmmaster/thesis_ws/install/linorobot2_viz/share/linorobot2_viz/cmake/linorobot2_vizConfig-version.cmake
-- Symlinking: /home/swarmmaster/thesis_ws/install/linorobot2_viz/share/linorobot2_viz/package.xml
