[0.046s] Invoking command in '/home/swarmmaster/thesis_ws/build/linorobot2_viz': CMAKE_PREFIX_PATH=${CMAKE_PREFIX_PATH}:/home/swarmmaster/thesis_ws/install/linorobot2_description:/home/swarmmaster/ros2_ws/install/my_robot_controller:/opt/ros/humble /usr/bin/cmake /home/swarmmaster/thesis_ws/src/linorobot2_viz -DAMENT_CMAKE_SYMLINK_INSTALL=1 -DCMAKE_INSTALL_PREFIX=/home/swarmmaster/thesis_ws/install/linorobot2_viz
[0.122s] -- The C compiler identification is GNU 11.3.0
[0.211s] -- The CXX compiler identification is GNU 11.3.0
[0.224s] -- Detecting C compiler ABI info
[0.363s] -- Detecting C compiler ABI info - done
[0.381s] -- Check for working C compiler: /usr/bin/cc - skipped
[0.381s] -- Detecting C compile features
[0.381s] -- Detecting C compile features - done
[0.382s] -- Detecting CXX compiler ABI info
[0.505s] -- Detecting CXX compiler ABI info - done
[0.521s] -- Check for working CXX compiler: /usr/bin/c++ - skipped
[0.521s] -- Detecting CXX compile features
[0.521s] -- Detecting CXX compile features - done
[0.523s] -- Found ament_cmake: 1.3.3 (/opt/ros/humble/share/ament_cmake/cmake)
[0.786s] -- Found Python3: /usr/bin/python3.10 (found version "3.10.6") found components: Interpreter 
[0.866s] -- Override CMake install command with custom implementation using symlinks instead of copying resources
[1.031s] -- Configuring done
[1.034s] -- Generating done
[1.035s] -- Build files have been written to: /home/swarmmaster/thesis_ws/build/linorobot2_viz
[1.042s] Invoked command in '/home/swarmmaster/thesis_ws/build/linorobot2_viz' returned '0': CMAKE_PREFIX_PATH=${CMAKE_PREFIX_PATH}:/home/swarmmaster/thesis_ws/install/linorobot2_description:/home/swarmmaster/ros2_ws/install/my_robot_controller:/opt/ros/humble /usr/bin/cmake /home/swarmmaster/thesis_ws/src/linorobot2_viz -DAMENT_CMAKE_SYMLINK_INSTALL=1 -DCMAKE_INSTALL_PREFIX=/home/swarmmaster/thesis_ws/install/linorobot2_viz
[1.042s] Invoking command in '/home/swarmmaster/thesis_ws/build/linorobot2_viz': CMAKE_PREFIX_PATH=${CMAKE_PREFIX_PATH}:/home/swarmmaster/thesis_ws/install/linorobot2_description:/home/swarmmaster/ros2_ws/install/my_robot_controller:/opt/ros/humble /usr/bin/cmake --build /home/swarmmaster/thesis_ws/build/linorobot2_viz -- -j4 -l4
[1.092s] Invoked command in '/home/swarmmaster/thesis_ws/build/linorobot2_viz' returned '0': CMAKE_PREFIX_PATH=${CMAKE_PREFIX_PATH}:/home/swarmmaster/thesis_ws/install/linorobot2_description:/home/swarmmaster/ros2_ws/install/my_robot_controller:/opt/ros/humble /usr/bin/cmake --build /home/swarmmaster/thesis_ws/build/linorobot2_viz -- -j4 -l4
[1.124s] Invoking command in '/home/swarmmaster/thesis_ws/build/linorobot2_viz': CMAKE_PREFIX_PATH=${CMAKE_PREFIX_PATH}:/home/swarmmaster/thesis_ws/install/linorobot2_description:/home/swarmmaster/ros2_ws/install/my_robot_controller:/opt/ros/humble /usr/bin/cmake --install /home/swarmmaster/thesis_ws/build/linorobot2_viz
[1.132s] -- Install configuration: ""
[1.133s] -- Execute custom install script
[1.134s] -- Symlinking: /home/swarmmaster/thesis_ws/install/linorobot2_viz/share/linorobot2_viz/launch/navigation.launch.py
[1.145s] -- Symlinking: /home/swarmmaster/thesis_ws/install/linorobot2_viz/share/linorobot2_viz/launch/robot_model.launch.py
[1.158s] -- Symlinking: /home/swarmmaster/thesis_ws/install/linorobot2_viz/share/linorobot2_viz/launch/slam.launch.py
[1.170s] -- Symlinking: /home/swarmmaster/thesis_ws/install/linorobot2_viz/share/linorobot2_viz/rviz/description.rviz
[1.179s] -- Symlinking: /home/swarmmaster/thesis_ws/install/linorobot2_viz/share/linorobot2_viz/rviz/linorobot2_navigation.rviz
[1.191s] -- Symlinking: /home/swarmmaster/thesis_ws/install/linorobot2_viz/share/linorobot2_viz/rviz/linorobot2_navigation_minimal.rviz
[1.201s] -- Symlinking: /home/swarmmaster/thesis_ws/install/linorobot2_viz/share/linorobot2_viz/rviz/linorobot2_slam.rviz
[1.212s] -- Symlinking: /home/swarmmaster/thesis_ws/install/linorobot2_viz/share/ament_index/resource_index/package_run_dependencies/linorobot2_viz
[1.222s] -- Symlinking: /home/swarmmaster/thesis_ws/install/linorobot2_viz/share/ament_index/resource_index/parent_prefix_path/linorobot2_viz
[1.241s] -- Symlinking: /home/swarmmaster/thesis_ws/install/linorobot2_viz/share/linorobot2_viz/environment/ament_prefix_path.sh
[1.243s] -- Symlinking: /home/swarmmaster/thesis_ws/install/linorobot2_viz/share/linorobot2_viz/environment/ament_prefix_path.dsv
[1.257s] -- Symlinking: /home/swarmmaster/thesis_ws/install/linorobot2_viz/share/linorobot2_viz/environment/path.sh
[1.268s] -- Symlinking: /home/swarmmaster/thesis_ws/install/linorobot2_viz/share/linorobot2_viz/environment/path.dsv
[1.279s] -- Symlinking: /home/swarmmaster/thesis_ws/install/linorobot2_viz/share/linorobot2_viz/local_setup.bash
[1.294s] -- Symlinking: /home/swarmmaster/thesis_ws/install/linorobot2_viz/share/linorobot2_viz/local_setup.sh
[1.305s] -- Symlinking: /home/swarmmaster/thesis_ws/install/linorobot2_viz/share/linorobot2_viz/local_setup.zsh
[1.315s] -- Symlinking: /home/swarmmaster/thesis_ws/install/linorobot2_viz/share/linorobot2_viz/local_setup.dsv
[1.325s] -- Symlinking: /home/swarmmaster/thesis_ws/install/linorobot2_viz/share/linorobot2_viz/package.dsv
[1.335s] -- Symlinking: /home/swarmmaster/thesis_ws/install/linorobot2_viz/share/ament_index/resource_index/packages/linorobot2_viz
[1.345s] -- Symlinking: /home/swarmmaster/thesis_ws/install/linorobot2_viz/share/linorobot2_viz/cmake/linorobot2_vizConfig.cmake
[1.355s] -- Symlinking: /home/swarmmaster/thesis_ws/install/linorobot2_viz/share/linorobot2_viz/cmake/linorobot2_vizConfig-version.cmake
[1.366s] -- Symlinking: /home/swarmmaster/thesis_ws/install/linorobot2_viz/share/linorobot2_viz/package.xml
[1.380s] Invoked command in '/home/swarmmaster/thesis_ws/build/linorobot2_viz' returned '0': CMAKE_PREFIX_PATH=${CMAKE_PREFIX_PATH}:/home/swarmmaster/thesis_ws/install/linorobot2_description:/home/swarmmaster/ros2_ws/install/my_robot_controller:/opt/ros/humble /usr/bin/cmake --install /home/swarmmaster/thesis_ws/build/linorobot2_viz
