[0.029s] Invoking command in '/home/swarmmaster/thesis_ws/build/linorobot2_gazebo': CMAKE_PREFIX_PATH=${CMAKE_PREFIX_PATH}:/home/swarmmaster/ros2_ws/install/my_robot_controller:/opt/ros/humble /usr/bin/cmake --build /home/swarmmaster/thesis_ws/build/linorobot2_gazebo -- -j4 -l4
[0.100s] Built target ament_cmake_python_copy_scripts
[0.445s] running egg_info
[0.446s] writing scripts.egg-info/PKG-INFO
[0.446s] writing dependency_links to scripts.egg-info/dependency_links.txt
[0.446s] writing top-level names to scripts.egg-info/top_level.txt
[0.449s] reading manifest file 'scripts.egg-info/SOURCES.txt'
[0.449s] writing manifest file 'scripts.egg-info/SOURCES.txt'
[0.479s] Built target ament_cmake_python_build_scripts_egg
[0.607s] Invoked command in '/home/swarmmaster/thesis_ws/build/linorobot2_gazebo' returned '0': CMAKE_PREFIX_PATH=${CMAKE_PREFIX_PATH}:/home/swarmmaster/ros2_ws/install/my_robot_controller:/opt/ros/humble /usr/bin/cmake --build /home/swarmmaster/thesis_ws/build/linorobot2_gazebo -- -j4 -l4
[0.657s] Invoking command in '/home/swarmmaster/thesis_ws/build/linorobot2_gazebo': CMAKE_PREFIX_PATH=${CMAKE_PREFIX_PATH}:/home/swarmmaster/ros2_ws/install/my_robot_controller:/opt/ros/humble /usr/bin/cmake --install /home/swarmmaster/thesis_ws/build/linorobot2_gazebo
[0.667s] -- Install configuration: ""
[0.667s] -- Up-to-date: /home/swarmmaster/thesis_ws/install/linorobot2_gazebo/share/linorobot2_gazebo/environment/pythonpath.sh
[0.667s] -- Up-to-date: /home/swarmmaster/thesis_ws/install/linorobot2_gazebo/share/linorobot2_gazebo/environment/pythonpath.dsv
[0.667s] -- Up-to-date: /home/swarmmaster/thesis_ws/install/linorobot2_gazebo/local/lib/python3.10/dist-packages/scripts-0.0.0-py3.10.egg-info
[0.667s] -- Installing: /home/swarmmaster/thesis_ws/install/linorobot2_gazebo/local/lib/python3.10/dist-packages/scripts-0.0.0-py3.10.egg-info/SOURCES.txt
[0.667s] -- Installing: /home/swarmmaster/thesis_ws/install/linorobot2_gazebo/local/lib/python3.10/dist-packages/scripts-0.0.0-py3.10.egg-info/dependency_links.txt
[0.667s] -- Installing: /home/swarmmaster/thesis_ws/install/linorobot2_gazebo/local/lib/python3.10/dist-packages/scripts-0.0.0-py3.10.egg-info/top_level.txt
[0.667s] -- Installing: /home/swarmmaster/thesis_ws/install/linorobot2_gazebo/local/lib/python3.10/dist-packages/scripts-0.0.0-py3.10.egg-info/PKG-INFO
[0.667s] -- Up-to-date: /home/swarmmaster/thesis_ws/install/linorobot2_gazebo/local/lib/python3.10/dist-packages/scripts
[0.668s] -- Up-to-date: /home/swarmmaster/thesis_ws/install/linorobot2_gazebo/local/lib/python3.10/dist-packages/scripts/__init__.py
[0.668s] -- Up-to-date: /home/swarmmaster/thesis_ws/install/linorobot2_gazebo/local/lib/python3.10/dist-packages/scripts/command_timeout.py
[0.704s] Listing '/home/swarmmaster/thesis_ws/install/linorobot2_gazebo/local/lib/python3.10/dist-packages/scripts'...
[0.715s] -- Up-to-date: /home/swarmmaster/thesis_ws/install/linorobot2_gazebo/share/linorobot2_gazebo/launch
[0.715s] -- Up-to-date: /home/swarmmaster/thesis_ws/install/linorobot2_gazebo/share/linorobot2_gazebo/launch/gazebo.launch.py
[0.715s] -- Up-to-date: /home/swarmmaster/thesis_ws/install/linorobot2_gazebo/share/linorobot2_gazebo/rviz
[0.715s] -- Up-to-date: /home/swarmmaster/thesis_ws/install/linorobot2_gazebo/share/linorobot2_gazebo/rviz/view_urdf.rviz
[0.715s] -- Up-to-date: /home/swarmmaster/thesis_ws/install/linorobot2_gazebo/share/linorobot2_gazebo/worlds
[0.715s] -- Up-to-date: /home/swarmmaster/thesis_ws/install/linorobot2_gazebo/share/linorobot2_gazebo/worlds/u_shape.world
[0.716s] -- Up-to-date: /home/swarmmaster/thesis_ws/install/linorobot2_gazebo/share/linorobot2_gazebo/worlds/linorobot2_empty.world
[0.716s] -- Up-to-date: /home/swarmmaster/thesis_ws/install/linorobot2_gazebo/share/linorobot2_gazebo/worlds/gas_station.world
[0.716s] -- Up-to-date: /home/swarmmaster/thesis_ws/install/linorobot2_gazebo/share/linorobot2_gazebo/worlds/playground.world
[0.716s] -- Up-to-date: /home/swarmmaster/thesis_ws/install/linorobot2_gazebo/lib/linorobot2_gazebo/command_timeout.py
[0.716s] -- Up-to-date: /home/swarmmaster/thesis_ws/install/linorobot2_gazebo/share/ament_index/resource_index/package_run_dependencies/linorobot2_gazebo
[0.716s] -- Up-to-date: /home/swarmmaster/thesis_ws/install/linorobot2_gazebo/share/ament_index/resource_index/parent_prefix_path/linorobot2_gazebo
[0.716s] -- Up-to-date: /home/swarmmaster/thesis_ws/install/linorobot2_gazebo/share/linorobot2_gazebo/environment/ament_prefix_path.sh
[0.716s] -- Up-to-date: /home/swarmmaster/thesis_ws/install/linorobot2_gazebo/share/linorobot2_gazebo/environment/ament_prefix_path.dsv
[0.716s] -- Up-to-date: /home/swarmmaster/thesis_ws/install/linorobot2_gazebo/share/linorobot2_gazebo/environment/path.sh
[0.716s] -- Up-to-date: /home/swarmmaster/thesis_ws/install/linorobot2_gazebo/share/linorobot2_gazebo/environment/path.dsv
[0.716s] -- Up-to-date: /home/swarmmaster/thesis_ws/install/linorobot2_gazebo/share/linorobot2_gazebo/local_setup.bash
[0.716s] -- Up-to-date: /home/swarmmaster/thesis_ws/install/linorobot2_gazebo/share/linorobot2_gazebo/local_setup.sh
[0.716s] -- Up-to-date: /home/swarmmaster/thesis_ws/install/linorobot2_gazebo/share/linorobot2_gazebo/local_setup.zsh
[0.716s] -- Up-to-date: /home/swarmmaster/thesis_ws/install/linorobot2_gazebo/share/linorobot2_gazebo/local_setup.dsv
[0.717s] -- Up-to-date: /home/swarmmaster/thesis_ws/install/linorobot2_gazebo/share/linorobot2_gazebo/package.dsv
[0.717s] -- Up-to-date: /home/swarmmaster/thesis_ws/install/linorobot2_gazebo/share/ament_index/resource_index/packages/linorobot2_gazebo
[0.717s] -- Up-to-date: /home/swarmmaster/thesis_ws/install/linorobot2_gazebo/share/linorobot2_gazebo/cmake/linorobot2_gazeboConfig.cmake
[0.717s] -- Up-to-date: /home/swarmmaster/thesis_ws/install/linorobot2_gazebo/share/linorobot2_gazebo/cmake/linorobot2_gazeboConfig-version.cmake
[0.717s] -- Up-to-date: /home/swarmmaster/thesis_ws/install/linorobot2_gazebo/share/linorobot2_gazebo/package.xml
[0.745s] Invoked command in '/home/swarmmaster/thesis_ws/build/linorobot2_gazebo' returned '0': CMAKE_PREFIX_PATH=${CMAKE_PREFIX_PATH}:/home/swarmmaster/ros2_ws/install/my_robot_controller:/opt/ros/humble /usr/bin/cmake --install /home/swarmmaster/thesis_ws/build/linorobot2_gazebo
