[0.037s] Invoking command in '/home/swarmmaster/thesis_ws/build/box_bot_gazebo': CMAKE_PREFIX_PATH=${CMAKE_PREFIX_PATH}:/home/swarmmaster/thesis_ws/install/linorobot2_description:/home/swarmmaster/ros2_ws/install/my_robot_controller:/opt/ros/humble /usr/bin/cmake /home/swarmmaster/thesis_ws/src/box_bot/box_bot_gazebo -DAMENT_CMAKE_SYMLINK_INSTALL=1 -DCMAKE_INSTALL_PREFIX=/home/swarmmaster/thesis_ws/install/box_bot_gazebo
[0.133s] -- The C compiler identification is GNU 11.3.0
[0.212s] -- The CXX compiler identification is GNU 11.3.0
[0.221s] -- Detecting C compiler ABI info
[0.469s] -- Detecting C compiler ABI info - done
[0.487s] -- Check for working C compiler: /usr/bin/cc - skipped
[0.488s] -- Detecting C compile features
[0.489s] -- Detecting C compile features - done
[0.513s] -- Detecting CXX compiler ABI info
[0.763s] -- Detecting CXX compiler ABI info - done
[0.774s] -- Check for working CXX compiler: /usr/bin/c++ - skipped
[0.774s] -- Detecting CXX compile features
[0.775s] -- Detecting CXX compile features - done
[0.782s] -- Found ament_cmake: 1.3.3 (/opt/ros/humble/share/ament_cmake/cmake)
[1.084s] -- Found Python3: /usr/bin/python3.10 (found version "3.10.6") found components: Interpreter 
[1.181s] -- Override CMake install command with custom implementation using symlinks instead of copying resources
[1.249s] -- Found rclcpp: 16.0.3 (/opt/ros/humble/share/rclcpp/cmake)
[1.335s] -- Found rosidl_generator_c: 3.1.4 (/opt/ros/humble/share/rosidl_generator_c/cmake)
[1.347s] -- Found rosidl_adapter: 3.1.4 (/opt/ros/humble/share/rosidl_adapter/cmake)
[1.375s] -- Found rosidl_generator_cpp: 3.1.4 (/opt/ros/humble/share/rosidl_generator_cpp/cmake)
[1.416s] -- Using all available rosidl_typesupport_c: rosidl_typesupport_fastrtps_c;rosidl_typesupport_introspection_c
[1.463s] -- Using all available rosidl_typesupport_cpp: rosidl_typesupport_fastrtps_cpp;rosidl_typesupport_introspection_cpp
[1.599s] -- Found rmw_implementation_cmake: 6.1.1 (/opt/ros/humble/share/rmw_implementation_cmake/cmake)
[1.606s] -- Found rmw_fastrtps_cpp: 6.2.2 (/opt/ros/humble/share/rmw_fastrtps_cpp/cmake)
[1.772s] -- Found OpenSSL: /usr/lib/x86_64-linux-gnu/libcrypto.so (found version "3.0.2")  
[1.817s] -- Found FastRTPS: /opt/ros/humble/include  
[1.901s] -- Using RMW implementation 'rmw_fastrtps_cpp' as default
[1.917s] -- Looking for pthread.h
[2.048s] -- Looking for pthread.h - found
[2.049s] -- Performing Test CMAKE_HAVE_LIBC_PTHREAD
[2.163s] -- Performing Test CMAKE_HAVE_LIBC_PTHREAD - Success
[2.165s] -- Found Threads: TRUE  
[2.432s] -- Found rclpy: 3.3.7 (/opt/ros/humble/share/rclpy/cmake)
[2.450s] [33mCMake Warning (dev) at /usr/share/cmake-3.22/Modules/FindPackageHandleStandardArgs.cmake:438 (message):
[2.451s]   The package name passed to `find_package_handle_standard_args` (PkgConfig)
[2.451s]   does not match the name of the calling package (gazebo).  This can lead to
[2.451s]   problems in calling code that expects `find_package` result variables
[2.451s]   (e.g., `_FOUND`) to follow a certain pattern.
[2.451s] Call Stack (most recent call first):
[2.451s]   /usr/share/cmake-3.22/Modules/FindPkgConfig.cmake:99 (find_package_handle_standard_args)
[2.451s]   /usr/lib/x86_64-linux-gnu/cmake/gazebo/gazebo-config.cmake:72 (include)
[2.451s]   CMakeLists.txt:26 (find_package)
[2.451s] This warning is for project developers.  Use -Wno-dev to suppress it.
[2.451s] [0m
[2.451s] -- Found PkgConfig: /usr/bin/pkg-config (found version "0.29.2") 
[2.452s] -- Checking for module 'bullet>=2.82'
[2.481s] --   Found bullet, version 3.05
[2.854s] -- Found fcl: /usr/include (found suitable version "0.7.0", minimum required is "0.5.0") 
[2.987s] -- Found assimp: /usr/include (found version "5.2.0") 
[3.037s] -- Found DART: /usr/include (Required is at least version "6.6") found components: dart 
[3.117s] -- Found Boost: /usr/lib/x86_64-linux-gnu/cmake/Boost-1.74.0/BoostConfig.cmake (found suitable version "1.74.0", minimum required is "1.40.0") found components: thread system filesystem program_options regex iostreams date_time 
[3.157s] -- Found Protobuf: /usr/local/lib/libprotobuf.a (found version "3.4.0") 
[3.165s] -- Looking for ignition-math6 -- found version 6.14.0
[3.182s] -- Searching for dependencies of ignition-math6
[3.182s] -- Looking for OGRE...
[3.182s] -- OGRE_PREFIX_WATCH changed.
[3.190s] -- Checking for module 'OGRE'
[3.237s] --   Found OGRE, version 1.9.0
[3.319s] -- Found Ogre Ghadamon (1.9.0)
[3.337s] -- Found OGRE: optimized;/usr/lib/x86_64-linux-gnu/libOgreMain.so;debug;/usr/lib/x86_64-linux-gnu/libOgreMain.so
[3.352s] -- Looking for OGRE_Paging...
[3.366s] -- Found OGRE_Paging: optimized;/usr/lib/x86_64-linux-gnu/libOgrePaging.so;debug;/usr/lib/x86_64-linux-gnu/libOgrePaging.so
[3.366s] -- Looking for OGRE_Terrain...
[3.401s] -- Found OGRE_Terrain: optimized;/usr/lib/x86_64-linux-gnu/libOgreTerrain.so;debug;/usr/lib/x86_64-linux-gnu/libOgreTerrain.so
[3.401s] -- Looking for OGRE_Property...
[3.417s] -- Found OGRE_Property: optimized;/usr/lib/x86_64-linux-gnu/libOgreProperty.so;debug;/usr/lib/x86_64-linux-gnu/libOgreProperty.so
[3.417s] -- Looking for OGRE_RTShaderSystem...
[3.428s] -- Found OGRE_RTShaderSystem: optimized;/usr/lib/x86_64-linux-gnu/libOgreRTShaderSystem.so;debug;/usr/lib/x86_64-linux-gnu/libOgreRTShaderSystem.so
[3.428s] -- Looking for OGRE_Volume...
[3.451s] -- Found OGRE_Volume: optimized;/usr/lib/x86_64-linux-gnu/libOgreVolume.so;debug;/usr/lib/x86_64-linux-gnu/libOgreVolume.so
[3.451s] -- Looking for OGRE_Overlay...
[3.472s] -- Found OGRE_Overlay: optimized;/usr/lib/x86_64-linux-gnu/libOgreOverlay.so;debug;/usr/lib/x86_64-linux-gnu/libOgreOverlay.so
[3.937s] -- Looking for ignition-math6 -- found version 6.14.0
[3.948s] -- Looking for ignition-transport8 -- found version 8.2.1
[3.949s] -- Searching for dependencies of ignition-transport8
[3.993s] -- Found ZLIB: /usr/lib/x86_64-linux-gnu/libz.so (found version "1.2.11") 
[4.008s] -- Config-file not installed for ZeroMQ -- checking for pkg-config
[4.015s] -- Checking for module 'libzmq >= 4'
[4.035s] --   Found libzmq , version 4.3.4
[4.142s] -- Found ZeroMQ: TRUE (Required is at least version "4") 
[4.162s] -- Checking for module 'uuid'
[4.191s] --   Found uuid, version 2.37.2
[4.266s] -- Found UUID: TRUE  
[4.272s] -- Looking for ignition-msgs5 -- found version 5.8.1
[4.273s] -- Searching for dependencies of ignition-msgs5
[4.276s] -- Looking for ignition-math6 -- found version 6.14.0
[4.284s] -- Checking for module 'tinyxml2'
[4.320s] --   Found tinyxml2, version 9.0.0
[4.364s] -- Looking for ignition-msgs5 -- found version 5.8.1
[4.369s] -- Looking for ignition-common3 -- found version 3.14.0
[4.370s] -- Searching for dependencies of ignition-common3
[4.371s] -- Looking for dlfcn.h - found
[4.373s] -- Looking for libdl - found
[4.375s] -- Found DL: TRUE  
[4.393s] -- Found tinyobjloader: /usr/lib/x86_64-linux-gnu/cmake/tinyobjloader/tinyobjloader-config.cmake (found version "2.0.0") 
[4.394s] -- Searching for <ignition-common3> component [graphics]
[4.400s] -- Looking for ignition-common3-graphics -- found version 3.14.0
[4.400s] -- Searching for dependencies of ignition-common3-graphics
[4.401s] -- Looking for ignition-math6 -- found version 6.14.0
[4.407s] -- Looking for ignition-fuel_tools4 -- found version 4.4.0
[4.408s] -- Searching for dependencies of ignition-fuel_tools4
[4.524s] -- Found CURL: /usr/lib/x86_64-linux-gnu/libcurl.so (found version "7.81.0")  
[4.538s] -- Checking for module 'jsoncpp'
[4.561s] --   Found jsoncpp, version 1.9.5
[4.641s] -- Found JSONCPP: TRUE  
[4.649s] -- Checking for module 'libzip'
[4.669s] --   Found libzip, version 1.7.3
[4.831s] -- Found ZIP: TRUE  
[4.832s] -- Looking for ignition-common3 -- found version 3.14.0
[4.832s] -- Looking for ignition-math6 -- found version 6.14.0
[4.833s] -- Looking for ignition-msgs5 -- found version 5.8.1
[4.865s] -- Found ament_lint_auto: 0.12.5 (/opt/ros/humble/share/ament_lint_auto/cmake)
[5.136s] -- Added test 'copyright' to check source files copyright and LICENSE
[5.140s] -- Added test 'flake8' to check Python code syntax and style conventions
[5.150s] -- Added test 'lint_cmake' to check CMake code style
[5.151s] -- Added test 'pep257' to check Python code against some of the docstring style conventions in PEP 257
[5.154s] -- Added test 'xmllint' to check XML markup files
[5.169s] -- Configuring done
[5.189s] -- Generating done
[5.197s] -- Build files have been written to: /home/swarmmaster/thesis_ws/build/box_bot_gazebo
[5.221s] Invoked command in '/home/swarmmaster/thesis_ws/build/box_bot_gazebo' returned '0': CMAKE_PREFIX_PATH=${CMAKE_PREFIX_PATH}:/home/swarmmaster/thesis_ws/install/linorobot2_description:/home/swarmmaster/ros2_ws/install/my_robot_controller:/opt/ros/humble /usr/bin/cmake /home/swarmmaster/thesis_ws/src/box_bot/box_bot_gazebo -DAMENT_CMAKE_SYMLINK_INSTALL=1 -DCMAKE_INSTALL_PREFIX=/home/swarmmaster/thesis_ws/install/box_bot_gazebo
[5.224s] Invoking command in '/home/swarmmaster/thesis_ws/build/box_bot_gazebo': CMAKE_PREFIX_PATH=${CMAKE_PREFIX_PATH}:/home/swarmmaster/thesis_ws/install/linorobot2_description:/home/swarmmaster/ros2_ws/install/my_robot_controller:/opt/ros/humble /usr/bin/cmake --build /home/swarmmaster/thesis_ws/build/box_bot_gazebo -- -j4 -l4
[5.291s] Invoked command in '/home/swarmmaster/thesis_ws/build/box_bot_gazebo' returned '0': CMAKE_PREFIX_PATH=${CMAKE_PREFIX_PATH}:/home/swarmmaster/thesis_ws/install/linorobot2_description:/home/swarmmaster/ros2_ws/install/my_robot_controller:/opt/ros/humble /usr/bin/cmake --build /home/swarmmaster/thesis_ws/build/box_bot_gazebo -- -j4 -l4
[5.331s] Invoking command in '/home/swarmmaster/thesis_ws/build/box_bot_gazebo': CMAKE_PREFIX_PATH=${CMAKE_PREFIX_PATH}:/home/swarmmaster/thesis_ws/install/linorobot2_description:/home/swarmmaster/ros2_ws/install/my_robot_controller:/opt/ros/humble /usr/bin/cmake --install /home/swarmmaster/thesis_ws/build/box_bot_gazebo
[5.340s] -- Install configuration: ""
[5.340s] -- Execute custom install script
[5.341s] -- Symlinking: /home/swarmmaster/thesis_ws/install/box_bot_gazebo/share/box_bot_gazebo//launch/.vscode/c_cpp_properties.json
[5.352s] -- Symlinking: /home/swarmmaster/thesis_ws/install/box_bot_gazebo/share/box_bot_gazebo//launch/.vscode/settings.json
[5.363s] -- Symlinking: /home/swarmmaster/thesis_ws/install/box_bot_gazebo/share/box_bot_gazebo//launch/multi_box_bot_launch.py
[5.373s] -- Symlinking: /home/swarmmaster/thesis_ws/install/box_bot_gazebo/share/box_bot_gazebo//launch/start_world_launch.py
[5.384s] -- Symlinking: /home/swarmmaster/thesis_ws/install/box_bot_gazebo/share/box_bot_gazebo//worlds/box_bot_empty.world
[5.395s] -- Symlinking: /home/swarmmaster/thesis_ws/install/box_bot_gazebo/share/ament_index/resource_index/package_run_dependencies/box_bot_gazebo
[5.405s] -- Symlinking: /home/swarmmaster/thesis_ws/install/box_bot_gazebo/share/ament_index/resource_index/parent_prefix_path/box_bot_gazebo
[5.416s] -- Symlinking: /home/swarmmaster/thesis_ws/install/box_bot_gazebo/share/box_bot_gazebo/environment/ament_prefix_path.sh
[5.426s] -- Symlinking: /home/swarmmaster/thesis_ws/install/box_bot_gazebo/share/box_bot_gazebo/environment/ament_prefix_path.dsv
[5.436s] -- Symlinking: /home/swarmmaster/thesis_ws/install/box_bot_gazebo/share/box_bot_gazebo/environment/path.sh
[5.446s] -- Symlinking: /home/swarmmaster/thesis_ws/install/box_bot_gazebo/share/box_bot_gazebo/environment/path.dsv
[5.456s] -- Symlinking: /home/swarmmaster/thesis_ws/install/box_bot_gazebo/share/box_bot_gazebo/local_setup.bash
[5.465s] -- Symlinking: /home/swarmmaster/thesis_ws/install/box_bot_gazebo/share/box_bot_gazebo/local_setup.sh
[5.477s] -- Symlinking: /home/swarmmaster/thesis_ws/install/box_bot_gazebo/share/box_bot_gazebo/local_setup.zsh
[5.487s] -- Symlinking: /home/swarmmaster/thesis_ws/install/box_bot_gazebo/share/box_bot_gazebo/local_setup.dsv
[5.497s] -- Symlinking: /home/swarmmaster/thesis_ws/install/box_bot_gazebo/share/box_bot_gazebo/package.dsv
[5.511s] -- Symlinking: /home/swarmmaster/thesis_ws/install/box_bot_gazebo/share/ament_index/resource_index/packages/box_bot_gazebo
[5.527s] -- Symlinking: /home/swarmmaster/thesis_ws/install/box_bot_gazebo/share/box_bot_gazebo/cmake/box_bot_gazeboConfig.cmake
[5.562s] -- Symlinking: /home/swarmmaster/thesis_ws/install/box_bot_gazebo/share/box_bot_gazebo/cmake/box_bot_gazeboConfig-version.cmake
[5.566s] -- Symlinking: /home/swarmmaster/thesis_ws/install/box_bot_gazebo/share/box_bot_gazebo/package.xml
[5.581s] Invoked command in '/home/swarmmaster/thesis_ws/build/box_bot_gazebo' returned '0': CMAKE_PREFIX_PATH=${CMAKE_PREFIX_PATH}:/home/swarmmaster/thesis_ws/install/linorobot2_description:/home/swarmmaster/ros2_ws/install/my_robot_controller:/opt/ros/humble /usr/bin/cmake --install /home/swarmmaster/thesis_ws/build/box_bot_gazebo
