[0.025s] Invoking command in '/home/swarmmaster/thesis_ws/build/linorobot2_gazebo': CMAKE_PREFIX_PATH=${CMAKE_PREFIX_PATH}:/home/swarmmaster/thesis_ws/install/multi_spawner:/home/swarmmaster/thesis_ws/install/multi_launcher:/home/swarmmaster/ros2_ws/install/my_robot_controller:/opt/ros/humble /usr/bin/cmake /home/swarmmaster/thesis_ws/src/linorobot2/linorobot2_gazebo -DCMAKE_INSTALL_PREFIX=/home/swarmmaster/thesis_ws/install/linorobot2_gazebo
[0.105s] -- The C compiler identification is GNU 11.3.0
[0.183s] -- The CXX compiler identification is GNU 11.3.0
[0.193s] -- Detecting C compiler ABI info
[0.283s] -- Detecting C compiler ABI info - done
[0.293s] -- Check for working C compiler: /usr/bin/cc - skipped
[0.294s] -- Detecting C compile features
[0.294s] -- Detecting C compile features - done
[0.298s] -- Detecting CXX compiler ABI info
[0.423s] -- Detecting CXX compiler ABI info - done
[0.433s] -- Check for working CXX compiler: /usr/bin/c++ - skipped
[0.434s] -- Detecting CXX compile features
[0.434s] -- Detecting CXX compile features - done
[0.441s] -- Found ament_cmake: 1.3.4 (/opt/ros/humble/share/ament_cmake/cmake)
[0.693s] -- Found Python3: /usr/bin/python3.10 (found version "3.10.6") found components: Interpreter 
[0.843s] -- Found rclpy: 3.3.8 (/opt/ros/humble/share/rclpy/cmake)
[1.066s] -- Configuring done
[1.080s] -- Generating done
[1.082s] -- Build files have been written to: /home/swarmmaster/thesis_ws/build/linorobot2_gazebo
[1.108s] Invoked command in '/home/swarmmaster/thesis_ws/build/linorobot2_gazebo' returned '0': CMAKE_PREFIX_PATH=${CMAKE_PREFIX_PATH}:/home/swarmmaster/thesis_ws/install/multi_spawner:/home/swarmmaster/thesis_ws/install/multi_launcher:/home/swarmmaster/ros2_ws/install/my_robot_controller:/opt/ros/humble /usr/bin/cmake /home/swarmmaster/thesis_ws/src/linorobot2/linorobot2_gazebo -DCMAKE_INSTALL_PREFIX=/home/swarmmaster/thesis_ws/install/linorobot2_gazebo
[1.109s] Invoking command in '/home/swarmmaster/thesis_ws/build/linorobot2_gazebo': CMAKE_PREFIX_PATH=${CMAKE_PREFIX_PATH}:/home/swarmmaster/thesis_ws/install/multi_spawner:/home/swarmmaster/thesis_ws/install/multi_launcher:/home/swarmmaster/ros2_ws/install/my_robot_controller:/opt/ros/humble /usr/bin/cmake --build /home/swarmmaster/thesis_ws/build/linorobot2_gazebo -- -j4 -l4
[1.178s] Built target ament_cmake_python_copy_scripts
[1.496s] running egg_info
[1.497s] creating scripts.egg-info
[1.497s] writing scripts.egg-info/PKG-INFO
[1.497s] writing dependency_links to scripts.egg-info/dependency_links.txt
[1.497s] writing top-level names to scripts.egg-info/top_level.txt
[1.498s] writing manifest file 'scripts.egg-info/SOURCES.txt'
[1.500s] reading manifest file 'scripts.egg-info/SOURCES.txt'
[1.501s] writing manifest file 'scripts.egg-info/SOURCES.txt'
[1.533s] Built target ament_cmake_python_build_scripts_egg
[1.546s] Invoked command in '/home/swarmmaster/thesis_ws/build/linorobot2_gazebo' returned '0': CMAKE_PREFIX_PATH=${CMAKE_PREFIX_PATH}:/home/swarmmaster/thesis_ws/install/multi_spawner:/home/swarmmaster/thesis_ws/install/multi_launcher:/home/swarmmaster/ros2_ws/install/my_robot_controller:/opt/ros/humble /usr/bin/cmake --build /home/swarmmaster/thesis_ws/build/linorobot2_gazebo -- -j4 -l4
[1.577s] Invoking command in '/home/swarmmaster/thesis_ws/build/linorobot2_gazebo': CMAKE_PREFIX_PATH=${CMAKE_PREFIX_PATH}:/home/swarmmaster/thesis_ws/install/multi_spawner:/home/swarmmaster/thesis_ws/install/multi_launcher:/home/swarmmaster/ros2_ws/install/my_robot_controller:/opt/ros/humble /usr/bin/cmake --install /home/swarmmaster/thesis_ws/build/linorobot2_gazebo
[1.588s] -- Install configuration: ""
[1.588s] -- Installing: /home/swarmmaster/thesis_ws/install/linorobot2_gazebo/share/linorobot2_gazebo/environment/pythonpath.sh
[1.588s] -- Installing: /home/swarmmaster/thesis_ws/install/linorobot2_gazebo/share/linorobot2_gazebo/environment/pythonpath.dsv
[1.589s] -- Installing: /home/swarmmaster/thesis_ws/install/linorobot2_gazebo/local/lib/python3.10/dist-packages/scripts-0.0.0-py3.10.egg-info
[1.589s] -- Installing: /home/swarmmaster/thesis_ws/install/linorobot2_gazebo/local/lib/python3.10/dist-packages/scripts-0.0.0-py3.10.egg-info/SOURCES.txt
[1.589s] -- Installing: /home/swarmmaster/thesis_ws/install/linorobot2_gazebo/local/lib/python3.10/dist-packages/scripts-0.0.0-py3.10.egg-info/dependency_links.txt
[1.589s] -- Installing: /home/swarmmaster/thesis_ws/install/linorobot2_gazebo/local/lib/python3.10/dist-packages/scripts-0.0.0-py3.10.egg-info/top_level.txt
[1.590s] -- Installing: /home/swarmmaster/thesis_ws/install/linorobot2_gazebo/local/lib/python3.10/dist-packages/scripts-0.0.0-py3.10.egg-info/PKG-INFO
[1.590s] -- Installing: /home/swarmmaster/thesis_ws/install/linorobot2_gazebo/local/lib/python3.10/dist-packages/scripts
[1.590s] -- Installing: /home/swarmmaster/thesis_ws/install/linorobot2_gazebo/local/lib/python3.10/dist-packages/scripts/__init__.py
[1.590s] -- Installing: /home/swarmmaster/thesis_ws/install/linorobot2_gazebo/local/lib/python3.10/dist-packages/scripts/command_timeout.py
[1.632s] Listing '/home/swarmmaster/thesis_ws/install/linorobot2_gazebo/local/lib/python3.10/dist-packages/scripts'...
[1.635s] Compiling '/home/swarmmaster/thesis_ws/install/linorobot2_gazebo/local/lib/python3.10/dist-packages/scripts/__init__.py'...
[1.635s] Compiling '/home/swarmmaster/thesis_ws/install/linorobot2_gazebo/local/lib/python3.10/dist-packages/scripts/command_timeout.py'...
[1.638s] -- Installing: /home/swarmmaster/thesis_ws/install/linorobot2_gazebo/share/linorobot2_gazebo/launch
[1.638s] -- Installing: /home/swarmmaster/thesis_ws/install/linorobot2_gazebo/share/linorobot2_gazebo/launch/gazebo.launch.py
[1.639s] -- Installing: /home/swarmmaster/thesis_ws/install/linorobot2_gazebo/share/linorobot2_gazebo/rviz
[1.639s] -- Installing: /home/swarmmaster/thesis_ws/install/linorobot2_gazebo/share/linorobot2_gazebo/rviz/view_urdf.rviz
[1.639s] -- Installing: /home/swarmmaster/thesis_ws/install/linorobot2_gazebo/share/linorobot2_gazebo/worlds
[1.639s] -- Installing: /home/swarmmaster/thesis_ws/install/linorobot2_gazebo/share/linorobot2_gazebo/worlds/u_shape.world
[1.639s] -- Installing: /home/swarmmaster/thesis_ws/install/linorobot2_gazebo/share/linorobot2_gazebo/worlds/linorobot2_empty.world
[1.639s] -- Installing: /home/swarmmaster/thesis_ws/install/linorobot2_gazebo/share/linorobot2_gazebo/worlds/gas_station.world
[1.639s] -- Installing: /home/swarmmaster/thesis_ws/install/linorobot2_gazebo/share/linorobot2_gazebo/worlds/playground.world
[1.640s] -- Installing: /home/swarmmaster/thesis_ws/install/linorobot2_gazebo/lib/linorobot2_gazebo/command_timeout.py
[1.640s] -- Installing: /home/swarmmaster/thesis_ws/install/linorobot2_gazebo/share/ament_index/resource_index/package_run_dependencies/linorobot2_gazebo
[1.640s] -- Installing: /home/swarmmaster/thesis_ws/install/linorobot2_gazebo/share/ament_index/resource_index/parent_prefix_path/linorobot2_gazebo
[1.641s] -- Installing: /home/swarmmaster/thesis_ws/install/linorobot2_gazebo/share/linorobot2_gazebo/environment/ament_prefix_path.sh
[1.641s] -- Installing: /home/swarmmaster/thesis_ws/install/linorobot2_gazebo/share/linorobot2_gazebo/environment/ament_prefix_path.dsv
[1.641s] -- Installing: /home/swarmmaster/thesis_ws/install/linorobot2_gazebo/share/linorobot2_gazebo/environment/path.sh
[1.641s] -- Installing: /home/swarmmaster/thesis_ws/install/linorobot2_gazebo/share/linorobot2_gazebo/environment/path.dsv
[1.641s] -- Installing: /home/swarmmaster/thesis_ws/install/linorobot2_gazebo/share/linorobot2_gazebo/local_setup.bash
[1.642s] -- Installing: /home/swarmmaster/thesis_ws/install/linorobot2_gazebo/share/linorobot2_gazebo/local_setup.sh
[1.642s] -- Installing: /home/swarmmaster/thesis_ws/install/linorobot2_gazebo/share/linorobot2_gazebo/local_setup.zsh
[1.642s] -- Installing: /home/swarmmaster/thesis_ws/install/linorobot2_gazebo/share/linorobot2_gazebo/local_setup.dsv
[1.642s] -- Installing: /home/swarmmaster/thesis_ws/install/linorobot2_gazebo/share/linorobot2_gazebo/package.dsv
[1.643s] -- Installing: /home/swarmmaster/thesis_ws/install/linorobot2_gazebo/share/ament_index/resource_index/packages/linorobot2_gazebo
[1.643s] -- Installing: /home/swarmmaster/thesis_ws/install/linorobot2_gazebo/share/linorobot2_gazebo/cmake/linorobot2_gazeboConfig.cmake
[1.643s] -- Installing: /home/swarmmaster/thesis_ws/install/linorobot2_gazebo/share/linorobot2_gazebo/cmake/linorobot2_gazeboConfig-version.cmake
[1.643s] -- Installing: /home/swarmmaster/thesis_ws/install/linorobot2_gazebo/share/linorobot2_gazebo/package.xml
[1.648s] Invoked command in '/home/swarmmaster/thesis_ws/build/linorobot2_gazebo' returned '0': CMAKE_PREFIX_PATH=${CMAKE_PREFIX_PATH}:/home/swarmmaster/thesis_ws/install/multi_spawner:/home/swarmmaster/thesis_ws/install/multi_launcher:/home/swarmmaster/ros2_ws/install/my_robot_controller:/opt/ros/humble /usr/bin/cmake --install /home/swarmmaster/thesis_ws/build/linorobot2_gazebo
